[1.215s] Invoking command in '/home/asere/NASA-FSI-Arm/arm_ws/src/FINAL_description': PYTHONPATH=/home/asere/NASA-FSI-Arm/arm_ws/build/FINAL_description/prefix_override:/usr/lib/python3/dist-packages/colcon_core/task/python/colcon_distutils_commands:/home/asere/NASA-FSI-Arm/arm_ws/install/FINAL_description/lib/python3.10/site-packages:${PYTHONPATH} /usr/bin/python3 -W ignore:setup.py install is deprecated setup.py egg_info --egg-base ../../build/FINAL_description build --build-base /home/asere/NASA-FSI-Arm/arm_ws/build/FINAL_description/build install --record /home/asere/NASA-FSI-Arm/arm_ws/build/FINAL_description/install.log --install-scripts $base/lib/FINAL_description --single-version-externally-managed install_data
[1.679s] running egg_info
[1.680s] writing ../../build/FINAL_description/FINAL_description.egg-info/PKG-INFO
[1.680s] writing dependency_links to ../../build/FINAL_description/FINAL_description.egg-info/dependency_links.txt
[1.681s] writing entry points to ../../build/FINAL_description/FINAL_description.egg-info/entry_points.txt
[1.681s] writing requirements to ../../build/FINAL_description/FINAL_description.egg-info/requires.txt
[1.682s] writing top-level names to ../../build/FINAL_description/FINAL_description.egg-info/top_level.txt
[1.692s] reading manifest file '../../build/FINAL_description/FINAL_description.egg-info/SOURCES.txt'
[1.694s] writing manifest file '../../build/FINAL_description/FINAL_description.egg-info/SOURCES.txt'
[1.695s] running build
[1.695s] running build_py
[1.695s] running install
[1.696s] running install_lib
[1.699s] running install_data
[1.700s] copying urdf/FINAL.xacro -> /home/asere/NASA-FSI-Arm/arm_ws/install/FINAL_description/share/FINAL_description/urdf
[1.701s] running install_egg_info
[1.704s] removing '/home/asere/NASA-FSI-Arm/arm_ws/install/FINAL_description/lib/python3.10/site-packages/FINAL_description-0.0.0-py3.10.egg-info' (and everything under it)
[1.706s] Copying ../../build/FINAL_description/FINAL_description.egg-info to /home/asere/NASA-FSI-Arm/arm_ws/install/FINAL_description/lib/python3.10/site-packages/FINAL_description-0.0.0-py3.10.egg-info
[1.708s] running install_scripts
[1.742s] writing list of installed files to '/home/asere/NASA-FSI-Arm/arm_ws/build/FINAL_description/install.log'
[1.786s] Invoked command in '/home/asere/NASA-FSI-Arm/arm_ws/src/FINAL_description' returned '0': PYTHONPATH=/home/asere/NASA-FSI-Arm/arm_ws/build/FINAL_description/prefix_override:/usr/lib/python3/dist-packages/colcon_core/task/python/colcon_distutils_commands:/home/asere/NASA-FSI-Arm/arm_ws/install/FINAL_description/lib/python3.10/site-packages:${PYTHONPATH} /usr/bin/python3 -W ignore:setup.py install is deprecated setup.py egg_info --egg-base ../../build/FINAL_description build --build-base /home/asere/NASA-FSI-Arm/arm_ws/build/FINAL_description/build install --record /home/asere/NASA-FSI-Arm/arm_ws/build/FINAL_description/install.log --install-scripts $base/lib/FINAL_description --single-version-externally-managed install_data
