[0.517s] Invoking command in '/home/drippydel/ros2_ws/src/FINAL_description': PYTHONPATH=/home/drippydel/ros2_ws/build/FINAL_description/prefix_override:/usr/lib/python3/dist-packages/colcon_core/task/python/colcon_distutils_commands:/home/drippydel/ros2_ws/install/FINAL_description/lib/python3.10/site-packages:${PYTHONPATH} /usr/bin/python3 -W ignore:setup.py install is deprecated setup.py egg_info --egg-base ../../build/FINAL_description build --build-base /home/drippydel/ros2_ws/build/FINAL_description/build install --record /home/drippydel/ros2_ws/build/FINAL_description/install.log --install-scripts $base/lib/FINAL_description --single-version-externally-managed install_data
[0.666s] /usr/lib/python3/dist-packages/setuptools/dist.py:723: UserWarning: Usage of dash-separated 'script-dir' will not be supported in future versions. Please use the underscore name 'script_dir' instead
[0.666s]   warnings.warn(
[0.672s] running egg_info
[0.672s] writing ../../build/FINAL_description/FINAL_description.egg-info/PKG-INFO
[0.672s] writing dependency_links to ../../build/FINAL_description/FINAL_description.egg-info/dependency_links.txt
[0.672s] writing entry points to ../../build/FINAL_description/FINAL_description.egg-info/entry_points.txt
[0.673s] writing requirements to ../../build/FINAL_description/FINAL_description.egg-info/requires.txt
[0.673s] writing top-level names to ../../build/FINAL_description/FINAL_description.egg-info/top_level.txt
[0.675s] reading manifest file '../../build/FINAL_description/FINAL_description.egg-info/SOURCES.txt'
[0.676s] writing manifest file '../../build/FINAL_description/FINAL_description.egg-info/SOURCES.txt'
[0.676s] running build
[0.676s] running build_py
[0.677s] running install
[0.677s] running install_lib
[0.678s] running install_data
[0.680s] running install_egg_info
[0.681s] removing '/home/drippydel/ros2_ws/install/FINAL_description/lib/python3.10/site-packages/FINAL_description-0.0.0-py3.10.egg-info' (and everything under it)
[0.681s] Copying ../../build/FINAL_description/FINAL_description.egg-info to /home/drippydel/ros2_ws/install/FINAL_description/lib/python3.10/site-packages/FINAL_description-0.0.0-py3.10.egg-info
[0.682s] running install_scripts
[0.695s] writing list of installed files to '/home/drippydel/ros2_ws/build/FINAL_description/install.log'
[0.709s] Invoked command in '/home/drippydel/ros2_ws/src/FINAL_description' returned '0': PYTHONPATH=/home/drippydel/ros2_ws/build/FINAL_description/prefix_override:/usr/lib/python3/dist-packages/colcon_core/task/python/colcon_distutils_commands:/home/drippydel/ros2_ws/install/FINAL_description/lib/python3.10/site-packages:${PYTHONPATH} /usr/bin/python3 -W ignore:setup.py install is deprecated setup.py egg_info --egg-base ../../build/FINAL_description build --build-base /home/drippydel/ros2_ws/build/FINAL_description/build install --record /home/drippydel/ros2_ws/build/FINAL_description/install.log --install-scripts $base/lib/FINAL_description --single-version-externally-managed install_data
