[0.096s] DEBUG:colcon:Command line arguments: ['/usr/bin/colcon', 'build']
[0.096s] DEBUG:colcon:Parsed command line arguments: Namespace(log_base=None, log_level=None, verb_name='build', build_base='build', install_base='install', merge_install=False, symlink_install=False, test_result_base=None, continue_on_error=False, executor='parallel', parallel_workers=8, event_handlers=None, ignore_user_meta=False, metas=['./colcon.meta'], base_paths=['.'], packages_ignore=None, packages_ignore_regex=None, paths=None, packages_up_to=None, packages_up_to_regex=None, packages_above=None, packages_above_and_dependencies=None, packages_above_depth=None, packages_select_by_dep=None, packages_skip_by_dep=None, packages_skip_up_to=None, packages_select_build_failed=False, packages_skip_build_finished=False, packages_select_test_failures=False, packages_skip_test_passed=False, packages_select=None, packages_skip=None, packages_select_regex=None, packages_skip_regex=None, packages_start=None, packages_end=None, allow_overriding=[], cmake_args=None, cmake_target=None, cmake_target_skip_unavailable=False, cmake_clean_cache=False, cmake_clean_first=False, cmake_force_configure=False, ament_cmake_args=None, catkin_cmake_args=None, catkin_skip_building_tests=False, mixin_files=None, mixin=None, verb_parser=<colcon_mixin.mixin.mixin_argument.MixinArgumentDecorator object at 0x7b4a7d22f940>, verb_extension=<colcon_core.verb.build.BuildVerb object at 0x7b4a7d3708e0>, main=<bound method BuildVerb.main of <colcon_core.verb.build.BuildVerb object at 0x7b4a7d3708e0>>, mixin_verb=('build',))
[0.252s] Level 1:colcon.colcon_core.package_discovery:discover_packages(colcon_meta) check parameters
[0.252s] Level 1:colcon.colcon_core.package_discovery:discover_packages(recursive) check parameters
[0.252s] Level 1:colcon.colcon_core.package_discovery:discover_packages(ignore) check parameters
[0.253s] Level 1:colcon.colcon_core.package_discovery:discover_packages(path) check parameters
[0.253s] Level 1:colcon.colcon_core.package_discovery:discover_packages(colcon_meta) discover
[0.253s] Level 1:colcon.colcon_core.package_discovery:discover_packages(recursive) discover
[0.253s] INFO:colcon.colcon_core.package_discovery:Crawling recursively for packages in '/home/asere/NASA-FSI-Arm/arm_ws'
[0.253s] Level 1:colcon.colcon_core.package_identification:_identify(.) by extensions ['ignore', 'ignore_ament_install']
[0.253s] Level 1:colcon.colcon_core.package_identification:_identify(.) by extension 'ignore'
[0.253s] Level 1:colcon.colcon_core.package_identification:_identify(.) by extension 'ignore_ament_install'
[0.253s] Level 1:colcon.colcon_core.package_identification:_identify(.) by extensions ['colcon_pkg']
[0.253s] Level 1:colcon.colcon_core.package_identification:_identify(.) by extension 'colcon_pkg'
[0.253s] Level 1:colcon.colcon_core.package_identification:_identify(.) by extensions ['colcon_meta']
[0.253s] Level 1:colcon.colcon_core.package_identification:_identify(.) by extension 'colcon_meta'
[0.253s] Level 1:colcon.colcon_core.package_identification:_identify(.) by extensions ['ros']
[0.253s] Level 1:colcon.colcon_core.package_identification:_identify(.) by extension 'ros'
[0.262s] Level 1:colcon.colcon_core.package_identification:_identify(.) by extensions ['cmake', 'python']
[0.262s] Level 1:colcon.colcon_core.package_identification:_identify(.) by extension 'cmake'
[0.262s] Level 1:colcon.colcon_core.package_identification:_identify(.) by extension 'python'
[0.262s] Level 1:colcon.colcon_core.package_identification:_identify(.) by extensions ['python_setup_py']
[0.262s] Level 1:colcon.colcon_core.package_identification:_identify(.) by extension 'python_setup_py'
[0.262s] Level 1:colcon.colcon_core.package_identification:_identify(build) by extensions ['ignore', 'ignore_ament_install']
[0.262s] Level 1:colcon.colcon_core.package_identification:_identify(build) by extension 'ignore'
[0.262s] Level 1:colcon.colcon_core.package_identification:_identify(build) ignored
[0.262s] Level 1:colcon.colcon_core.package_identification:_identify(install) by extensions ['ignore', 'ignore_ament_install']
[0.262s] Level 1:colcon.colcon_core.package_identification:_identify(install) by extension 'ignore'
[0.262s] Level 1:colcon.colcon_core.package_identification:_identify(install) ignored
[0.262s] Level 1:colcon.colcon_core.package_identification:_identify(log) by extensions ['ignore', 'ignore_ament_install']
[0.263s] Level 1:colcon.colcon_core.package_identification:_identify(log) by extension 'ignore'
[0.263s] Level 1:colcon.colcon_core.package_identification:_identify(log) ignored
[0.263s] Level 1:colcon.colcon_core.package_identification:_identify(src) by extensions ['ignore', 'ignore_ament_install']
[0.263s] Level 1:colcon.colcon_core.package_identification:_identify(src) by extension 'ignore'
[0.263s] Level 1:colcon.colcon_core.package_identification:_identify(src) by extension 'ignore_ament_install'
[0.263s] Level 1:colcon.colcon_core.package_identification:_identify(src) by extensions ['colcon_pkg']
[0.263s] Level 1:colcon.colcon_core.package_identification:_identify(src) by extension 'colcon_pkg'
[0.263s] Level 1:colcon.colcon_core.package_identification:_identify(src) by extensions ['colcon_meta']
[0.263s] Level 1:colcon.colcon_core.package_identification:_identify(src) by extension 'colcon_meta'
[0.263s] Level 1:colcon.colcon_core.package_identification:_identify(src) by extensions ['ros']
[0.263s] Level 1:colcon.colcon_core.package_identification:_identify(src) by extension 'ros'
[0.263s] Level 1:colcon.colcon_core.package_identification:_identify(src) by extensions ['cmake', 'python']
[0.263s] Level 1:colcon.colcon_core.package_identification:_identify(src) by extension 'cmake'
[0.263s] Level 1:colcon.colcon_core.package_identification:_identify(src) by extension 'python'
[0.263s] Level 1:colcon.colcon_core.package_identification:_identify(src) by extensions ['python_setup_py']
[0.263s] Level 1:colcon.colcon_core.package_identification:_identify(src) by extension 'python_setup_py'
[0.263s] Level 1:colcon.colcon_core.package_identification:_identify(src/FINAL_description) by extensions ['ignore', 'ignore_ament_install']
[0.263s] Level 1:colcon.colcon_core.package_identification:_identify(src/FINAL_description) by extension 'ignore'
[0.263s] Level 1:colcon.colcon_core.package_identification:_identify(src/FINAL_description) by extension 'ignore_ament_install'
[0.263s] Level 1:colcon.colcon_core.package_identification:_identify(src/FINAL_description) by extensions ['colcon_pkg']
[0.263s] Level 1:colcon.colcon_core.package_identification:_identify(src/FINAL_description) by extension 'colcon_pkg'
[0.263s] Level 1:colcon.colcon_core.package_identification:_identify(src/FINAL_description) by extensions ['colcon_meta']
[0.263s] Level 1:colcon.colcon_core.package_identification:_identify(src/FINAL_description) by extension 'colcon_meta'
[0.263s] Level 1:colcon.colcon_core.package_identification:_identify(src/FINAL_description) by extensions ['ros']
[0.263s] Level 1:colcon.colcon_core.package_identification:_identify(src/FINAL_description) by extension 'ros'
[0.266s] DEBUG:colcon.colcon_core.package_identification:Package 'src/FINAL_description' with type 'ros.ament_python' and name 'FINAL_description'
[0.266s] Level 1:colcon.colcon_core.package_identification:_identify(src/FINAL_moveit) by extensions ['ignore', 'ignore_ament_install']
[0.266s] Level 1:colcon.colcon_core.package_identification:_identify(src/FINAL_moveit) by extension 'ignore'
[0.266s] Level 1:colcon.colcon_core.package_identification:_identify(src/FINAL_moveit) by extension 'ignore_ament_install'
[0.266s] Level 1:colcon.colcon_core.package_identification:_identify(src/FINAL_moveit) by extensions ['colcon_pkg']
[0.266s] Level 1:colcon.colcon_core.package_identification:_identify(src/FINAL_moveit) by extension 'colcon_pkg'
[0.266s] Level 1:colcon.colcon_core.package_identification:_identify(src/FINAL_moveit) by extensions ['colcon_meta']
[0.266s] Level 1:colcon.colcon_core.package_identification:_identify(src/FINAL_moveit) by extension 'colcon_meta'
[0.266s] Level 1:colcon.colcon_core.package_identification:_identify(src/FINAL_moveit) by extensions ['ros']
[0.266s] Level 1:colcon.colcon_core.package_identification:_identify(src/FINAL_moveit) by extension 'ros'
[0.267s] DEBUG:colcon.colcon_core.package_identification:Package 'src/FINAL_moveit' with type 'ros.ament_cmake' and name 'FINAL_moveit'
[0.267s] Level 1:colcon.colcon_core.package_identification:_identify(src/moveit_me) by extensions ['ignore', 'ignore_ament_install']
[0.267s] Level 1:colcon.colcon_core.package_identification:_identify(src/moveit_me) by extension 'ignore'
[0.267s] Level 1:colcon.colcon_core.package_identification:_identify(src/moveit_me) by extension 'ignore_ament_install'
[0.267s] Level 1:colcon.colcon_core.package_identification:_identify(src/moveit_me) by extensions ['colcon_pkg']
[0.267s] Level 1:colcon.colcon_core.package_identification:_identify(src/moveit_me) by extension 'colcon_pkg'
[0.267s] Level 1:colcon.colcon_core.package_identification:_identify(src/moveit_me) by extensions ['colcon_meta']
[0.267s] Level 1:colcon.colcon_core.package_identification:_identify(src/moveit_me) by extension 'colcon_meta'
[0.267s] Level 1:colcon.colcon_core.package_identification:_identify(src/moveit_me) by extensions ['ros']
[0.267s] Level 1:colcon.colcon_core.package_identification:_identify(src/moveit_me) by extension 'ros'
[0.268s] DEBUG:colcon.colcon_core.package_identification:Package 'src/moveit_me' with type 'ros.ament_cmake' and name 'moveit_me'
[0.268s] Level 1:colcon.colcon_core.package_discovery:discover_packages(recursive) using defaults
[0.268s] Level 1:colcon.colcon_core.package_discovery:discover_packages(ignore) discover
[0.268s] Level 1:colcon.colcon_core.package_discovery:discover_packages(ignore) using defaults
[0.268s] Level 1:colcon.colcon_core.package_discovery:discover_packages(path) discover
[0.268s] Level 1:colcon.colcon_core.package_discovery:discover_packages(path) using defaults
[0.297s] Level 1:colcon.colcon_core.package_discovery:discover_packages(prefix_path) check parameters
[0.297s] Level 1:colcon.colcon_core.package_discovery:discover_packages(prefix_path) discover
[0.299s] DEBUG:colcon.colcon_installed_package_information.package_discovery:Found 1 installed packages in /home/asere/NASA-FSI-Arm/arm_ws/install
[0.300s] DEBUG:colcon.colcon_installed_package_information.package_discovery:Found 7 installed packages in /home/asere/ros2_ws/install
[0.301s] DEBUG:colcon.colcon_installed_package_information.package_discovery:Found 336 installed packages in /opt/ros/humble
[0.302s] Level 1:colcon.colcon_core.package_discovery:discover_packages(prefix_path) using defaults
[0.339s] Level 5:colcon.colcon_core.verb:set package 'FINAL_description' build argument 'cmake_args' from command line to 'None'
[0.339s] Level 5:colcon.colcon_core.verb:set package 'FINAL_description' build argument 'cmake_target' from command line to 'None'
[0.339s] Level 5:colcon.colcon_core.verb:set package 'FINAL_description' build argument 'cmake_target_skip_unavailable' from command line to 'False'
[0.339s] Level 5:colcon.colcon_core.verb:set package 'FINAL_description' build argument 'cmake_clean_cache' from command line to 'False'
[0.339s] Level 5:colcon.colcon_core.verb:set package 'FINAL_description' build argument 'cmake_clean_first' from command line to 'False'
[0.339s] Level 5:colcon.colcon_core.verb:set package 'FINAL_description' build argument 'cmake_force_configure' from command line to 'False'
[0.339s] Level 5:colcon.colcon_core.verb:set package 'FINAL_description' build argument 'ament_cmake_args' from command line to 'None'
[0.339s] Level 5:colcon.colcon_core.verb:set package 'FINAL_description' build argument 'catkin_cmake_args' from command line to 'None'
[0.339s] Level 5:colcon.colcon_core.verb:set package 'FINAL_description' build argument 'catkin_skip_building_tests' from command line to 'False'
[0.339s] DEBUG:colcon.colcon_core.verb:Building package 'FINAL_description' with the following arguments: {'ament_cmake_args': None, 'build_base': '/home/asere/NASA-FSI-Arm/arm_ws/build/FINAL_description', 'catkin_cmake_args': None, 'catkin_skip_building_tests': False, 'cmake_args': None, 'cmake_clean_cache': False, 'cmake_clean_first': False, 'cmake_force_configure': False, 'cmake_target': None, 'cmake_target_skip_unavailable': False, 'install_base': '/home/asere/NASA-FSI-Arm/arm_ws/install/FINAL_description', 'merge_install': False, 'path': '/home/asere/NASA-FSI-Arm/arm_ws/src/FINAL_description', 'symlink_install': False, 'test_result_base': None}
[0.339s] Level 5:colcon.colcon_core.verb:set package 'FINAL_moveit' build argument 'cmake_args' from command line to 'None'
[0.339s] Level 5:colcon.colcon_core.verb:set package 'FINAL_moveit' build argument 'cmake_target' from command line to 'None'
[0.339s] Level 5:colcon.colcon_core.verb:set package 'FINAL_moveit' build argument 'cmake_target_skip_unavailable' from command line to 'False'
[0.339s] Level 5:colcon.colcon_core.verb:set package 'FINAL_moveit' build argument 'cmake_clean_cache' from command line to 'False'
[0.340s] Level 5:colcon.colcon_core.verb:set package 'FINAL_moveit' build argument 'cmake_clean_first' from command line to 'False'
[0.340s] Level 5:colcon.colcon_core.verb:set package 'FINAL_moveit' build argument 'cmake_force_configure' from command line to 'False'
[0.340s] Level 5:colcon.colcon_core.verb:set package 'FINAL_moveit' build argument 'ament_cmake_args' from command line to 'None'
[0.340s] Level 5:colcon.colcon_core.verb:set package 'FINAL_moveit' build argument 'catkin_cmake_args' from command line to 'None'
[0.340s] Level 5:colcon.colcon_core.verb:set package 'FINAL_moveit' build argument 'catkin_skip_building_tests' from command line to 'False'
[0.340s] DEBUG:colcon.colcon_core.verb:Building package 'FINAL_moveit' with the following arguments: {'ament_cmake_args': None, 'build_base': '/home/asere/NASA-FSI-Arm/arm_ws/build/FINAL_moveit', 'catkin_cmake_args': None, 'catkin_skip_building_tests': False, 'cmake_args': None, 'cmake_clean_cache': False, 'cmake_clean_first': False, 'cmake_force_configure': False, 'cmake_target': None, 'cmake_target_skip_unavailable': False, 'install_base': '/home/asere/NASA-FSI-Arm/arm_ws/install/FINAL_moveit', 'merge_install': False, 'path': '/home/asere/NASA-FSI-Arm/arm_ws/src/FINAL_moveit', 'symlink_install': False, 'test_result_base': None}
[0.340s] Level 5:colcon.colcon_core.verb:set package 'moveit_me' build argument 'cmake_args' from command line to 'None'
[0.340s] Level 5:colcon.colcon_core.verb:set package 'moveit_me' build argument 'cmake_target' from command line to 'None'
[0.340s] Level 5:colcon.colcon_core.verb:set package 'moveit_me' build argument 'cmake_target_skip_unavailable' from command line to 'False'
[0.340s] Level 5:colcon.colcon_core.verb:set package 'moveit_me' build argument 'cmake_clean_cache' from command line to 'False'
[0.340s] Level 5:colcon.colcon_core.verb:set package 'moveit_me' build argument 'cmake_clean_first' from command line to 'False'
[0.340s] Level 5:colcon.colcon_core.verb:set package 'moveit_me' build argument 'cmake_force_configure' from command line to 'False'
[0.340s] Level 5:colcon.colcon_core.verb:set package 'moveit_me' build argument 'ament_cmake_args' from command line to 'None'
[0.340s] Level 5:colcon.colcon_core.verb:set package 'moveit_me' build argument 'catkin_cmake_args' from command line to 'None'
[0.340s] Level 5:colcon.colcon_core.verb:set package 'moveit_me' build argument 'catkin_skip_building_tests' from command line to 'False'
[0.340s] DEBUG:colcon.colcon_core.verb:Building package 'moveit_me' with the following arguments: {'ament_cmake_args': None, 'build_base': '/home/asere/NASA-FSI-Arm/arm_ws/build/moveit_me', 'catkin_cmake_args': None, 'catkin_skip_building_tests': False, 'cmake_args': None, 'cmake_clean_cache': False, 'cmake_clean_first': False, 'cmake_force_configure': False, 'cmake_target': None, 'cmake_target_skip_unavailable': False, 'install_base': '/home/asere/NASA-FSI-Arm/arm_ws/install/moveit_me', 'merge_install': False, 'path': '/home/asere/NASA-FSI-Arm/arm_ws/src/moveit_me', 'symlink_install': False, 'test_result_base': None}
[0.340s] INFO:colcon.colcon_core.executor:Executing jobs using 'parallel' executor
[0.341s] DEBUG:colcon.colcon_parallel_executor.executor.parallel:run_until_complete
[0.341s] INFO:colcon.colcon_ros.task.ament_python.build:Building ROS package in '/home/asere/NASA-FSI-Arm/arm_ws/src/FINAL_description' with build type 'ament_python'
[0.342s] Level 1:colcon.colcon_core.shell:create_environment_hook('FINAL_description', 'ament_prefix_path')
[0.344s] INFO:colcon.colcon_core.plugin_system:Skipping extension 'colcon_core.shell.bat': Not used on non-Windows systems
[0.344s] INFO:colcon.colcon_core.shell:Creating environment hook '/home/asere/NASA-FSI-Arm/arm_ws/install/FINAL_description/share/FINAL_description/hook/ament_prefix_path.ps1'
[0.345s] INFO:colcon.colcon_core.shell:Creating environment descriptor '/home/asere/NASA-FSI-Arm/arm_ws/install/FINAL_description/share/FINAL_description/hook/ament_prefix_path.dsv'
[0.345s] INFO:colcon.colcon_core.shell:Creating environment hook '/home/asere/NASA-FSI-Arm/arm_ws/install/FINAL_description/share/FINAL_description/hook/ament_prefix_path.sh'
[0.346s] INFO:colcon.colcon_core.shell:Skip shell extension 'powershell' for command environment: Not usable outside of PowerShell
[0.346s] DEBUG:colcon.colcon_core.shell:Skip shell extension 'dsv' for command environment
[0.606s] INFO:colcon.colcon_core.task.python.build:Building Python package in '/home/asere/NASA-FSI-Arm/arm_ws/src/FINAL_description'
[0.607s] INFO:colcon.colcon_core.shell:Skip shell extension 'powershell' for command environment: Not usable outside of PowerShell
[0.607s] DEBUG:colcon.colcon_core.shell:Skip shell extension 'dsv' for command environment
[0.948s] DEBUG:colcon.colcon_core.event_handler.log_command:Invoking command in '/home/asere/NASA-FSI-Arm/arm_ws/src/FINAL_description': PYTHONPATH=/home/asere/NASA-FSI-Arm/arm_ws/build/FINAL_description/prefix_override:/usr/lib/python3/dist-packages/colcon_core/task/python/colcon_distutils_commands:/home/asere/NASA-FSI-Arm/arm_ws/install/FINAL_description/lib/python3.10/site-packages:${PYTHONPATH} /usr/bin/python3 -W ignore:setup.py install is deprecated -W ignore:easy_install command is deprecated setup.py egg_info --egg-base ../../build/FINAL_description build --build-base /home/asere/NASA-FSI-Arm/arm_ws/build/FINAL_description/build install --record /home/asere/NASA-FSI-Arm/arm_ws/build/FINAL_description/install.log --install-scripts $base/lib/FINAL_description --single-version-externally-managed install_data
[1.224s] DEBUG:colcon.colcon_core.event_handler.log_command:Invoked command in '/home/asere/NASA-FSI-Arm/arm_ws/src/FINAL_description' returned '0': PYTHONPATH=/home/asere/NASA-FSI-Arm/arm_ws/build/FINAL_description/prefix_override:/usr/lib/python3/dist-packages/colcon_core/task/python/colcon_distutils_commands:/home/asere/NASA-FSI-Arm/arm_ws/install/FINAL_description/lib/python3.10/site-packages:${PYTHONPATH} /usr/bin/python3 -W ignore:setup.py install is deprecated -W ignore:easy_install command is deprecated setup.py egg_info --egg-base ../../build/FINAL_description build --build-base /home/asere/NASA-FSI-Arm/arm_ws/build/FINAL_description/build install --record /home/asere/NASA-FSI-Arm/arm_ws/build/FINAL_description/install.log --install-scripts $base/lib/FINAL_description --single-version-externally-managed install_data
[1.226s] Level 1:colcon.colcon_core.environment:checking '/home/asere/NASA-FSI-Arm/arm_ws/install/FINAL_description' for CMake module files
[1.227s] Level 1:colcon.colcon_core.environment:checking '/home/asere/NASA-FSI-Arm/arm_ws/install/FINAL_description' for CMake config files
[1.227s] Level 1:colcon.colcon_core.environment:checking '/home/asere/NASA-FSI-Arm/arm_ws/install/FINAL_description/lib'
[1.227s] Level 1:colcon.colcon_core.environment:checking '/home/asere/NASA-FSI-Arm/arm_ws/install/FINAL_description/bin'
[1.228s] Level 1:colcon.colcon_core.environment:checking '/home/asere/NASA-FSI-Arm/arm_ws/install/FINAL_description/lib/pkgconfig/FINAL_description.pc'
[1.228s] Level 1:colcon.colcon_core.environment:checking '/home/asere/NASA-FSI-Arm/arm_ws/install/FINAL_description/lib/python3.10/site-packages'
[1.228s] Level 1:colcon.colcon_core.shell:create_environment_hook('FINAL_description', 'pythonpath')
[1.228s] INFO:colcon.colcon_core.shell:Creating environment hook '/home/asere/NASA-FSI-Arm/arm_ws/install/FINAL_description/share/FINAL_description/hook/pythonpath.ps1'
[1.229s] INFO:colcon.colcon_core.shell:Creating environment descriptor '/home/asere/NASA-FSI-Arm/arm_ws/install/FINAL_description/share/FINAL_description/hook/pythonpath.dsv'
[1.229s] INFO:colcon.colcon_core.shell:Creating environment hook '/home/asere/NASA-FSI-Arm/arm_ws/install/FINAL_description/share/FINAL_description/hook/pythonpath.sh'
[1.230s] Level 1:colcon.colcon_core.environment:checking '/home/asere/NASA-FSI-Arm/arm_ws/install/FINAL_description/bin'
[1.230s] Level 1:colcon.colcon_core.environment:create_environment_scripts_only(FINAL_description)
[1.230s] INFO:colcon.colcon_core.shell:Creating package script '/home/asere/NASA-FSI-Arm/arm_ws/install/FINAL_description/share/FINAL_description/package.ps1'
[1.231s] INFO:colcon.colcon_core.shell:Creating package descriptor '/home/asere/NASA-FSI-Arm/arm_ws/install/FINAL_description/share/FINAL_description/package.dsv'
[1.231s] INFO:colcon.colcon_core.shell:Creating package script '/home/asere/NASA-FSI-Arm/arm_ws/install/FINAL_description/share/FINAL_description/package.sh'
[1.232s] INFO:colcon.colcon_core.shell:Creating package script '/home/asere/NASA-FSI-Arm/arm_ws/install/FINAL_description/share/FINAL_description/package.bash'
[1.233s] INFO:colcon.colcon_core.shell:Creating package script '/home/asere/NASA-FSI-Arm/arm_ws/install/FINAL_description/share/FINAL_description/package.zsh'
[1.233s] Level 1:colcon.colcon_core.environment:create_file_with_runtime_dependencies(/home/asere/NASA-FSI-Arm/arm_ws/install/FINAL_description/share/colcon-core/packages/FINAL_description)
[1.234s] INFO:colcon.colcon_ros.task.ament_cmake.build:Building ROS package in '/home/asere/NASA-FSI-Arm/arm_ws/src/FINAL_moveit' with build type 'ament_cmake'
[1.234s] INFO:colcon.colcon_cmake.task.cmake.build:Building CMake package in '/home/asere/NASA-FSI-Arm/arm_ws/src/FINAL_moveit'
[1.234s] INFO:colcon.colcon_core.shell:Skip shell extension 'powershell' for command environment: Not usable outside of PowerShell
[1.234s] DEBUG:colcon.colcon_core.shell:Skip shell extension 'dsv' for command environment
[1.239s] INFO:colcon.colcon_ros.task.ament_cmake.build:Building ROS package in '/home/asere/NASA-FSI-Arm/arm_ws/src/moveit_me' with build type 'ament_cmake'
[1.239s] INFO:colcon.colcon_cmake.task.cmake.build:Building CMake package in '/home/asere/NASA-FSI-Arm/arm_ws/src/moveit_me'
[1.239s] INFO:colcon.colcon_core.shell:Skip shell extension 'powershell' for command environment: Not usable outside of PowerShell
[1.239s] DEBUG:colcon.colcon_core.shell:Skip shell extension 'dsv' for command environment
[1.247s] DEBUG:colcon.colcon_core.event_handler.log_command:Invoking command in '/home/asere/NASA-FSI-Arm/arm_ws/build/FINAL_moveit': CMAKE_PREFIX_PATH=${CMAKE_PREFIX_PATH}:/home/asere/NASA-FSI-Arm/arm_ws/install/FINAL_description:/home/asere/ros2_ws/install/my_py_pkg:/home/asere/ros2_ws/install/actions_py:/home/asere/ros2_ws/install/lifecycle_py:/opt/ros/humble /usr/bin/cmake --build /home/asere/NASA-FSI-Arm/arm_ws/build/FINAL_moveit -- -j8 -l8
[1.251s] DEBUG:colcon.colcon_core.event_handler.log_command:Invoking command in '/home/asere/NASA-FSI-Arm/arm_ws/build/moveit_me': CMAKE_PREFIX_PATH=${CMAKE_PREFIX_PATH}:/home/asere/NASA-FSI-Arm/arm_ws/install/FINAL_description:/home/asere/ros2_ws/install/my_py_pkg:/home/asere/ros2_ws/install/actions_py:/home/asere/ros2_ws/install/lifecycle_py:/opt/ros/humble /usr/bin/cmake /home/asere/NASA-FSI-Arm/arm_ws/src/moveit_me -DCMAKE_INSTALL_PREFIX=/home/asere/NASA-FSI-Arm/arm_ws/install/moveit_me
[1.293s] DEBUG:colcon.colcon_core.event_handler.log_command:Invoked command in '/home/asere/NASA-FSI-Arm/arm_ws/build/FINAL_moveit' returned '0': CMAKE_PREFIX_PATH=${CMAKE_PREFIX_PATH}:/home/asere/NASA-FSI-Arm/arm_ws/install/FINAL_description:/home/asere/ros2_ws/install/my_py_pkg:/home/asere/ros2_ws/install/actions_py:/home/asere/ros2_ws/install/lifecycle_py:/opt/ros/humble /usr/bin/cmake --build /home/asere/NASA-FSI-Arm/arm_ws/build/FINAL_moveit -- -j8 -l8
[1.305s] DEBUG:colcon.colcon_core.event_handler.log_command:Invoking command in '/home/asere/NASA-FSI-Arm/arm_ws/build/FINAL_moveit': CMAKE_PREFIX_PATH=${CMAKE_PREFIX_PATH}:/home/asere/NASA-FSI-Arm/arm_ws/install/FINAL_description:/home/asere/ros2_ws/install/my_py_pkg:/home/asere/ros2_ws/install/actions_py:/home/asere/ros2_ws/install/lifecycle_py:/opt/ros/humble /usr/bin/cmake --install /home/asere/NASA-FSI-Arm/arm_ws/build/FINAL_moveit
[1.322s] Level 1:colcon.colcon_core.environment:create_environment_scripts_only(FINAL_moveit)
[1.323s] Level 1:colcon.colcon_core.environment:checking '/home/asere/NASA-FSI-Arm/arm_ws/install/FINAL_moveit' for CMake module files
[1.323s] DEBUG:colcon.colcon_core.event_handler.log_command:Invoked command in '/home/asere/NASA-FSI-Arm/arm_ws/build/FINAL_moveit' returned '0': CMAKE_PREFIX_PATH=${CMAKE_PREFIX_PATH}:/home/asere/NASA-FSI-Arm/arm_ws/install/FINAL_description:/home/asere/ros2_ws/install/my_py_pkg:/home/asere/ros2_ws/install/actions_py:/home/asere/ros2_ws/install/lifecycle_py:/opt/ros/humble /usr/bin/cmake --install /home/asere/NASA-FSI-Arm/arm_ws/build/FINAL_moveit
[1.324s] Level 1:colcon.colcon_core.environment:checking '/home/asere/NASA-FSI-Arm/arm_ws/install/FINAL_moveit' for CMake config files
[1.324s] Level 1:colcon.colcon_core.shell:create_environment_hook('FINAL_moveit', 'cmake_prefix_path')
[1.324s] INFO:colcon.colcon_core.shell:Creating environment hook '/home/asere/NASA-FSI-Arm/arm_ws/install/FINAL_moveit/share/FINAL_moveit/hook/cmake_prefix_path.ps1'
[1.325s] INFO:colcon.colcon_core.shell:Creating environment descriptor '/home/asere/NASA-FSI-Arm/arm_ws/install/FINAL_moveit/share/FINAL_moveit/hook/cmake_prefix_path.dsv'
[1.325s] INFO:colcon.colcon_core.shell:Creating environment hook '/home/asere/NASA-FSI-Arm/arm_ws/install/FINAL_moveit/share/FINAL_moveit/hook/cmake_prefix_path.sh'
[1.325s] Level 1:colcon.colcon_core.environment:checking '/home/asere/NASA-FSI-Arm/arm_ws/install/FINAL_moveit/bin'
[1.325s] Level 1:colcon.colcon_core.environment:checking '/home/asere/NASA-FSI-Arm/arm_ws/install/FINAL_moveit/lib/pkgconfig/FINAL_moveit.pc'
[1.326s] Level 1:colcon.colcon_core.environment:checking '/home/asere/NASA-FSI-Arm/arm_ws/install/FINAL_moveit/lib/python3.10/site-packages'
[1.326s] Level 1:colcon.colcon_core.environment:checking '/home/asere/NASA-FSI-Arm/arm_ws/install/FINAL_moveit/bin'
[1.326s] INFO:colcon.colcon_core.shell:Creating package script '/home/asere/NASA-FSI-Arm/arm_ws/install/FINAL_moveit/share/FINAL_moveit/package.ps1'
[1.326s] INFO:colcon.colcon_core.shell:Creating package descriptor '/home/asere/NASA-FSI-Arm/arm_ws/install/FINAL_moveit/share/FINAL_moveit/package.dsv'
[1.327s] INFO:colcon.colcon_core.shell:Creating package script '/home/asere/NASA-FSI-Arm/arm_ws/install/FINAL_moveit/share/FINAL_moveit/package.sh'
[1.327s] INFO:colcon.colcon_core.shell:Creating package script '/home/asere/NASA-FSI-Arm/arm_ws/install/FINAL_moveit/share/FINAL_moveit/package.bash'
[1.327s] INFO:colcon.colcon_core.shell:Creating package script '/home/asere/NASA-FSI-Arm/arm_ws/install/FINAL_moveit/share/FINAL_moveit/package.zsh'
[1.328s] Level 1:colcon.colcon_core.environment:create_file_with_runtime_dependencies(/home/asere/NASA-FSI-Arm/arm_ws/install/FINAL_moveit/share/colcon-core/packages/FINAL_moveit)
[1.328s] Level 1:colcon.colcon_core.environment:create_environment_scripts_only(FINAL_moveit)
[1.328s] Level 1:colcon.colcon_core.environment:checking '/home/asere/NASA-FSI-Arm/arm_ws/install/FINAL_moveit' for CMake module files
[1.329s] Level 1:colcon.colcon_core.environment:checking '/home/asere/NASA-FSI-Arm/arm_ws/install/FINAL_moveit' for CMake config files
[1.329s] Level 1:colcon.colcon_core.shell:create_environment_hook('FINAL_moveit', 'cmake_prefix_path')
[1.329s] INFO:colcon.colcon_core.shell:Creating environment hook '/home/asere/NASA-FSI-Arm/arm_ws/install/FINAL_moveit/share/FINAL_moveit/hook/cmake_prefix_path.ps1'
[1.330s] INFO:colcon.colcon_core.shell:Creating environment descriptor '/home/asere/NASA-FSI-Arm/arm_ws/install/FINAL_moveit/share/FINAL_moveit/hook/cmake_prefix_path.dsv'
[1.330s] INFO:colcon.colcon_core.shell:Creating environment hook '/home/asere/NASA-FSI-Arm/arm_ws/install/FINAL_moveit/share/FINAL_moveit/hook/cmake_prefix_path.sh'
[1.331s] Level 1:colcon.colcon_core.environment:checking '/home/asere/NASA-FSI-Arm/arm_ws/install/FINAL_moveit/bin'
[1.331s] Level 1:colcon.colcon_core.environment:checking '/home/asere/NASA-FSI-Arm/arm_ws/install/FINAL_moveit/lib/pkgconfig/FINAL_moveit.pc'
[1.331s] Level 1:colcon.colcon_core.environment:checking '/home/asere/NASA-FSI-Arm/arm_ws/install/FINAL_moveit/lib/python3.10/site-packages'
[1.331s] Level 1:colcon.colcon_core.environment:checking '/home/asere/NASA-FSI-Arm/arm_ws/install/FINAL_moveit/bin'
[1.331s] INFO:colcon.colcon_core.shell:Creating package script '/home/asere/NASA-FSI-Arm/arm_ws/install/FINAL_moveit/share/FINAL_moveit/package.ps1'
[1.332s] INFO:colcon.colcon_core.shell:Creating package descriptor '/home/asere/NASA-FSI-Arm/arm_ws/install/FINAL_moveit/share/FINAL_moveit/package.dsv'
[1.332s] INFO:colcon.colcon_core.shell:Creating package script '/home/asere/NASA-FSI-Arm/arm_ws/install/FINAL_moveit/share/FINAL_moveit/package.sh'
[1.333s] INFO:colcon.colcon_core.shell:Creating package script '/home/asere/NASA-FSI-Arm/arm_ws/install/FINAL_moveit/share/FINAL_moveit/package.bash'
[1.333s] INFO:colcon.colcon_core.shell:Creating package script '/home/asere/NASA-FSI-Arm/arm_ws/install/FINAL_moveit/share/FINAL_moveit/package.zsh'
[1.334s] Level 1:colcon.colcon_core.environment:create_file_with_runtime_dependencies(/home/asere/NASA-FSI-Arm/arm_ws/install/FINAL_moveit/share/colcon-core/packages/FINAL_moveit)
[1.452s] DEBUG:colcon.colcon_core.event_handler.log_command:Invoked command in '/home/asere/NASA-FSI-Arm/arm_ws/build/moveit_me' returned '0': CMAKE_PREFIX_PATH=${CMAKE_PREFIX_PATH}:/home/asere/NASA-FSI-Arm/arm_ws/install/FINAL_description:/home/asere/ros2_ws/install/my_py_pkg:/home/asere/ros2_ws/install/actions_py:/home/asere/ros2_ws/install/lifecycle_py:/opt/ros/humble /usr/bin/cmake /home/asere/NASA-FSI-Arm/arm_ws/src/moveit_me -DCMAKE_INSTALL_PREFIX=/home/asere/NASA-FSI-Arm/arm_ws/install/moveit_me
[1.454s] DEBUG:colcon.colcon_core.event_handler.log_command:Invoking command in '/home/asere/NASA-FSI-Arm/arm_ws/build/moveit_me': CMAKE_PREFIX_PATH=${CMAKE_PREFIX_PATH}:/home/asere/NASA-FSI-Arm/arm_ws/install/FINAL_description:/home/asere/ros2_ws/install/my_py_pkg:/home/asere/ros2_ws/install/actions_py:/home/asere/ros2_ws/install/lifecycle_py:/opt/ros/humble /usr/bin/cmake --build /home/asere/NASA-FSI-Arm/arm_ws/build/moveit_me -- -j8 -l8
[1.497s] DEBUG:colcon.colcon_core.event_handler.log_command:Invoked command in '/home/asere/NASA-FSI-Arm/arm_ws/build/moveit_me' returned '0': CMAKE_PREFIX_PATH=${CMAKE_PREFIX_PATH}:/home/asere/NASA-FSI-Arm/arm_ws/install/FINAL_description:/home/asere/ros2_ws/install/my_py_pkg:/home/asere/ros2_ws/install/actions_py:/home/asere/ros2_ws/install/lifecycle_py:/opt/ros/humble /usr/bin/cmake --build /home/asere/NASA-FSI-Arm/arm_ws/build/moveit_me -- -j8 -l8
[1.500s] DEBUG:colcon.colcon_core.event_handler.log_command:Invoking command in '/home/asere/NASA-FSI-Arm/arm_ws/build/moveit_me': CMAKE_PREFIX_PATH=${CMAKE_PREFIX_PATH}:/home/asere/NASA-FSI-Arm/arm_ws/install/FINAL_description:/home/asere/ros2_ws/install/my_py_pkg:/home/asere/ros2_ws/install/actions_py:/home/asere/ros2_ws/install/lifecycle_py:/opt/ros/humble /usr/bin/cmake --install /home/asere/NASA-FSI-Arm/arm_ws/build/moveit_me
[1.516s] Level 1:colcon.colcon_core.environment:create_environment_scripts_only(moveit_me)
[1.516s] Level 1:colcon.colcon_core.environment:checking '/home/asere/NASA-FSI-Arm/arm_ws/install/moveit_me' for CMake module files
[1.517s] DEBUG:colcon.colcon_core.event_handler.log_command:Invoked command in '/home/asere/NASA-FSI-Arm/arm_ws/build/moveit_me' returned '0': CMAKE_PREFIX_PATH=${CMAKE_PREFIX_PATH}:/home/asere/NASA-FSI-Arm/arm_ws/install/FINAL_description:/home/asere/ros2_ws/install/my_py_pkg:/home/asere/ros2_ws/install/actions_py:/home/asere/ros2_ws/install/lifecycle_py:/opt/ros/humble /usr/bin/cmake --install /home/asere/NASA-FSI-Arm/arm_ws/build/moveit_me
[1.517s] Level 1:colcon.colcon_core.environment:checking '/home/asere/NASA-FSI-Arm/arm_ws/install/moveit_me' for CMake config files
[1.517s] Level 1:colcon.colcon_core.shell:create_environment_hook('moveit_me', 'cmake_prefix_path')
[1.517s] INFO:colcon.colcon_core.shell:Creating environment hook '/home/asere/NASA-FSI-Arm/arm_ws/install/moveit_me/share/moveit_me/hook/cmake_prefix_path.ps1'
[1.518s] INFO:colcon.colcon_core.shell:Creating environment descriptor '/home/asere/NASA-FSI-Arm/arm_ws/install/moveit_me/share/moveit_me/hook/cmake_prefix_path.dsv'
[1.518s] INFO:colcon.colcon_core.shell:Creating environment hook '/home/asere/NASA-FSI-Arm/arm_ws/install/moveit_me/share/moveit_me/hook/cmake_prefix_path.sh'
[1.518s] Level 1:colcon.colcon_core.environment:checking '/home/asere/NASA-FSI-Arm/arm_ws/install/moveit_me/bin'
[1.519s] Level 1:colcon.colcon_core.environment:checking '/home/asere/NASA-FSI-Arm/arm_ws/install/moveit_me/lib/pkgconfig/moveit_me.pc'
[1.519s] Level 1:colcon.colcon_core.environment:checking '/home/asere/NASA-FSI-Arm/arm_ws/install/moveit_me/lib/python3.10/site-packages'
[1.519s] Level 1:colcon.colcon_core.environment:checking '/home/asere/NASA-FSI-Arm/arm_ws/install/moveit_me/bin'
[1.519s] INFO:colcon.colcon_core.shell:Creating package script '/home/asere/NASA-FSI-Arm/arm_ws/install/moveit_me/share/moveit_me/package.ps1'
[1.519s] INFO:colcon.colcon_core.shell:Creating package descriptor '/home/asere/NASA-FSI-Arm/arm_ws/install/moveit_me/share/moveit_me/package.dsv'
[1.520s] INFO:colcon.colcon_core.shell:Creating package script '/home/asere/NASA-FSI-Arm/arm_ws/install/moveit_me/share/moveit_me/package.sh'
[1.520s] INFO:colcon.colcon_core.shell:Creating package script '/home/asere/NASA-FSI-Arm/arm_ws/install/moveit_me/share/moveit_me/package.bash'
[1.521s] INFO:colcon.colcon_core.shell:Creating package script '/home/asere/NASA-FSI-Arm/arm_ws/install/moveit_me/share/moveit_me/package.zsh'
[1.521s] Level 1:colcon.colcon_core.environment:create_file_with_runtime_dependencies(/home/asere/NASA-FSI-Arm/arm_ws/install/moveit_me/share/colcon-core/packages/moveit_me)
[1.521s] Level 1:colcon.colcon_core.environment:create_environment_scripts_only(moveit_me)
[1.522s] Level 1:colcon.colcon_core.environment:checking '/home/asere/NASA-FSI-Arm/arm_ws/install/moveit_me' for CMake module files
[1.522s] Level 1:colcon.colcon_core.environment:checking '/home/asere/NASA-FSI-Arm/arm_ws/install/moveit_me' for CMake config files
[1.522s] Level 1:colcon.colcon_core.shell:create_environment_hook('moveit_me', 'cmake_prefix_path')
[1.522s] INFO:colcon.colcon_core.shell:Creating environment hook '/home/asere/NASA-FSI-Arm/arm_ws/install/moveit_me/share/moveit_me/hook/cmake_prefix_path.ps1'
[1.523s] INFO:colcon.colcon_core.shell:Creating environment descriptor '/home/asere/NASA-FSI-Arm/arm_ws/install/moveit_me/share/moveit_me/hook/cmake_prefix_path.dsv'
[1.523s] INFO:colcon.colcon_core.shell:Creating environment hook '/home/asere/NASA-FSI-Arm/arm_ws/install/moveit_me/share/moveit_me/hook/cmake_prefix_path.sh'
[1.524s] Level 1:colcon.colcon_core.environment:checking '/home/asere/NASA-FSI-Arm/arm_ws/install/moveit_me/bin'
[1.524s] Level 1:colcon.colcon_core.environment:checking '/home/asere/NASA-FSI-Arm/arm_ws/install/moveit_me/lib/pkgconfig/moveit_me.pc'
[1.524s] Level 1:colcon.colcon_core.environment:checking '/home/asere/NASA-FSI-Arm/arm_ws/install/moveit_me/lib/python3.10/site-packages'
[1.524s] Level 1:colcon.colcon_core.environment:checking '/home/asere/NASA-FSI-Arm/arm_ws/install/moveit_me/bin'
[1.524s] INFO:colcon.colcon_core.shell:Creating package script '/home/asere/NASA-FSI-Arm/arm_ws/install/moveit_me/share/moveit_me/package.ps1'
[1.525s] INFO:colcon.colcon_core.shell:Creating package descriptor '/home/asere/NASA-FSI-Arm/arm_ws/install/moveit_me/share/moveit_me/package.dsv'
[1.525s] INFO:colcon.colcon_core.shell:Creating package script '/home/asere/NASA-FSI-Arm/arm_ws/install/moveit_me/share/moveit_me/package.sh'
[1.526s] INFO:colcon.colcon_core.shell:Creating package script '/home/asere/NASA-FSI-Arm/arm_ws/install/moveit_me/share/moveit_me/package.bash'
[1.526s] INFO:colcon.colcon_core.shell:Creating package script '/home/asere/NASA-FSI-Arm/arm_ws/install/moveit_me/share/moveit_me/package.zsh'
[1.527s] Level 1:colcon.colcon_core.environment:create_file_with_runtime_dependencies(/home/asere/NASA-FSI-Arm/arm_ws/install/moveit_me/share/colcon-core/packages/moveit_me)
[1.527s] DEBUG:colcon.colcon_parallel_executor.executor.parallel:closing loop
[1.528s] DEBUG:colcon.colcon_parallel_executor.executor.parallel:loop closed
[1.528s] DEBUG:colcon.colcon_parallel_executor.executor.parallel:run_until_complete finished with '0'
[1.528s] DEBUG:colcon.colcon_core.event_reactor:joining thread
[1.534s] INFO:colcon.colcon_core.plugin_system:Skipping extension 'colcon_notification.desktop_notification.terminal_notifier': Not used on non-Darwin systems
[1.534s] INFO:colcon.colcon_core.plugin_system:Skipping extension 'colcon_notification.desktop_notification.win32': Not used on non-Windows systems
[1.534s] INFO:colcon.colcon_notification.desktop_notification:Sending desktop notification using 'notify2'
[1.547s] DEBUG:colcon.colcon_core.event_reactor:joined thread
[1.548s] INFO:colcon.colcon_core.shell:Creating prefix script '/home/asere/NASA-FSI-Arm/arm_ws/install/local_setup.ps1'
[1.549s] INFO:colcon.colcon_core.shell:Creating prefix util module '/home/asere/NASA-FSI-Arm/arm_ws/install/_local_setup_util_ps1.py'
[1.550s] INFO:colcon.colcon_core.shell:Creating prefix chain script '/home/asere/NASA-FSI-Arm/arm_ws/install/setup.ps1'
[1.551s] INFO:colcon.colcon_core.shell:Creating prefix script '/home/asere/NASA-FSI-Arm/arm_ws/install/local_setup.sh'
[1.552s] INFO:colcon.colcon_core.shell:Creating prefix util module '/home/asere/NASA-FSI-Arm/arm_ws/install/_local_setup_util_sh.py'
[1.552s] INFO:colcon.colcon_core.shell:Creating prefix chain script '/home/asere/NASA-FSI-Arm/arm_ws/install/setup.sh'
[1.554s] INFO:colcon.colcon_core.shell:Creating prefix script '/home/asere/NASA-FSI-Arm/arm_ws/install/local_setup.bash'
[1.554s] INFO:colcon.colcon_core.shell:Creating prefix chain script '/home/asere/NASA-FSI-Arm/arm_ws/install/setup.bash'
[1.555s] INFO:colcon.colcon_core.shell:Creating prefix script '/home/asere/NASA-FSI-Arm/arm_ws/install/local_setup.zsh'
[1.556s] INFO:colcon.colcon_core.shell:Creating prefix chain script '/home/asere/NASA-FSI-Arm/arm_ws/install/setup.zsh'
