/usr/lib/python3/dist-packages/setuptools/dist.py:723: UserWarning: Usage of dash-separated 'script-dir' will not be supported in future versions. Please use the underscore name 'script_dir' instead
  warnings.warn(
running egg_info
writing ../../build/FINAL_description/FINAL_description.egg-info/PKG-INFO
writing dependency_links to ../../build/FINAL_description/FINAL_description.egg-info/dependency_links.txt
writing entry points to ../../build/FINAL_description/FINAL_description.egg-info/entry_points.txt
writing requirements to ../../build/FINAL_description/FINAL_description.egg-info/requires.txt
writing top-level names to ../../build/FINAL_description/FINAL_description.egg-info/top_level.txt
reading manifest file '../../build/FINAL_description/FINAL_description.egg-info/SOURCES.txt'
writing manifest file '../../build/FINAL_description/FINAL_description.egg-info/SOURCES.txt'
running build
running build_py
running install
running install_lib
running install_data
copying urdf/FINAL.xacro -> /home/asere/NASA-FSI-Arm/arm_ws/install/FINAL_description/share/FINAL_description/urdf
running install_egg_info
removing '/home/asere/NASA-FSI-Arm/arm_ws/install/FINAL_description/lib/python3.10/site-packages/FINAL_description-0.0.0-py3.10.egg-info' (and everything under it)
Copying ../../build/FINAL_description/FINAL_description.egg-info to /home/asere/NASA-FSI-Arm/arm_ws/install/FINAL_description/lib/python3.10/site-packages/FINAL_description-0.0.0-py3.10.egg-info
running install_scripts
writing list of installed files to '/home/asere/NASA-FSI-Arm/arm_ws/build/FINAL_description/install.log'
