[0.183s] DEBUG:colcon:Command line arguments: ['/usr/bin/colcon', 'build']
[0.183s] DEBUG:colcon:Parsed command line arguments: Namespace(log_base=None, log_level=None, verb_name='build', build_base='build', install_base='install', merge_install=False, symlink_install=False, test_result_base=None, continue_on_error=False, executor='parallel', parallel_workers=8, event_handlers=None, ignore_user_meta=False, metas=['./colcon.meta'], base_paths=['.'], packages_ignore=None, packages_ignore_regex=None, paths=None, packages_up_to=None, packages_up_to_regex=None, packages_above=None, packages_above_and_dependencies=None, packages_above_depth=None, packages_select_by_dep=None, packages_skip_by_dep=None, packages_skip_up_to=None, packages_select_build_failed=False, packages_skip_build_finished=False, packages_select_test_failures=False, packages_skip_test_passed=False, packages_select=None, packages_skip=None, packages_select_regex=None, packages_skip_regex=None, packages_start=None, packages_end=None, allow_overriding=[], cmake_args=None, cmake_target=None, cmake_target_skip_unavailable=False, cmake_clean_cache=False, cmake_clean_first=False, cmake_force_configure=False, ament_cmake_args=None, catkin_cmake_args=None, catkin_skip_building_tests=False, mixin_files=None, mixin=None, verb_parser=<colcon_mixin.mixin.mixin_argument.MixinArgumentDecorator object at 0x7926cdd1bbe0>, verb_extension=<colcon_core.verb.build.BuildVerb object at 0x7926cde60b20>, main=<bound method BuildVerb.main of <colcon_core.verb.build.BuildVerb object at 0x7926cde60b20>>, mixin_verb=('build',))
[0.499s] Level 1:colcon.colcon_core.package_discovery:discover_packages(colcon_meta) check parameters
[0.499s] Level 1:colcon.colcon_core.package_discovery:discover_packages(recursive) check parameters
[0.499s] Level 1:colcon.colcon_core.package_discovery:discover_packages(ignore) check parameters
[0.499s] Level 1:colcon.colcon_core.package_discovery:discover_packages(path) check parameters
[0.499s] Level 1:colcon.colcon_core.package_discovery:discover_packages(colcon_meta) discover
[0.499s] Level 1:colcon.colcon_core.package_discovery:discover_packages(recursive) discover
[0.499s] INFO:colcon.colcon_core.package_discovery:Crawling recursively for packages in '/home/asere/NASA-FSI-Arm/arm_ws'
[0.499s] Level 1:colcon.colcon_core.package_identification:_identify(.) by extensions ['ignore', 'ignore_ament_install']
[0.499s] Level 1:colcon.colcon_core.package_identification:_identify(.) by extension 'ignore'
[0.499s] Level 1:colcon.colcon_core.package_identification:_identify(.) by extension 'ignore_ament_install'
[0.499s] Level 1:colcon.colcon_core.package_identification:_identify(.) by extensions ['colcon_pkg']
[0.499s] Level 1:colcon.colcon_core.package_identification:_identify(.) by extension 'colcon_pkg'
[0.499s] Level 1:colcon.colcon_core.package_identification:_identify(.) by extensions ['colcon_meta']
[0.499s] Level 1:colcon.colcon_core.package_identification:_identify(.) by extension 'colcon_meta'
[0.499s] Level 1:colcon.colcon_core.package_identification:_identify(.) by extensions ['ros']
[0.499s] Level 1:colcon.colcon_core.package_identification:_identify(.) by extension 'ros'
[0.512s] Level 1:colcon.colcon_core.package_identification:_identify(.) by extensions ['cmake', 'python']
[0.512s] Level 1:colcon.colcon_core.package_identification:_identify(.) by extension 'cmake'
[0.512s] Level 1:colcon.colcon_core.package_identification:_identify(.) by extension 'python'
[0.512s] Level 1:colcon.colcon_core.package_identification:_identify(.) by extensions ['python_setup_py']
[0.512s] Level 1:colcon.colcon_core.package_identification:_identify(.) by extension 'python_setup_py'
[0.512s] Level 1:colcon.colcon_core.package_identification:_identify(build) by extensions ['ignore', 'ignore_ament_install']
[0.512s] Level 1:colcon.colcon_core.package_identification:_identify(build) by extension 'ignore'
[0.512s] Level 1:colcon.colcon_core.package_identification:_identify(build) ignored
[0.512s] Level 1:colcon.colcon_core.package_identification:_identify(install) by extensions ['ignore', 'ignore_ament_install']
[0.512s] Level 1:colcon.colcon_core.package_identification:_identify(install) by extension 'ignore'
[0.512s] Level 1:colcon.colcon_core.package_identification:_identify(install) ignored
[0.513s] Level 1:colcon.colcon_core.package_identification:_identify(log) by extensions ['ignore', 'ignore_ament_install']
[0.513s] Level 1:colcon.colcon_core.package_identification:_identify(log) by extension 'ignore'
[0.513s] Level 1:colcon.colcon_core.package_identification:_identify(log) ignored
[0.513s] Level 1:colcon.colcon_core.package_identification:_identify(src) by extensions ['ignore', 'ignore_ament_install']
[0.513s] Level 1:colcon.colcon_core.package_identification:_identify(src) by extension 'ignore'
[0.513s] Level 1:colcon.colcon_core.package_identification:_identify(src) by extension 'ignore_ament_install'
[0.513s] Level 1:colcon.colcon_core.package_identification:_identify(src) by extensions ['colcon_pkg']
[0.513s] Level 1:colcon.colcon_core.package_identification:_identify(src) by extension 'colcon_pkg'
[0.513s] Level 1:colcon.colcon_core.package_identification:_identify(src) by extensions ['colcon_meta']
[0.513s] Level 1:colcon.colcon_core.package_identification:_identify(src) by extension 'colcon_meta'
[0.513s] Level 1:colcon.colcon_core.package_identification:_identify(src) by extensions ['ros']
[0.513s] Level 1:colcon.colcon_core.package_identification:_identify(src) by extension 'ros'
[0.513s] Level 1:colcon.colcon_core.package_identification:_identify(src) by extensions ['cmake', 'python']
[0.513s] Level 1:colcon.colcon_core.package_identification:_identify(src) by extension 'cmake'
[0.513s] Level 1:colcon.colcon_core.package_identification:_identify(src) by extension 'python'
[0.513s] Level 1:colcon.colcon_core.package_identification:_identify(src) by extensions ['python_setup_py']
[0.513s] Level 1:colcon.colcon_core.package_identification:_identify(src) by extension 'python_setup_py'
[0.514s] Level 1:colcon.colcon_core.package_identification:_identify(src/FINAL_description) by extensions ['ignore', 'ignore_ament_install']
[0.514s] Level 1:colcon.colcon_core.package_identification:_identify(src/FINAL_description) by extension 'ignore'
[0.514s] Level 1:colcon.colcon_core.package_identification:_identify(src/FINAL_description) by extension 'ignore_ament_install'
[0.514s] Level 1:colcon.colcon_core.package_identification:_identify(src/FINAL_description) by extensions ['colcon_pkg']
[0.514s] Level 1:colcon.colcon_core.package_identification:_identify(src/FINAL_description) by extension 'colcon_pkg'
[0.514s] Level 1:colcon.colcon_core.package_identification:_identify(src/FINAL_description) by extensions ['colcon_meta']
[0.514s] Level 1:colcon.colcon_core.package_identification:_identify(src/FINAL_description) by extension 'colcon_meta'
[0.514s] Level 1:colcon.colcon_core.package_identification:_identify(src/FINAL_description) by extensions ['ros']
[0.514s] Level 1:colcon.colcon_core.package_identification:_identify(src/FINAL_description) by extension 'ros'
[0.517s] DEBUG:colcon.colcon_core.package_identification:Package 'src/FINAL_description' with type 'ros.ament_python' and name 'FINAL_description'
[0.518s] Level 1:colcon.colcon_core.package_identification:_identify(src/FINAL_moveit) by extensions ['ignore', 'ignore_ament_install']
[0.518s] Level 1:colcon.colcon_core.package_identification:_identify(src/FINAL_moveit) by extension 'ignore'
[0.518s] Level 1:colcon.colcon_core.package_identification:_identify(src/FINAL_moveit) by extension 'ignore_ament_install'
[0.518s] Level 1:colcon.colcon_core.package_identification:_identify(src/FINAL_moveit) by extensions ['colcon_pkg']
[0.518s] Level 1:colcon.colcon_core.package_identification:_identify(src/FINAL_moveit) by extension 'colcon_pkg'
[0.518s] Level 1:colcon.colcon_core.package_identification:_identify(src/FINAL_moveit) by extensions ['colcon_meta']
[0.518s] Level 1:colcon.colcon_core.package_identification:_identify(src/FINAL_moveit) by extension 'colcon_meta'
[0.518s] Level 1:colcon.colcon_core.package_identification:_identify(src/FINAL_moveit) by extensions ['ros']
[0.518s] Level 1:colcon.colcon_core.package_identification:_identify(src/FINAL_moveit) by extension 'ros'
[0.519s] DEBUG:colcon.colcon_core.package_identification:Package 'src/FINAL_moveit' with type 'ros.ament_cmake' and name 'FINAL_moveit'
[0.519s] Level 1:colcon.colcon_core.package_identification:_identify(src/arm_control) by extensions ['ignore', 'ignore_ament_install']
[0.519s] Level 1:colcon.colcon_core.package_identification:_identify(src/arm_control) by extension 'ignore'
[0.519s] Level 1:colcon.colcon_core.package_identification:_identify(src/arm_control) by extension 'ignore_ament_install'
[0.519s] Level 1:colcon.colcon_core.package_identification:_identify(src/arm_control) by extensions ['colcon_pkg']
[0.519s] Level 1:colcon.colcon_core.package_identification:_identify(src/arm_control) by extension 'colcon_pkg'
[0.519s] Level 1:colcon.colcon_core.package_identification:_identify(src/arm_control) by extensions ['colcon_meta']
[0.519s] Level 1:colcon.colcon_core.package_identification:_identify(src/arm_control) by extension 'colcon_meta'
[0.519s] Level 1:colcon.colcon_core.package_identification:_identify(src/arm_control) by extensions ['ros']
[0.519s] Level 1:colcon.colcon_core.package_identification:_identify(src/arm_control) by extension 'ros'
[0.521s] DEBUG:colcon.colcon_core.package_identification:Package 'src/arm_control' with type 'ros.ament_python' and name 'arm_control'
[0.521s] Level 1:colcon.colcon_core.package_identification:_identify(src/moveit_me) by extensions ['ignore', 'ignore_ament_install']
[0.521s] Level 1:colcon.colcon_core.package_identification:_identify(src/moveit_me) by extension 'ignore'
[0.521s] Level 1:colcon.colcon_core.package_identification:_identify(src/moveit_me) by extension 'ignore_ament_install'
[0.521s] Level 1:colcon.colcon_core.package_identification:_identify(src/moveit_me) by extensions ['colcon_pkg']
[0.521s] Level 1:colcon.colcon_core.package_identification:_identify(src/moveit_me) by extension 'colcon_pkg'
[0.521s] Level 1:colcon.colcon_core.package_identification:_identify(src/moveit_me) by extensions ['colcon_meta']
[0.521s] Level 1:colcon.colcon_core.package_identification:_identify(src/moveit_me) by extension 'colcon_meta'
[0.521s] Level 1:colcon.colcon_core.package_identification:_identify(src/moveit_me) by extensions ['ros']
[0.521s] Level 1:colcon.colcon_core.package_identification:_identify(src/moveit_me) by extension 'ros'
[0.522s] DEBUG:colcon.colcon_core.package_identification:Package 'src/moveit_me' with type 'ros.ament_cmake' and name 'moveit_me'
[0.522s] Level 1:colcon.colcon_core.package_discovery:discover_packages(recursive) using defaults
[0.522s] Level 1:colcon.colcon_core.package_discovery:discover_packages(ignore) discover
[0.522s] Level 1:colcon.colcon_core.package_discovery:discover_packages(ignore) using defaults
[0.522s] Level 1:colcon.colcon_core.package_discovery:discover_packages(path) discover
[0.522s] Level 1:colcon.colcon_core.package_discovery:discover_packages(path) using defaults
[0.561s] Level 1:colcon.colcon_core.package_discovery:discover_packages(prefix_path) check parameters
[0.561s] Level 1:colcon.colcon_core.package_discovery:discover_packages(prefix_path) discover
[0.566s] DEBUG:colcon.colcon_installed_package_information.package_discovery:Found 4 installed packages in /home/asere/NASA-FSI-Arm/arm_ws/install
[0.567s] DEBUG:colcon.colcon_installed_package_information.package_discovery:Found 7 installed packages in /home/asere/ros2_ws/install
[0.568s] DEBUG:colcon.colcon_installed_package_information.package_discovery:Found 336 installed packages in /opt/ros/humble
[0.570s] Level 1:colcon.colcon_core.package_discovery:discover_packages(prefix_path) using defaults
[0.612s] Level 5:colcon.colcon_core.verb:set package 'FINAL_description' build argument 'cmake_args' from command line to 'None'
[0.612s] Level 5:colcon.colcon_core.verb:set package 'FINAL_description' build argument 'cmake_target' from command line to 'None'
[0.612s] Level 5:colcon.colcon_core.verb:set package 'FINAL_description' build argument 'cmake_target_skip_unavailable' from command line to 'False'
[0.612s] Level 5:colcon.colcon_core.verb:set package 'FINAL_description' build argument 'cmake_clean_cache' from command line to 'False'
[0.612s] Level 5:colcon.colcon_core.verb:set package 'FINAL_description' build argument 'cmake_clean_first' from command line to 'False'
[0.612s] Level 5:colcon.colcon_core.verb:set package 'FINAL_description' build argument 'cmake_force_configure' from command line to 'False'
[0.612s] Level 5:colcon.colcon_core.verb:set package 'FINAL_description' build argument 'ament_cmake_args' from command line to 'None'
[0.612s] Level 5:colcon.colcon_core.verb:set package 'FINAL_description' build argument 'catkin_cmake_args' from command line to 'None'
[0.612s] Level 5:colcon.colcon_core.verb:set package 'FINAL_description' build argument 'catkin_skip_building_tests' from command line to 'False'
[0.612s] DEBUG:colcon.colcon_core.verb:Building package 'FINAL_description' with the following arguments: {'ament_cmake_args': None, 'build_base': '/home/asere/NASA-FSI-Arm/arm_ws/build/FINAL_description', 'catkin_cmake_args': None, 'catkin_skip_building_tests': False, 'cmake_args': None, 'cmake_clean_cache': False, 'cmake_clean_first': False, 'cmake_force_configure': False, 'cmake_target': None, 'cmake_target_skip_unavailable': False, 'install_base': '/home/asere/NASA-FSI-Arm/arm_ws/install/FINAL_description', 'merge_install': False, 'path': '/home/asere/NASA-FSI-Arm/arm_ws/src/FINAL_description', 'symlink_install': False, 'test_result_base': None}
[0.612s] Level 5:colcon.colcon_core.verb:set package 'arm_control' build argument 'cmake_args' from command line to 'None'
[0.612s] Level 5:colcon.colcon_core.verb:set package 'arm_control' build argument 'cmake_target' from command line to 'None'
[0.612s] Level 5:colcon.colcon_core.verb:set package 'arm_control' build argument 'cmake_target_skip_unavailable' from command line to 'False'
[0.612s] Level 5:colcon.colcon_core.verb:set package 'arm_control' build argument 'cmake_clean_cache' from command line to 'False'
[0.612s] Level 5:colcon.colcon_core.verb:set package 'arm_control' build argument 'cmake_clean_first' from command line to 'False'
[0.612s] Level 5:colcon.colcon_core.verb:set package 'arm_control' build argument 'cmake_force_configure' from command line to 'False'
[0.612s] Level 5:colcon.colcon_core.verb:set package 'arm_control' build argument 'ament_cmake_args' from command line to 'None'
[0.612s] Level 5:colcon.colcon_core.verb:set package 'arm_control' build argument 'catkin_cmake_args' from command line to 'None'
[0.612s] Level 5:colcon.colcon_core.verb:set package 'arm_control' build argument 'catkin_skip_building_tests' from command line to 'False'
[0.612s] DEBUG:colcon.colcon_core.verb:Building package 'arm_control' with the following arguments: {'ament_cmake_args': None, 'build_base': '/home/asere/NASA-FSI-Arm/arm_ws/build/arm_control', 'catkin_cmake_args': None, 'catkin_skip_building_tests': False, 'cmake_args': None, 'cmake_clean_cache': False, 'cmake_clean_first': False, 'cmake_force_configure': False, 'cmake_target': None, 'cmake_target_skip_unavailable': False, 'install_base': '/home/asere/NASA-FSI-Arm/arm_ws/install/arm_control', 'merge_install': False, 'path': '/home/asere/NASA-FSI-Arm/arm_ws/src/arm_control', 'symlink_install': False, 'test_result_base': None}
[0.613s] Level 5:colcon.colcon_core.verb:set package 'FINAL_moveit' build argument 'cmake_args' from command line to 'None'
[0.613s] Level 5:colcon.colcon_core.verb:set package 'FINAL_moveit' build argument 'cmake_target' from command line to 'None'
[0.613s] Level 5:colcon.colcon_core.verb:set package 'FINAL_moveit' build argument 'cmake_target_skip_unavailable' from command line to 'False'
[0.613s] Level 5:colcon.colcon_core.verb:set package 'FINAL_moveit' build argument 'cmake_clean_cache' from command line to 'False'
[0.613s] Level 5:colcon.colcon_core.verb:set package 'FINAL_moveit' build argument 'cmake_clean_first' from command line to 'False'
[0.613s] Level 5:colcon.colcon_core.verb:set package 'FINAL_moveit' build argument 'cmake_force_configure' from command line to 'False'
[0.613s] Level 5:colcon.colcon_core.verb:set package 'FINAL_moveit' build argument 'ament_cmake_args' from command line to 'None'
[0.613s] Level 5:colcon.colcon_core.verb:set package 'FINAL_moveit' build argument 'catkin_cmake_args' from command line to 'None'
[0.613s] Level 5:colcon.colcon_core.verb:set package 'FINAL_moveit' build argument 'catkin_skip_building_tests' from command line to 'False'
[0.613s] DEBUG:colcon.colcon_core.verb:Building package 'FINAL_moveit' with the following arguments: {'ament_cmake_args': None, 'build_base': '/home/asere/NASA-FSI-Arm/arm_ws/build/FINAL_moveit', 'catkin_cmake_args': None, 'catkin_skip_building_tests': False, 'cmake_args': None, 'cmake_clean_cache': False, 'cmake_clean_first': False, 'cmake_force_configure': False, 'cmake_target': None, 'cmake_target_skip_unavailable': False, 'install_base': '/home/asere/NASA-FSI-Arm/arm_ws/install/FINAL_moveit', 'merge_install': False, 'path': '/home/asere/NASA-FSI-Arm/arm_ws/src/FINAL_moveit', 'symlink_install': False, 'test_result_base': None}
[0.613s] Level 5:colcon.colcon_core.verb:set package 'moveit_me' build argument 'cmake_args' from command line to 'None'
[0.613s] Level 5:colcon.colcon_core.verb:set package 'moveit_me' build argument 'cmake_target' from command line to 'None'
[0.613s] Level 5:colcon.colcon_core.verb:set package 'moveit_me' build argument 'cmake_target_skip_unavailable' from command line to 'False'
[0.613s] Level 5:colcon.colcon_core.verb:set package 'moveit_me' build argument 'cmake_clean_cache' from command line to 'False'
[0.613s] Level 5:colcon.colcon_core.verb:set package 'moveit_me' build argument 'cmake_clean_first' from command line to 'False'
[0.613s] Level 5:colcon.colcon_core.verb:set package 'moveit_me' build argument 'cmake_force_configure' from command line to 'False'
[0.613s] Level 5:colcon.colcon_core.verb:set package 'moveit_me' build argument 'ament_cmake_args' from command line to 'None'
[0.613s] Level 5:colcon.colcon_core.verb:set package 'moveit_me' build argument 'catkin_cmake_args' from command line to 'None'
[0.613s] Level 5:colcon.colcon_core.verb:set package 'moveit_me' build argument 'catkin_skip_building_tests' from command line to 'False'
[0.613s] DEBUG:colcon.colcon_core.verb:Building package 'moveit_me' with the following arguments: {'ament_cmake_args': None, 'build_base': '/home/asere/NASA-FSI-Arm/arm_ws/build/moveit_me', 'catkin_cmake_args': None, 'catkin_skip_building_tests': False, 'cmake_args': None, 'cmake_clean_cache': False, 'cmake_clean_first': False, 'cmake_force_configure': False, 'cmake_target': None, 'cmake_target_skip_unavailable': False, 'install_base': '/home/asere/NASA-FSI-Arm/arm_ws/install/moveit_me', 'merge_install': False, 'path': '/home/asere/NASA-FSI-Arm/arm_ws/src/moveit_me', 'symlink_install': False, 'test_result_base': None}
[0.613s] INFO:colcon.colcon_core.executor:Executing jobs using 'parallel' executor
[0.614s] DEBUG:colcon.colcon_parallel_executor.executor.parallel:run_until_complete
[0.615s] INFO:colcon.colcon_ros.task.ament_python.build:Building ROS package in '/home/asere/NASA-FSI-Arm/arm_ws/src/FINAL_description' with build type 'ament_python'
[0.615s] Level 1:colcon.colcon_core.shell:create_environment_hook('FINAL_description', 'ament_prefix_path')
[0.620s] INFO:colcon.colcon_core.plugin_system:Skipping extension 'colcon_core.shell.bat': Not used on non-Windows systems
[0.620s] INFO:colcon.colcon_core.shell:Creating environment hook '/home/asere/NASA-FSI-Arm/arm_ws/install/FINAL_description/share/FINAL_description/hook/ament_prefix_path.ps1'
[0.621s] INFO:colcon.colcon_core.shell:Creating environment descriptor '/home/asere/NASA-FSI-Arm/arm_ws/install/FINAL_description/share/FINAL_description/hook/ament_prefix_path.dsv'
[0.622s] INFO:colcon.colcon_core.shell:Creating environment hook '/home/asere/NASA-FSI-Arm/arm_ws/install/FINAL_description/share/FINAL_description/hook/ament_prefix_path.sh'
[0.622s] INFO:colcon.colcon_core.shell:Skip shell extension 'powershell' for command environment: Not usable outside of PowerShell
[0.623s] DEBUG:colcon.colcon_core.shell:Skip shell extension 'dsv' for command environment
[0.627s] INFO:colcon.colcon_ros.task.ament_python.build:Building ROS package in '/home/asere/NASA-FSI-Arm/arm_ws/src/arm_control' with build type 'ament_python'
[0.627s] Level 1:colcon.colcon_core.shell:create_environment_hook('arm_control', 'ament_prefix_path')
[0.627s] INFO:colcon.colcon_core.shell:Creating environment hook '/home/asere/NASA-FSI-Arm/arm_ws/install/arm_control/share/arm_control/hook/ament_prefix_path.ps1'
[0.628s] INFO:colcon.colcon_core.shell:Creating environment descriptor '/home/asere/NASA-FSI-Arm/arm_ws/install/arm_control/share/arm_control/hook/ament_prefix_path.dsv'
[0.629s] INFO:colcon.colcon_core.shell:Creating environment hook '/home/asere/NASA-FSI-Arm/arm_ws/install/arm_control/share/arm_control/hook/ament_prefix_path.sh'
[0.629s] INFO:colcon.colcon_core.shell:Skip shell extension 'powershell' for command environment: Not usable outside of PowerShell
[0.629s] DEBUG:colcon.colcon_core.shell:Skip shell extension 'dsv' for command environment
[0.887s] INFO:colcon.colcon_core.task.python.build:Building Python package in '/home/asere/NASA-FSI-Arm/arm_ws/src/FINAL_description'
[0.887s] INFO:colcon.colcon_core.shell:Skip shell extension 'powershell' for command environment: Not usable outside of PowerShell
[0.887s] DEBUG:colcon.colcon_core.shell:Skip shell extension 'dsv' for command environment
[1.127s] WARNING:colcon.colcon_ros.task.ament_python.build:Package 'arm_control' doesn't explicitly install a marker in the package index (colcon-ros currently does it implicitly but that fallback will be removed in the future)
[1.128s] WARNING:colcon.colcon_ros.task.ament_python.build:Package 'arm_control' doesn't explicitly install the 'package.xml' file (colcon-ros currently does it implicitly but that fallback will be removed in the future)
[1.128s] INFO:colcon.colcon_core.task.python.build:Building Python package in '/home/asere/NASA-FSI-Arm/arm_ws/src/arm_control'
[1.128s] INFO:colcon.colcon_core.shell:Skip shell extension 'powershell' for command environment: Not usable outside of PowerShell
[1.128s] DEBUG:colcon.colcon_core.shell:Skip shell extension 'dsv' for command environment
[1.654s] DEBUG:colcon.colcon_core.event_handler.log_command:Invoking command in '/home/asere/NASA-FSI-Arm/arm_ws/src/arm_control': PYTHONPATH=/home/asere/NASA-FSI-Arm/arm_ws/build/arm_control/prefix_override:/usr/lib/python3/dist-packages/colcon_core/task/python/colcon_distutils_commands:/home/asere/NASA-FSI-Arm/arm_ws/install/arm_control/lib/python3.10/site-packages:${PYTHONPATH} /usr/bin/python3 -W ignore:setup.py install is deprecated -W ignore:easy_install command is deprecated setup.py egg_info --egg-base ../../build/arm_control build --build-base /home/asere/NASA-FSI-Arm/arm_ws/build/arm_control/build install --record /home/asere/NASA-FSI-Arm/arm_ws/build/arm_control/install.log --single-version-externally-managed
[1.661s] DEBUG:colcon.colcon_core.event_handler.log_command:Invoking command in '/home/asere/NASA-FSI-Arm/arm_ws/src/FINAL_description': PYTHONPATH=/home/asere/NASA-FSI-Arm/arm_ws/build/FINAL_description/prefix_override:/usr/lib/python3/dist-packages/colcon_core/task/python/colcon_distutils_commands:/home/asere/NASA-FSI-Arm/arm_ws/install/FINAL_description/lib/python3.10/site-packages:${PYTHONPATH} /usr/bin/python3 -W ignore:setup.py install is deprecated -W ignore:easy_install command is deprecated setup.py egg_info --egg-base ../../build/FINAL_description build --build-base /home/asere/NASA-FSI-Arm/arm_ws/build/FINAL_description/build install --record /home/asere/NASA-FSI-Arm/arm_ws/build/FINAL_description/install.log --install-scripts $base/lib/FINAL_description --single-version-externally-managed install_data
[1.936s] DEBUG:colcon.colcon_core.event_handler.log_command:Invoked command in '/home/asere/NASA-FSI-Arm/arm_ws/src/arm_control' returned '0': PYTHONPATH=/home/asere/NASA-FSI-Arm/arm_ws/build/arm_control/prefix_override:/usr/lib/python3/dist-packages/colcon_core/task/python/colcon_distutils_commands:/home/asere/NASA-FSI-Arm/arm_ws/install/arm_control/lib/python3.10/site-packages:${PYTHONPATH} /usr/bin/python3 -W ignore:setup.py install is deprecated -W ignore:easy_install command is deprecated setup.py egg_info --egg-base ../../build/arm_control build --build-base /home/asere/NASA-FSI-Arm/arm_ws/build/arm_control/build install --record /home/asere/NASA-FSI-Arm/arm_ws/build/arm_control/install.log --single-version-externally-managed
[1.942s] Level 1:colcon.colcon_core.environment:checking '/home/asere/NASA-FSI-Arm/arm_ws/install/arm_control' for CMake module files
[1.943s] Level 1:colcon.colcon_core.environment:checking '/home/asere/NASA-FSI-Arm/arm_ws/install/arm_control' for CMake config files
[1.944s] Level 1:colcon.colcon_core.environment:checking '/home/asere/NASA-FSI-Arm/arm_ws/install/arm_control/lib'
[1.944s] Level 1:colcon.colcon_core.environment:checking '/home/asere/NASA-FSI-Arm/arm_ws/install/arm_control/bin'
[1.944s] Level 1:colcon.colcon_core.environment:checking '/home/asere/NASA-FSI-Arm/arm_ws/install/arm_control/lib/pkgconfig/arm_control.pc'
[1.944s] Level 1:colcon.colcon_core.environment:checking '/home/asere/NASA-FSI-Arm/arm_ws/install/arm_control/lib/python3.10/site-packages'
[1.944s] Level 1:colcon.colcon_core.shell:create_environment_hook('arm_control', 'pythonpath')
[1.944s] INFO:colcon.colcon_core.shell:Creating environment hook '/home/asere/NASA-FSI-Arm/arm_ws/install/arm_control/share/arm_control/hook/pythonpath.ps1'
[1.945s] INFO:colcon.colcon_core.shell:Creating environment descriptor '/home/asere/NASA-FSI-Arm/arm_ws/install/arm_control/share/arm_control/hook/pythonpath.dsv'
[1.945s] INFO:colcon.colcon_core.shell:Creating environment hook '/home/asere/NASA-FSI-Arm/arm_ws/install/arm_control/share/arm_control/hook/pythonpath.sh'
[1.946s] Level 1:colcon.colcon_core.environment:checking '/home/asere/NASA-FSI-Arm/arm_ws/install/arm_control/bin'
[1.946s] Level 1:colcon.colcon_core.environment:create_environment_scripts_only(arm_control)
[1.946s] INFO:colcon.colcon_core.shell:Creating package script '/home/asere/NASA-FSI-Arm/arm_ws/install/arm_control/share/arm_control/package.ps1'
[1.947s] INFO:colcon.colcon_core.shell:Creating package descriptor '/home/asere/NASA-FSI-Arm/arm_ws/install/arm_control/share/arm_control/package.dsv'
[1.948s] INFO:colcon.colcon_core.shell:Creating package script '/home/asere/NASA-FSI-Arm/arm_ws/install/arm_control/share/arm_control/package.sh'
[1.949s] INFO:colcon.colcon_core.shell:Creating package script '/home/asere/NASA-FSI-Arm/arm_ws/install/arm_control/share/arm_control/package.bash'
[1.950s] INFO:colcon.colcon_core.shell:Creating package script '/home/asere/NASA-FSI-Arm/arm_ws/install/arm_control/share/arm_control/package.zsh'
[1.951s] Level 1:colcon.colcon_core.environment:create_file_with_runtime_dependencies(/home/asere/NASA-FSI-Arm/arm_ws/install/arm_control/share/colcon-core/packages/arm_control)
[1.953s] Level 1:colcon.colcon_core.environment:checking '/home/asere/NASA-FSI-Arm/arm_ws/install/FINAL_description' for CMake module files
[1.953s] DEBUG:colcon.colcon_core.event_handler.log_command:Invoked command in '/home/asere/NASA-FSI-Arm/arm_ws/src/FINAL_description' returned '0': PYTHONPATH=/home/asere/NASA-FSI-Arm/arm_ws/build/FINAL_description/prefix_override:/usr/lib/python3/dist-packages/colcon_core/task/python/colcon_distutils_commands:/home/asere/NASA-FSI-Arm/arm_ws/install/FINAL_description/lib/python3.10/site-packages:${PYTHONPATH} /usr/bin/python3 -W ignore:setup.py install is deprecated -W ignore:easy_install command is deprecated setup.py egg_info --egg-base ../../build/FINAL_description build --build-base /home/asere/NASA-FSI-Arm/arm_ws/build/FINAL_description/build install --record /home/asere/NASA-FSI-Arm/arm_ws/build/FINAL_description/install.log --install-scripts $base/lib/FINAL_description --single-version-externally-managed install_data
[1.953s] Level 1:colcon.colcon_core.environment:checking '/home/asere/NASA-FSI-Arm/arm_ws/install/FINAL_description' for CMake config files
[1.957s] Level 1:colcon.colcon_core.environment:checking '/home/asere/NASA-FSI-Arm/arm_ws/install/FINAL_description/lib'
[1.957s] Level 1:colcon.colcon_core.environment:checking '/home/asere/NASA-FSI-Arm/arm_ws/install/FINAL_description/bin'
[1.957s] Level 1:colcon.colcon_core.environment:checking '/home/asere/NASA-FSI-Arm/arm_ws/install/FINAL_description/lib/pkgconfig/FINAL_description.pc'
[1.957s] Level 1:colcon.colcon_core.environment:checking '/home/asere/NASA-FSI-Arm/arm_ws/install/FINAL_description/lib/python3.10/site-packages'
[1.957s] Level 1:colcon.colcon_core.shell:create_environment_hook('FINAL_description', 'pythonpath')
[1.958s] INFO:colcon.colcon_core.shell:Creating environment hook '/home/asere/NASA-FSI-Arm/arm_ws/install/FINAL_description/share/FINAL_description/hook/pythonpath.ps1'
[1.958s] INFO:colcon.colcon_core.shell:Creating environment descriptor '/home/asere/NASA-FSI-Arm/arm_ws/install/FINAL_description/share/FINAL_description/hook/pythonpath.dsv'
[1.959s] INFO:colcon.colcon_core.shell:Creating environment hook '/home/asere/NASA-FSI-Arm/arm_ws/install/FINAL_description/share/FINAL_description/hook/pythonpath.sh'
[1.959s] Level 1:colcon.colcon_core.environment:checking '/home/asere/NASA-FSI-Arm/arm_ws/install/FINAL_description/bin'
[1.959s] Level 1:colcon.colcon_core.environment:create_environment_scripts_only(FINAL_description)
[1.960s] INFO:colcon.colcon_core.shell:Creating package script '/home/asere/NASA-FSI-Arm/arm_ws/install/FINAL_description/share/FINAL_description/package.ps1'
[1.960s] INFO:colcon.colcon_core.shell:Creating package descriptor '/home/asere/NASA-FSI-Arm/arm_ws/install/FINAL_description/share/FINAL_description/package.dsv'
[1.961s] INFO:colcon.colcon_core.shell:Creating package script '/home/asere/NASA-FSI-Arm/arm_ws/install/FINAL_description/share/FINAL_description/package.sh'
[1.961s] INFO:colcon.colcon_core.shell:Creating package script '/home/asere/NASA-FSI-Arm/arm_ws/install/FINAL_description/share/FINAL_description/package.bash'
[1.962s] INFO:colcon.colcon_core.shell:Creating package script '/home/asere/NASA-FSI-Arm/arm_ws/install/FINAL_description/share/FINAL_description/package.zsh'
[1.962s] Level 1:colcon.colcon_core.environment:create_file_with_runtime_dependencies(/home/asere/NASA-FSI-Arm/arm_ws/install/FINAL_description/share/colcon-core/packages/FINAL_description)
[1.963s] INFO:colcon.colcon_ros.task.ament_cmake.build:Building ROS package in '/home/asere/NASA-FSI-Arm/arm_ws/src/FINAL_moveit' with build type 'ament_cmake'
[1.963s] INFO:colcon.colcon_cmake.task.cmake.build:Building CMake package in '/home/asere/NASA-FSI-Arm/arm_ws/src/FINAL_moveit'
[1.963s] INFO:colcon.colcon_core.shell:Skip shell extension 'powershell' for command environment: Not usable outside of PowerShell
[1.963s] DEBUG:colcon.colcon_core.shell:Skip shell extension 'dsv' for command environment
[1.968s] INFO:colcon.colcon_ros.task.ament_cmake.build:Building ROS package in '/home/asere/NASA-FSI-Arm/arm_ws/src/moveit_me' with build type 'ament_cmake'
[1.969s] INFO:colcon.colcon_cmake.task.cmake.build:Building CMake package in '/home/asere/NASA-FSI-Arm/arm_ws/src/moveit_me'
[1.969s] INFO:colcon.colcon_core.shell:Skip shell extension 'powershell' for command environment: Not usable outside of PowerShell
[1.969s] DEBUG:colcon.colcon_core.shell:Skip shell extension 'dsv' for command environment
[1.982s] DEBUG:colcon.colcon_core.event_handler.log_command:Invoking command in '/home/asere/NASA-FSI-Arm/arm_ws/build/FINAL_moveit': AMENT_PREFIX_PATH=/home/asere/NASA-FSI-Arm/arm_ws/install/FINAL_description:/home/asere/NASA-FSI-Arm/arm_ws/install/moveit_me:/home/asere/NASA-FSI-Arm/arm_ws/install/arm_control:/home/asere/NASA-FSI-Arm/arm_ws/install/FINAL_moveit:/home/asere/ros2_ws/install/my_robot_bringup:/home/asere/ros2_ws/install/my_py_pkg:/home/asere/ros2_ws/install/actions_py:/home/asere/ros2_ws/install/my_robot_interfaces:/home/asere/ros2_ws/install/my_robot_description:/home/asere/ros2_ws/install/my_cpp_pkg:/home/asere/ros2_ws/install/lifecycle_py:/opt/ros/humble CMAKE_PREFIX_PATH=${CMAKE_PREFIX_PATH}:/home/asere/NASA-FSI-Arm/arm_ws/install/arm_control:/home/asere/NASA-FSI-Arm/arm_ws/install/FINAL_description:/home/asere/ros2_ws/install/my_py_pkg:/home/asere/ros2_ws/install/actions_py:/home/asere/ros2_ws/install/lifecycle_py:/opt/ros/humble PYTHONPATH=/home/asere/NASA-FSI-Arm/arm_ws/install/FINAL_description/lib/python3.10/site-packages:/home/asere/NASA-FSI-Arm/arm_ws/install/arm_control/lib/python3.10/site-packages:/home/asere/ros2_ws/build/my_py_pkg:/home/asere/ros2_ws/install/my_py_pkg/lib/python3.10/site-packages:/home/asere/ros2_ws/build/actions_py:/home/asere/ros2_ws/install/actions_py/lib/python3.10/site-packages:/home/asere/ros2_ws/install/my_robot_interfaces/local/lib/python3.10/dist-packages:/home/asere/ros2_ws/build/lifecycle_py:/home/asere/ros2_ws/install/lifecycle_py/lib/python3.10/site-packages:/opt/ros/humble/lib/python3.10/site-packages:/opt/ros/humble/local/lib/python3.10/dist-packages /usr/bin/cmake --build /home/asere/NASA-FSI-Arm/arm_ws/build/FINAL_moveit -- -j8 -l8
[1.986s] DEBUG:colcon.colcon_core.event_handler.log_command:Invoking command in '/home/asere/NASA-FSI-Arm/arm_ws/build/moveit_me': AMENT_PREFIX_PATH=/home/asere/NASA-FSI-Arm/arm_ws/install/FINAL_description:/home/asere/NASA-FSI-Arm/arm_ws/install/moveit_me:/home/asere/NASA-FSI-Arm/arm_ws/install/arm_control:/home/asere/NASA-FSI-Arm/arm_ws/install/FINAL_moveit:/home/asere/ros2_ws/install/my_robot_bringup:/home/asere/ros2_ws/install/my_py_pkg:/home/asere/ros2_ws/install/actions_py:/home/asere/ros2_ws/install/my_robot_interfaces:/home/asere/ros2_ws/install/my_robot_description:/home/asere/ros2_ws/install/my_cpp_pkg:/home/asere/ros2_ws/install/lifecycle_py:/opt/ros/humble CMAKE_PREFIX_PATH=${CMAKE_PREFIX_PATH}:/home/asere/NASA-FSI-Arm/arm_ws/install/arm_control:/home/asere/NASA-FSI-Arm/arm_ws/install/FINAL_description:/home/asere/ros2_ws/install/my_py_pkg:/home/asere/ros2_ws/install/actions_py:/home/asere/ros2_ws/install/lifecycle_py:/opt/ros/humble PYTHONPATH=/home/asere/NASA-FSI-Arm/arm_ws/install/FINAL_description/lib/python3.10/site-packages:/home/asere/NASA-FSI-Arm/arm_ws/install/arm_control/lib/python3.10/site-packages:/home/asere/ros2_ws/build/my_py_pkg:/home/asere/ros2_ws/install/my_py_pkg/lib/python3.10/site-packages:/home/asere/ros2_ws/build/actions_py:/home/asere/ros2_ws/install/actions_py/lib/python3.10/site-packages:/home/asere/ros2_ws/install/my_robot_interfaces/local/lib/python3.10/dist-packages:/home/asere/ros2_ws/build/lifecycle_py:/home/asere/ros2_ws/install/lifecycle_py/lib/python3.10/site-packages:/opt/ros/humble/lib/python3.10/site-packages:/opt/ros/humble/local/lib/python3.10/dist-packages /usr/bin/cmake --build /home/asere/NASA-FSI-Arm/arm_ws/build/moveit_me -- -j8 -l8
[2.026s] DEBUG:colcon.colcon_core.event_handler.log_command:Invoked command in '/home/asere/NASA-FSI-Arm/arm_ws/build/FINAL_moveit' returned '0': AMENT_PREFIX_PATH=/home/asere/NASA-FSI-Arm/arm_ws/install/FINAL_description:/home/asere/NASA-FSI-Arm/arm_ws/install/moveit_me:/home/asere/NASA-FSI-Arm/arm_ws/install/arm_control:/home/asere/NASA-FSI-Arm/arm_ws/install/FINAL_moveit:/home/asere/ros2_ws/install/my_robot_bringup:/home/asere/ros2_ws/install/my_py_pkg:/home/asere/ros2_ws/install/actions_py:/home/asere/ros2_ws/install/my_robot_interfaces:/home/asere/ros2_ws/install/my_robot_description:/home/asere/ros2_ws/install/my_cpp_pkg:/home/asere/ros2_ws/install/lifecycle_py:/opt/ros/humble CMAKE_PREFIX_PATH=${CMAKE_PREFIX_PATH}:/home/asere/NASA-FSI-Arm/arm_ws/install/arm_control:/home/asere/NASA-FSI-Arm/arm_ws/install/FINAL_description:/home/asere/ros2_ws/install/my_py_pkg:/home/asere/ros2_ws/install/actions_py:/home/asere/ros2_ws/install/lifecycle_py:/opt/ros/humble PYTHONPATH=/home/asere/NASA-FSI-Arm/arm_ws/install/FINAL_description/lib/python3.10/site-packages:/home/asere/NASA-FSI-Arm/arm_ws/install/arm_control/lib/python3.10/site-packages:/home/asere/ros2_ws/build/my_py_pkg:/home/asere/ros2_ws/install/my_py_pkg/lib/python3.10/site-packages:/home/asere/ros2_ws/build/actions_py:/home/asere/ros2_ws/install/actions_py/lib/python3.10/site-packages:/home/asere/ros2_ws/install/my_robot_interfaces/local/lib/python3.10/dist-packages:/home/asere/ros2_ws/build/lifecycle_py:/home/asere/ros2_ws/install/lifecycle_py/lib/python3.10/site-packages:/opt/ros/humble/lib/python3.10/site-packages:/opt/ros/humble/local/lib/python3.10/dist-packages /usr/bin/cmake --build /home/asere/NASA-FSI-Arm/arm_ws/build/FINAL_moveit -- -j8 -l8
[2.039s] DEBUG:colcon.colcon_core.event_handler.log_command:Invoking command in '/home/asere/NASA-FSI-Arm/arm_ws/build/FINAL_moveit': AMENT_PREFIX_PATH=/home/asere/NASA-FSI-Arm/arm_ws/install/FINAL_description:/home/asere/NASA-FSI-Arm/arm_ws/install/moveit_me:/home/asere/NASA-FSI-Arm/arm_ws/install/arm_control:/home/asere/NASA-FSI-Arm/arm_ws/install/FINAL_moveit:/home/asere/ros2_ws/install/my_robot_bringup:/home/asere/ros2_ws/install/my_py_pkg:/home/asere/ros2_ws/install/actions_py:/home/asere/ros2_ws/install/my_robot_interfaces:/home/asere/ros2_ws/install/my_robot_description:/home/asere/ros2_ws/install/my_cpp_pkg:/home/asere/ros2_ws/install/lifecycle_py:/opt/ros/humble CMAKE_PREFIX_PATH=${CMAKE_PREFIX_PATH}:/home/asere/NASA-FSI-Arm/arm_ws/install/arm_control:/home/asere/NASA-FSI-Arm/arm_ws/install/FINAL_description:/home/asere/ros2_ws/install/my_py_pkg:/home/asere/ros2_ws/install/actions_py:/home/asere/ros2_ws/install/lifecycle_py:/opt/ros/humble PYTHONPATH=/home/asere/NASA-FSI-Arm/arm_ws/install/FINAL_description/lib/python3.10/site-packages:/home/asere/NASA-FSI-Arm/arm_ws/install/arm_control/lib/python3.10/site-packages:/home/asere/ros2_ws/build/my_py_pkg:/home/asere/ros2_ws/install/my_py_pkg/lib/python3.10/site-packages:/home/asere/ros2_ws/build/actions_py:/home/asere/ros2_ws/install/actions_py/lib/python3.10/site-packages:/home/asere/ros2_ws/install/my_robot_interfaces/local/lib/python3.10/dist-packages:/home/asere/ros2_ws/build/lifecycle_py:/home/asere/ros2_ws/install/lifecycle_py/lib/python3.10/site-packages:/opt/ros/humble/lib/python3.10/site-packages:/opt/ros/humble/local/lib/python3.10/dist-packages /usr/bin/cmake --install /home/asere/NASA-FSI-Arm/arm_ws/build/FINAL_moveit
[2.041s] DEBUG:colcon.colcon_core.event_handler.log_command:Invoked command in '/home/asere/NASA-FSI-Arm/arm_ws/build/moveit_me' returned '0': AMENT_PREFIX_PATH=/home/asere/NASA-FSI-Arm/arm_ws/install/FINAL_description:/home/asere/NASA-FSI-Arm/arm_ws/install/moveit_me:/home/asere/NASA-FSI-Arm/arm_ws/install/arm_control:/home/asere/NASA-FSI-Arm/arm_ws/install/FINAL_moveit:/home/asere/ros2_ws/install/my_robot_bringup:/home/asere/ros2_ws/install/my_py_pkg:/home/asere/ros2_ws/install/actions_py:/home/asere/ros2_ws/install/my_robot_interfaces:/home/asere/ros2_ws/install/my_robot_description:/home/asere/ros2_ws/install/my_cpp_pkg:/home/asere/ros2_ws/install/lifecycle_py:/opt/ros/humble CMAKE_PREFIX_PATH=${CMAKE_PREFIX_PATH}:/home/asere/NASA-FSI-Arm/arm_ws/install/arm_control:/home/asere/NASA-FSI-Arm/arm_ws/install/FINAL_description:/home/asere/ros2_ws/install/my_py_pkg:/home/asere/ros2_ws/install/actions_py:/home/asere/ros2_ws/install/lifecycle_py:/opt/ros/humble PYTHONPATH=/home/asere/NASA-FSI-Arm/arm_ws/install/FINAL_description/lib/python3.10/site-packages:/home/asere/NASA-FSI-Arm/arm_ws/install/arm_control/lib/python3.10/site-packages:/home/asere/ros2_ws/build/my_py_pkg:/home/asere/ros2_ws/install/my_py_pkg/lib/python3.10/site-packages:/home/asere/ros2_ws/build/actions_py:/home/asere/ros2_ws/install/actions_py/lib/python3.10/site-packages:/home/asere/ros2_ws/install/my_robot_interfaces/local/lib/python3.10/dist-packages:/home/asere/ros2_ws/build/lifecycle_py:/home/asere/ros2_ws/install/lifecycle_py/lib/python3.10/site-packages:/opt/ros/humble/lib/python3.10/site-packages:/opt/ros/humble/local/lib/python3.10/dist-packages /usr/bin/cmake --build /home/asere/NASA-FSI-Arm/arm_ws/build/moveit_me -- -j8 -l8
[2.043s] DEBUG:colcon.colcon_core.event_handler.log_command:Invoking command in '/home/asere/NASA-FSI-Arm/arm_ws/build/moveit_me': AMENT_PREFIX_PATH=/home/asere/NASA-FSI-Arm/arm_ws/install/FINAL_description:/home/asere/NASA-FSI-Arm/arm_ws/install/moveit_me:/home/asere/NASA-FSI-Arm/arm_ws/install/arm_control:/home/asere/NASA-FSI-Arm/arm_ws/install/FINAL_moveit:/home/asere/ros2_ws/install/my_robot_bringup:/home/asere/ros2_ws/install/my_py_pkg:/home/asere/ros2_ws/install/actions_py:/home/asere/ros2_ws/install/my_robot_interfaces:/home/asere/ros2_ws/install/my_robot_description:/home/asere/ros2_ws/install/my_cpp_pkg:/home/asere/ros2_ws/install/lifecycle_py:/opt/ros/humble CMAKE_PREFIX_PATH=${CMAKE_PREFIX_PATH}:/home/asere/NASA-FSI-Arm/arm_ws/install/arm_control:/home/asere/NASA-FSI-Arm/arm_ws/install/FINAL_description:/home/asere/ros2_ws/install/my_py_pkg:/home/asere/ros2_ws/install/actions_py:/home/asere/ros2_ws/install/lifecycle_py:/opt/ros/humble PYTHONPATH=/home/asere/NASA-FSI-Arm/arm_ws/install/FINAL_description/lib/python3.10/site-packages:/home/asere/NASA-FSI-Arm/arm_ws/install/arm_control/lib/python3.10/site-packages:/home/asere/ros2_ws/build/my_py_pkg:/home/asere/ros2_ws/install/my_py_pkg/lib/python3.10/site-packages:/home/asere/ros2_ws/build/actions_py:/home/asere/ros2_ws/install/actions_py/lib/python3.10/site-packages:/home/asere/ros2_ws/install/my_robot_interfaces/local/lib/python3.10/dist-packages:/home/asere/ros2_ws/build/lifecycle_py:/home/asere/ros2_ws/install/lifecycle_py/lib/python3.10/site-packages:/opt/ros/humble/lib/python3.10/site-packages:/opt/ros/humble/local/lib/python3.10/dist-packages /usr/bin/cmake --install /home/asere/NASA-FSI-Arm/arm_ws/build/moveit_me
[2.054s] Level 1:colcon.colcon_core.environment:create_environment_scripts_only(FINAL_moveit)
[2.055s] Level 1:colcon.colcon_core.environment:checking '/home/asere/NASA-FSI-Arm/arm_ws/install/FINAL_moveit' for CMake module files
[2.059s] DEBUG:colcon.colcon_core.event_handler.log_command:Invoked command in '/home/asere/NASA-FSI-Arm/arm_ws/build/FINAL_moveit' returned '0': AMENT_PREFIX_PATH=/home/asere/NASA-FSI-Arm/arm_ws/install/FINAL_description:/home/asere/NASA-FSI-Arm/arm_ws/install/moveit_me:/home/asere/NASA-FSI-Arm/arm_ws/install/arm_control:/home/asere/NASA-FSI-Arm/arm_ws/install/FINAL_moveit:/home/asere/ros2_ws/install/my_robot_bringup:/home/asere/ros2_ws/install/my_py_pkg:/home/asere/ros2_ws/install/actions_py:/home/asere/ros2_ws/install/my_robot_interfaces:/home/asere/ros2_ws/install/my_robot_description:/home/asere/ros2_ws/install/my_cpp_pkg:/home/asere/ros2_ws/install/lifecycle_py:/opt/ros/humble CMAKE_PREFIX_PATH=${CMAKE_PREFIX_PATH}:/home/asere/NASA-FSI-Arm/arm_ws/install/arm_control:/home/asere/NASA-FSI-Arm/arm_ws/install/FINAL_description:/home/asere/ros2_ws/install/my_py_pkg:/home/asere/ros2_ws/install/actions_py:/home/asere/ros2_ws/install/lifecycle_py:/opt/ros/humble PYTHONPATH=/home/asere/NASA-FSI-Arm/arm_ws/install/FINAL_description/lib/python3.10/site-packages:/home/asere/NASA-FSI-Arm/arm_ws/install/arm_control/lib/python3.10/site-packages:/home/asere/ros2_ws/build/my_py_pkg:/home/asere/ros2_ws/install/my_py_pkg/lib/python3.10/site-packages:/home/asere/ros2_ws/build/actions_py:/home/asere/ros2_ws/install/actions_py/lib/python3.10/site-packages:/home/asere/ros2_ws/install/my_robot_interfaces/local/lib/python3.10/dist-packages:/home/asere/ros2_ws/build/lifecycle_py:/home/asere/ros2_ws/install/lifecycle_py/lib/python3.10/site-packages:/opt/ros/humble/lib/python3.10/site-packages:/opt/ros/humble/local/lib/python3.10/dist-packages /usr/bin/cmake --install /home/asere/NASA-FSI-Arm/arm_ws/build/FINAL_moveit
[2.060s] Level 1:colcon.colcon_core.environment:checking '/home/asere/NASA-FSI-Arm/arm_ws/install/FINAL_moveit' for CMake config files
[2.063s] Level 1:colcon.colcon_core.shell:create_environment_hook('FINAL_moveit', 'cmake_prefix_path')
[2.063s] INFO:colcon.colcon_core.shell:Creating environment hook '/home/asere/NASA-FSI-Arm/arm_ws/install/FINAL_moveit/share/FINAL_moveit/hook/cmake_prefix_path.ps1'
[2.064s] INFO:colcon.colcon_core.shell:Creating environment descriptor '/home/asere/NASA-FSI-Arm/arm_ws/install/FINAL_moveit/share/FINAL_moveit/hook/cmake_prefix_path.dsv'
[2.064s] INFO:colcon.colcon_core.shell:Creating environment hook '/home/asere/NASA-FSI-Arm/arm_ws/install/FINAL_moveit/share/FINAL_moveit/hook/cmake_prefix_path.sh'
[2.065s] Level 1:colcon.colcon_core.environment:checking '/home/asere/NASA-FSI-Arm/arm_ws/install/FINAL_moveit/bin'
[2.065s] Level 1:colcon.colcon_core.environment:checking '/home/asere/NASA-FSI-Arm/arm_ws/install/FINAL_moveit/lib/pkgconfig/FINAL_moveit.pc'
[2.065s] Level 1:colcon.colcon_core.environment:checking '/home/asere/NASA-FSI-Arm/arm_ws/install/FINAL_moveit/lib/python3.10/site-packages'
[2.065s] Level 1:colcon.colcon_core.environment:checking '/home/asere/NASA-FSI-Arm/arm_ws/install/FINAL_moveit/bin'
[2.065s] INFO:colcon.colcon_core.shell:Creating package script '/home/asere/NASA-FSI-Arm/arm_ws/install/FINAL_moveit/share/FINAL_moveit/package.ps1'
[2.066s] INFO:colcon.colcon_core.shell:Creating package descriptor '/home/asere/NASA-FSI-Arm/arm_ws/install/FINAL_moveit/share/FINAL_moveit/package.dsv'
[2.067s] INFO:colcon.colcon_core.shell:Creating package script '/home/asere/NASA-FSI-Arm/arm_ws/install/FINAL_moveit/share/FINAL_moveit/package.sh'
[2.067s] INFO:colcon.colcon_core.shell:Creating package script '/home/asere/NASA-FSI-Arm/arm_ws/install/FINAL_moveit/share/FINAL_moveit/package.bash'
[2.068s] INFO:colcon.colcon_core.shell:Creating package script '/home/asere/NASA-FSI-Arm/arm_ws/install/FINAL_moveit/share/FINAL_moveit/package.zsh'
[2.068s] Level 1:colcon.colcon_core.environment:create_file_with_runtime_dependencies(/home/asere/NASA-FSI-Arm/arm_ws/install/FINAL_moveit/share/colcon-core/packages/FINAL_moveit)
[2.069s] Level 1:colcon.colcon_core.environment:create_environment_scripts_only(FINAL_moveit)
[2.069s] Level 1:colcon.colcon_core.environment:checking '/home/asere/NASA-FSI-Arm/arm_ws/install/FINAL_moveit' for CMake module files
[2.069s] Level 1:colcon.colcon_core.environment:checking '/home/asere/NASA-FSI-Arm/arm_ws/install/FINAL_moveit' for CMake config files
[2.070s] Level 1:colcon.colcon_core.shell:create_environment_hook('FINAL_moveit', 'cmake_prefix_path')
[2.070s] INFO:colcon.colcon_core.shell:Creating environment hook '/home/asere/NASA-FSI-Arm/arm_ws/install/FINAL_moveit/share/FINAL_moveit/hook/cmake_prefix_path.ps1'
[2.070s] INFO:colcon.colcon_core.shell:Creating environment descriptor '/home/asere/NASA-FSI-Arm/arm_ws/install/FINAL_moveit/share/FINAL_moveit/hook/cmake_prefix_path.dsv'
[2.071s] INFO:colcon.colcon_core.shell:Creating environment hook '/home/asere/NASA-FSI-Arm/arm_ws/install/FINAL_moveit/share/FINAL_moveit/hook/cmake_prefix_path.sh'
[2.071s] Level 1:colcon.colcon_core.environment:checking '/home/asere/NASA-FSI-Arm/arm_ws/install/FINAL_moveit/bin'
[2.071s] Level 1:colcon.colcon_core.environment:checking '/home/asere/NASA-FSI-Arm/arm_ws/install/FINAL_moveit/lib/pkgconfig/FINAL_moveit.pc'
[2.072s] Level 1:colcon.colcon_core.environment:checking '/home/asere/NASA-FSI-Arm/arm_ws/install/FINAL_moveit/lib/python3.10/site-packages'
[2.072s] Level 1:colcon.colcon_core.environment:checking '/home/asere/NASA-FSI-Arm/arm_ws/install/FINAL_moveit/bin'
[2.072s] INFO:colcon.colcon_core.shell:Creating package script '/home/asere/NASA-FSI-Arm/arm_ws/install/FINAL_moveit/share/FINAL_moveit/package.ps1'
[2.073s] INFO:colcon.colcon_core.shell:Creating package descriptor '/home/asere/NASA-FSI-Arm/arm_ws/install/FINAL_moveit/share/FINAL_moveit/package.dsv'
[2.073s] INFO:colcon.colcon_core.shell:Creating package script '/home/asere/NASA-FSI-Arm/arm_ws/install/FINAL_moveit/share/FINAL_moveit/package.sh'
[2.074s] INFO:colcon.colcon_core.shell:Creating package script '/home/asere/NASA-FSI-Arm/arm_ws/install/FINAL_moveit/share/FINAL_moveit/package.bash'
[2.074s] INFO:colcon.colcon_core.shell:Creating package script '/home/asere/NASA-FSI-Arm/arm_ws/install/FINAL_moveit/share/FINAL_moveit/package.zsh'
[2.075s] Level 1:colcon.colcon_core.environment:create_file_with_runtime_dependencies(/home/asere/NASA-FSI-Arm/arm_ws/install/FINAL_moveit/share/colcon-core/packages/FINAL_moveit)
[2.076s] Level 1:colcon.colcon_core.environment:create_environment_scripts_only(moveit_me)
[2.077s] Level 1:colcon.colcon_core.environment:checking '/home/asere/NASA-FSI-Arm/arm_ws/install/moveit_me' for CMake module files
[2.077s] DEBUG:colcon.colcon_core.event_handler.log_command:Invoked command in '/home/asere/NASA-FSI-Arm/arm_ws/build/moveit_me' returned '0': AMENT_PREFIX_PATH=/home/asere/NASA-FSI-Arm/arm_ws/install/FINAL_description:/home/asere/NASA-FSI-Arm/arm_ws/install/moveit_me:/home/asere/NASA-FSI-Arm/arm_ws/install/arm_control:/home/asere/NASA-FSI-Arm/arm_ws/install/FINAL_moveit:/home/asere/ros2_ws/install/my_robot_bringup:/home/asere/ros2_ws/install/my_py_pkg:/home/asere/ros2_ws/install/actions_py:/home/asere/ros2_ws/install/my_robot_interfaces:/home/asere/ros2_ws/install/my_robot_description:/home/asere/ros2_ws/install/my_cpp_pkg:/home/asere/ros2_ws/install/lifecycle_py:/opt/ros/humble CMAKE_PREFIX_PATH=${CMAKE_PREFIX_PATH}:/home/asere/NASA-FSI-Arm/arm_ws/install/arm_control:/home/asere/NASA-FSI-Arm/arm_ws/install/FINAL_description:/home/asere/ros2_ws/install/my_py_pkg:/home/asere/ros2_ws/install/actions_py:/home/asere/ros2_ws/install/lifecycle_py:/opt/ros/humble PYTHONPATH=/home/asere/NASA-FSI-Arm/arm_ws/install/FINAL_description/lib/python3.10/site-packages:/home/asere/NASA-FSI-Arm/arm_ws/install/arm_control/lib/python3.10/site-packages:/home/asere/ros2_ws/build/my_py_pkg:/home/asere/ros2_ws/install/my_py_pkg/lib/python3.10/site-packages:/home/asere/ros2_ws/build/actions_py:/home/asere/ros2_ws/install/actions_py/lib/python3.10/site-packages:/home/asere/ros2_ws/install/my_robot_interfaces/local/lib/python3.10/dist-packages:/home/asere/ros2_ws/build/lifecycle_py:/home/asere/ros2_ws/install/lifecycle_py/lib/python3.10/site-packages:/opt/ros/humble/lib/python3.10/site-packages:/opt/ros/humble/local/lib/python3.10/dist-packages /usr/bin/cmake --install /home/asere/NASA-FSI-Arm/arm_ws/build/moveit_me
[2.078s] Level 1:colcon.colcon_core.environment:checking '/home/asere/NASA-FSI-Arm/arm_ws/install/moveit_me' for CMake config files
[2.080s] Level 1:colcon.colcon_core.shell:create_environment_hook('moveit_me', 'cmake_prefix_path')
[2.081s] INFO:colcon.colcon_core.shell:Creating environment hook '/home/asere/NASA-FSI-Arm/arm_ws/install/moveit_me/share/moveit_me/hook/cmake_prefix_path.ps1'
[2.081s] INFO:colcon.colcon_core.shell:Creating environment descriptor '/home/asere/NASA-FSI-Arm/arm_ws/install/moveit_me/share/moveit_me/hook/cmake_prefix_path.dsv'
[2.082s] INFO:colcon.colcon_core.shell:Creating environment hook '/home/asere/NASA-FSI-Arm/arm_ws/install/moveit_me/share/moveit_me/hook/cmake_prefix_path.sh'
[2.082s] Level 1:colcon.colcon_core.environment:checking '/home/asere/NASA-FSI-Arm/arm_ws/install/moveit_me/bin'
[2.082s] Level 1:colcon.colcon_core.environment:checking '/home/asere/NASA-FSI-Arm/arm_ws/install/moveit_me/lib/pkgconfig/moveit_me.pc'
[2.083s] Level 1:colcon.colcon_core.environment:checking '/home/asere/NASA-FSI-Arm/arm_ws/install/moveit_me/lib/python3.10/site-packages'
[2.083s] Level 1:colcon.colcon_core.environment:checking '/home/asere/NASA-FSI-Arm/arm_ws/install/moveit_me/bin'
[2.083s] INFO:colcon.colcon_core.shell:Creating package script '/home/asere/NASA-FSI-Arm/arm_ws/install/moveit_me/share/moveit_me/package.ps1'
[2.084s] INFO:colcon.colcon_core.shell:Creating package descriptor '/home/asere/NASA-FSI-Arm/arm_ws/install/moveit_me/share/moveit_me/package.dsv'
[2.084s] INFO:colcon.colcon_core.shell:Creating package script '/home/asere/NASA-FSI-Arm/arm_ws/install/moveit_me/share/moveit_me/package.sh'
[2.085s] INFO:colcon.colcon_core.shell:Creating package script '/home/asere/NASA-FSI-Arm/arm_ws/install/moveit_me/share/moveit_me/package.bash'
[2.085s] INFO:colcon.colcon_core.shell:Creating package script '/home/asere/NASA-FSI-Arm/arm_ws/install/moveit_me/share/moveit_me/package.zsh'
[2.086s] Level 1:colcon.colcon_core.environment:create_file_with_runtime_dependencies(/home/asere/NASA-FSI-Arm/arm_ws/install/moveit_me/share/colcon-core/packages/moveit_me)
[2.087s] Level 1:colcon.colcon_core.environment:create_environment_scripts_only(moveit_me)
[2.087s] Level 1:colcon.colcon_core.environment:checking '/home/asere/NASA-FSI-Arm/arm_ws/install/moveit_me' for CMake module files
[2.087s] Level 1:colcon.colcon_core.environment:checking '/home/asere/NASA-FSI-Arm/arm_ws/install/moveit_me' for CMake config files
[2.088s] Level 1:colcon.colcon_core.shell:create_environment_hook('moveit_me', 'cmake_prefix_path')
[2.088s] INFO:colcon.colcon_core.shell:Creating environment hook '/home/asere/NASA-FSI-Arm/arm_ws/install/moveit_me/share/moveit_me/hook/cmake_prefix_path.ps1'
[2.088s] INFO:colcon.colcon_core.shell:Creating environment descriptor '/home/asere/NASA-FSI-Arm/arm_ws/install/moveit_me/share/moveit_me/hook/cmake_prefix_path.dsv'
[2.089s] INFO:colcon.colcon_core.shell:Creating environment hook '/home/asere/NASA-FSI-Arm/arm_ws/install/moveit_me/share/moveit_me/hook/cmake_prefix_path.sh'
[2.089s] Level 1:colcon.colcon_core.environment:checking '/home/asere/NASA-FSI-Arm/arm_ws/install/moveit_me/bin'
[2.089s] Level 1:colcon.colcon_core.environment:checking '/home/asere/NASA-FSI-Arm/arm_ws/install/moveit_me/lib/pkgconfig/moveit_me.pc'
[2.089s] Level 1:colcon.colcon_core.environment:checking '/home/asere/NASA-FSI-Arm/arm_ws/install/moveit_me/lib/python3.10/site-packages'
[2.090s] Level 1:colcon.colcon_core.environment:checking '/home/asere/NASA-FSI-Arm/arm_ws/install/moveit_me/bin'
[2.090s] INFO:colcon.colcon_core.shell:Creating package script '/home/asere/NASA-FSI-Arm/arm_ws/install/moveit_me/share/moveit_me/package.ps1'
[2.090s] INFO:colcon.colcon_core.shell:Creating package descriptor '/home/asere/NASA-FSI-Arm/arm_ws/install/moveit_me/share/moveit_me/package.dsv'
[2.091s] INFO:colcon.colcon_core.shell:Creating package script '/home/asere/NASA-FSI-Arm/arm_ws/install/moveit_me/share/moveit_me/package.sh'
[2.091s] INFO:colcon.colcon_core.shell:Creating package script '/home/asere/NASA-FSI-Arm/arm_ws/install/moveit_me/share/moveit_me/package.bash'
[2.092s] INFO:colcon.colcon_core.shell:Creating package script '/home/asere/NASA-FSI-Arm/arm_ws/install/moveit_me/share/moveit_me/package.zsh'
[2.092s] Level 1:colcon.colcon_core.environment:create_file_with_runtime_dependencies(/home/asere/NASA-FSI-Arm/arm_ws/install/moveit_me/share/colcon-core/packages/moveit_me)
[2.093s] DEBUG:colcon.colcon_parallel_executor.executor.parallel:closing loop
[2.093s] DEBUG:colcon.colcon_parallel_executor.executor.parallel:loop closed
[2.093s] DEBUG:colcon.colcon_parallel_executor.executor.parallel:run_until_complete finished with '0'
[2.093s] DEBUG:colcon.colcon_core.event_reactor:joining thread
[2.101s] INFO:colcon.colcon_core.plugin_system:Skipping extension 'colcon_notification.desktop_notification.terminal_notifier': Not used on non-Darwin systems
[2.101s] INFO:colcon.colcon_core.plugin_system:Skipping extension 'colcon_notification.desktop_notification.win32': Not used on non-Windows systems
[2.101s] INFO:colcon.colcon_notification.desktop_notification:Sending desktop notification using 'notify2'
[2.115s] DEBUG:colcon.colcon_core.event_reactor:joined thread
[2.115s] INFO:colcon.colcon_core.shell:Creating prefix script '/home/asere/NASA-FSI-Arm/arm_ws/install/local_setup.ps1'
[2.116s] INFO:colcon.colcon_core.shell:Creating prefix util module '/home/asere/NASA-FSI-Arm/arm_ws/install/_local_setup_util_ps1.py'
[2.118s] INFO:colcon.colcon_core.shell:Creating prefix chain script '/home/asere/NASA-FSI-Arm/arm_ws/install/setup.ps1'
[2.120s] INFO:colcon.colcon_core.shell:Creating prefix script '/home/asere/NASA-FSI-Arm/arm_ws/install/local_setup.sh'
[2.120s] INFO:colcon.colcon_core.shell:Creating prefix util module '/home/asere/NASA-FSI-Arm/arm_ws/install/_local_setup_util_sh.py'
[2.121s] INFO:colcon.colcon_core.shell:Creating prefix chain script '/home/asere/NASA-FSI-Arm/arm_ws/install/setup.sh'
[2.123s] INFO:colcon.colcon_core.shell:Creating prefix script '/home/asere/NASA-FSI-Arm/arm_ws/install/local_setup.bash'
[2.125s] INFO:colcon.colcon_core.shell:Creating prefix chain script '/home/asere/NASA-FSI-Arm/arm_ws/install/setup.bash'
[2.127s] INFO:colcon.colcon_core.shell:Creating prefix script '/home/asere/NASA-FSI-Arm/arm_ws/install/local_setup.zsh'
[2.128s] INFO:colcon.colcon_core.shell:Creating prefix chain script '/home/asere/NASA-FSI-Arm/arm_ws/install/setup.zsh'
