[0.012s] Invoking command in '/home/asere/NASA-FSI-Arm/arm_ws/build/moveit_me': CMAKE_PREFIX_PATH=${CMAKE_PREFIX_PATH}:/home/asere/NASA-FSI-Arm/arm_ws/install/FINAL_description:/home/asere/ros2_ws/install/my_py_pkg:/home/asere/ros2_ws/install/actions_py:/home/asere/ros2_ws/install/lifecycle_py:/opt/ros/humble /usr/bin/cmake /home/asere/NASA-FSI-Arm/arm_ws/src/moveit_me -DCMAKE_INSTALL_PREFIX=/home/asere/NASA-FSI-Arm/arm_ws/install/moveit_me
[0.023s] -- Found ament_cmake: 1.3.11 (/opt/ros/humble/share/ament_cmake/cmake)
[0.204s] -- Configuring done
[0.207s] -- Generating done
[0.209s] -- Build files have been written to: /home/asere/NASA-FSI-Arm/arm_ws/build/moveit_me
[0.213s] Invoked command in '/home/asere/NASA-FSI-Arm/arm_ws/build/moveit_me' returned '0': CMAKE_PREFIX_PATH=${CMAKE_PREFIX_PATH}:/home/asere/NASA-FSI-Arm/arm_ws/install/FINAL_description:/home/asere/ros2_ws/install/my_py_pkg:/home/asere/ros2_ws/install/actions_py:/home/asere/ros2_ws/install/lifecycle_py:/opt/ros/humble /usr/bin/cmake /home/asere/NASA-FSI-Arm/arm_ws/src/moveit_me -DCMAKE_INSTALL_PREFIX=/home/asere/NASA-FSI-Arm/arm_ws/install/moveit_me
[0.215s] Invoking command in '/home/asere/NASA-FSI-Arm/arm_ws/build/moveit_me': CMAKE_PREFIX_PATH=${CMAKE_PREFIX_PATH}:/home/asere/NASA-FSI-Arm/arm_ws/install/FINAL_description:/home/asere/ros2_ws/install/my_py_pkg:/home/asere/ros2_ws/install/actions_py:/home/asere/ros2_ws/install/lifecycle_py:/opt/ros/humble /usr/bin/cmake --build /home/asere/NASA-FSI-Arm/arm_ws/build/moveit_me -- -j8 -l8
[0.258s] Invoked command in '/home/asere/NASA-FSI-Arm/arm_ws/build/moveit_me' returned '0': CMAKE_PREFIX_PATH=${CMAKE_PREFIX_PATH}:/home/asere/NASA-FSI-Arm/arm_ws/install/FINAL_description:/home/asere/ros2_ws/install/my_py_pkg:/home/asere/ros2_ws/install/actions_py:/home/asere/ros2_ws/install/lifecycle_py:/opt/ros/humble /usr/bin/cmake --build /home/asere/NASA-FSI-Arm/arm_ws/build/moveit_me -- -j8 -l8
[0.260s] Invoking command in '/home/asere/NASA-FSI-Arm/arm_ws/build/moveit_me': CMAKE_PREFIX_PATH=${CMAKE_PREFIX_PATH}:/home/asere/NASA-FSI-Arm/arm_ws/install/FINAL_description:/home/asere/ros2_ws/install/my_py_pkg:/home/asere/ros2_ws/install/actions_py:/home/asere/ros2_ws/install/lifecycle_py:/opt/ros/humble /usr/bin/cmake --install /home/asere/NASA-FSI-Arm/arm_ws/build/moveit_me
[0.269s] -- Install configuration: ""
[0.269s] -- Installing: /home/asere/NASA-FSI-Arm/arm_ws/install/moveit_me/share/ament_index/resource_index/package_run_dependencies/moveit_me
[0.269s] -- Installing: /home/asere/NASA-FSI-Arm/arm_ws/install/moveit_me/share/ament_index/resource_index/parent_prefix_path/moveit_me
[0.269s] -- Installing: /home/asere/NASA-FSI-Arm/arm_ws/install/moveit_me/share/moveit_me/environment/ament_prefix_path.sh
[0.270s] -- Installing: /home/asere/NASA-FSI-Arm/arm_ws/install/moveit_me/share/moveit_me/environment/ament_prefix_path.dsv
[0.270s] -- Installing: /home/asere/NASA-FSI-Arm/arm_ws/install/moveit_me/share/moveit_me/environment/path.sh
[0.270s] -- Installing: /home/asere/NASA-FSI-Arm/arm_ws/install/moveit_me/share/moveit_me/environment/path.dsv
[0.270s] -- Installing: /home/asere/NASA-FSI-Arm/arm_ws/install/moveit_me/share/moveit_me/local_setup.bash
[0.270s] -- Installing: /home/asere/NASA-FSI-Arm/arm_ws/install/moveit_me/share/moveit_me/local_setup.sh
[0.271s] -- Installing: /home/asere/NASA-FSI-Arm/arm_ws/install/moveit_me/share/moveit_me/local_setup.zsh
[0.271s] -- Installing: /home/asere/NASA-FSI-Arm/arm_ws/install/moveit_me/share/moveit_me/local_setup.dsv
[0.271s] -- Installing: /home/asere/NASA-FSI-Arm/arm_ws/install/moveit_me/share/moveit_me/package.dsv
[0.271s] -- Installing: /home/asere/NASA-FSI-Arm/arm_ws/install/moveit_me/share/ament_index/resource_index/packages/moveit_me
[0.271s] -- Installing: /home/asere/NASA-FSI-Arm/arm_ws/install/moveit_me/share/moveit_me/cmake/moveit_meConfig.cmake
[0.272s] -- Installing: /home/asere/NASA-FSI-Arm/arm_ws/install/moveit_me/share/moveit_me/cmake/moveit_meConfig-version.cmake
[0.272s] -- Installing: /home/asere/NASA-FSI-Arm/arm_ws/install/moveit_me/share/moveit_me/package.xml
[0.272s] -- Installing: /home/asere/NASA-FSI-Arm/arm_ws/install/moveit_me/share/moveit_me/launch
[0.272s] -- Installing: /home/asere/NASA-FSI-Arm/arm_ws/install/moveit_me/share/moveit_me/launch/spawn_controllers.launch.py
[0.272s] -- Installing: /home/asere/NASA-FSI-Arm/arm_ws/install/moveit_me/share/moveit_me/launch/static_virtual_joint_tfs.launch.py
[0.273s] -- Installing: /home/asere/NASA-FSI-Arm/arm_ws/install/moveit_me/share/moveit_me/launch/setup_assistant.launch.py
[0.273s] -- Installing: /home/asere/NASA-FSI-Arm/arm_ws/install/moveit_me/share/moveit_me/launch/move_group.launch.py
[0.273s] -- Installing: /home/asere/NASA-FSI-Arm/arm_ws/install/moveit_me/share/moveit_me/launch/moveit_rviz.launch.py
[0.273s] -- Installing: /home/asere/NASA-FSI-Arm/arm_ws/install/moveit_me/share/moveit_me/launch/warehouse_db.launch.py
[0.273s] -- Installing: /home/asere/NASA-FSI-Arm/arm_ws/install/moveit_me/share/moveit_me/launch/rsp.launch.py
[0.273s] -- Installing: /home/asere/NASA-FSI-Arm/arm_ws/install/moveit_me/share/moveit_me/launch/demo.launch.py
[0.273s] -- Installing: /home/asere/NASA-FSI-Arm/arm_ws/install/moveit_me/share/moveit_me/config
[0.274s] -- Installing: /home/asere/NASA-FSI-Arm/arm_ws/install/moveit_me/share/moveit_me/config/pilz_cartesian_limits.yaml
[0.274s] -- Installing: /home/asere/NASA-FSI-Arm/arm_ws/install/moveit_me/share/moveit_me/config/FINAL.srdf
[0.274s] -- Installing: /home/asere/NASA-FSI-Arm/arm_ws/install/moveit_me/share/moveit_me/config/moveit.rviz
[0.274s] -- Installing: /home/asere/NASA-FSI-Arm/arm_ws/install/moveit_me/share/moveit_me/config/kinematics.yaml
[0.274s] -- Installing: /home/asere/NASA-FSI-Arm/arm_ws/install/moveit_me/share/moveit_me/config/joint_limits.yaml
[0.274s] -- Installing: /home/asere/NASA-FSI-Arm/arm_ws/install/moveit_me/share/moveit_me/.setup_assistant
[0.277s] Invoked command in '/home/asere/NASA-FSI-Arm/arm_ws/build/moveit_me' returned '0': CMAKE_PREFIX_PATH=${CMAKE_PREFIX_PATH}:/home/asere/NASA-FSI-Arm/arm_ws/install/FINAL_description:/home/asere/ros2_ws/install/my_py_pkg:/home/asere/ros2_ws/install/actions_py:/home/asere/ros2_ws/install/lifecycle_py:/opt/ros/humble /usr/bin/cmake --install /home/asere/NASA-FSI-Arm/arm_ws/build/moveit_me
