[0.606s] Invoking command in '/home/asere/NASA-FSI-Arm/arm_ws/src/FINAL_description': PYTHONPATH=/home/asere/NASA-FSI-Arm/arm_ws/build/FINAL_description/prefix_override:/usr/lib/python3/dist-packages/colcon_core/task/python/colcon_distutils_commands:/home/asere/NASA-FSI-Arm/arm_ws/install/FINAL_description/lib/python3.10/site-packages:${PYTHONPATH} /usr/bin/python3 -W ignore:setup.py install is deprecated -W ignore:easy_install command is deprecated setup.py egg_info --egg-base ../../build/FINAL_description build --build-base /home/asere/NASA-FSI-Arm/arm_ws/build/FINAL_description/build install --record /home/asere/NASA-FSI-Arm/arm_ws/build/FINAL_description/install.log --install-scripts $base/lib/FINAL_description --single-version-externally-managed install_data
[0.820s] /usr/lib/python3/dist-packages/setuptools/dist.py:723: UserWarning: Usage of dash-separated 'script-dir' will not be supported in future versions. Please use the underscore name 'script_dir' instead
[0.820s]   warnings.warn(
[0.827s] running egg_info
[0.828s] writing ../../build/FINAL_description/FINAL_description.egg-info/PKG-INFO
[0.828s] writing dependency_links to ../../build/FINAL_description/FINAL_description.egg-info/dependency_links.txt
[0.828s] writing entry points to ../../build/FINAL_description/FINAL_description.egg-info/entry_points.txt
[0.828s] writing requirements to ../../build/FINAL_description/FINAL_description.egg-info/requires.txt
[0.829s] writing top-level names to ../../build/FINAL_description/FINAL_description.egg-info/top_level.txt
[0.830s] reading manifest file '../../build/FINAL_description/FINAL_description.egg-info/SOURCES.txt'
[0.831s] writing manifest file '../../build/FINAL_description/FINAL_description.egg-info/SOURCES.txt'
[0.832s] running build
[0.832s] running build_py
[0.832s] running install
[0.832s] running install_lib
[0.834s] running install_data
[0.835s] running install_egg_info
[0.836s] removing '/home/asere/NASA-FSI-Arm/arm_ws/install/FINAL_description/lib/python3.10/site-packages/FINAL_description-0.0.0-py3.10.egg-info' (and everything under it)
[0.837s] Copying ../../build/FINAL_description/FINAL_description.egg-info to /home/asere/NASA-FSI-Arm/arm_ws/install/FINAL_description/lib/python3.10/site-packages/FINAL_description-0.0.0-py3.10.egg-info
[0.838s] running install_scripts
[0.858s] writing list of installed files to '/home/asere/NASA-FSI-Arm/arm_ws/build/FINAL_description/install.log'
[0.882s] Invoked command in '/home/asere/NASA-FSI-Arm/arm_ws/src/FINAL_description' returned '0': PYTHONPATH=/home/asere/NASA-FSI-Arm/arm_ws/build/FINAL_description/prefix_override:/usr/lib/python3/dist-packages/colcon_core/task/python/colcon_distutils_commands:/home/asere/NASA-FSI-Arm/arm_ws/install/FINAL_description/lib/python3.10/site-packages:${PYTHONPATH} /usr/bin/python3 -W ignore:setup.py install is deprecated -W ignore:easy_install command is deprecated setup.py egg_info --egg-base ../../build/FINAL_description build --build-base /home/asere/NASA-FSI-Arm/arm_ws/build/FINAL_description/build install --record /home/asere/NASA-FSI-Arm/arm_ws/build/FINAL_description/install.log --install-scripts $base/lib/FINAL_description --single-version-externally-managed install_data
