-- Install configuration: ""
-- Up-to-date: /home/asere/NASA-FSI-Arm/arm_ws/install/moveit_me/share/ament_index/resource_index/package_run_dependencies/moveit_me
-- Up-to-date: /home/asere/NASA-FSI-Arm/arm_ws/install/moveit_me/share/ament_index/resource_index/parent_prefix_path/moveit_me
-- Up-to-date: /home/asere/NASA-FSI-Arm/arm_ws/install/moveit_me/share/moveit_me/environment/ament_prefix_path.sh
-- Up-to-date: /home/asere/NASA-FSI-Arm/arm_ws/install/moveit_me/share/moveit_me/environment/ament_prefix_path.dsv
-- Up-to-date: /home/asere/NASA-FSI-Arm/arm_ws/install/moveit_me/share/moveit_me/environment/path.sh
-- Up-to-date: /home/asere/NASA-FSI-Arm/arm_ws/install/moveit_me/share/moveit_me/environment/path.dsv
-- Up-to-date: /home/asere/NASA-FSI-Arm/arm_ws/install/moveit_me/share/moveit_me/local_setup.bash
-- Up-to-date: /home/asere/NASA-FSI-Arm/arm_ws/install/moveit_me/share/moveit_me/local_setup.sh
-- Up-to-date: /home/asere/NASA-FSI-Arm/arm_ws/install/moveit_me/share/moveit_me/local_setup.zsh
-- Up-to-date: /home/asere/NASA-FSI-Arm/arm_ws/install/moveit_me/share/moveit_me/local_setup.dsv
-- Installing: /home/asere/NASA-FSI-Arm/arm_ws/install/moveit_me/share/moveit_me/package.dsv
-- Up-to-date: /home/asere/NASA-FSI-Arm/arm_ws/install/moveit_me/share/ament_index/resource_index/packages/moveit_me
-- Up-to-date: /home/asere/NASA-FSI-Arm/arm_ws/install/moveit_me/share/moveit_me/cmake/moveit_meConfig.cmake
-- Up-to-date: /home/asere/NASA-FSI-Arm/arm_ws/install/moveit_me/share/moveit_me/cmake/moveit_meConfig-version.cmake
-- Up-to-date: /home/asere/NASA-FSI-Arm/arm_ws/install/moveit_me/share/moveit_me/package.xml
-- Up-to-date: /home/asere/NASA-FSI-Arm/arm_ws/install/moveit_me/share/moveit_me/launch
-- Up-to-date: /home/asere/NASA-FSI-Arm/arm_ws/install/moveit_me/share/moveit_me/launch/spawn_controllers.launch.py
-- Up-to-date: /home/asere/NASA-FSI-Arm/arm_ws/install/moveit_me/share/moveit_me/launch/static_virtual_joint_tfs.launch.py
-- Up-to-date: /home/asere/NASA-FSI-Arm/arm_ws/install/moveit_me/share/moveit_me/launch/setup_assistant.launch.py
-- Up-to-date: /home/asere/NASA-FSI-Arm/arm_ws/install/moveit_me/share/moveit_me/launch/move_group.launch.py
-- Up-to-date: /home/asere/NASA-FSI-Arm/arm_ws/install/moveit_me/share/moveit_me/launch/moveit_rviz.launch.py
-- Up-to-date: /home/asere/NASA-FSI-Arm/arm_ws/install/moveit_me/share/moveit_me/launch/warehouse_db.launch.py
-- Up-to-date: /home/asere/NASA-FSI-Arm/arm_ws/install/moveit_me/share/moveit_me/launch/rsp.launch.py
-- Up-to-date: /home/asere/NASA-FSI-Arm/arm_ws/install/moveit_me/share/moveit_me/launch/demo.launch.py
-- Up-to-date: /home/asere/NASA-FSI-Arm/arm_ws/install/moveit_me/share/moveit_me/config
-- Up-to-date: /home/asere/NASA-FSI-Arm/arm_ws/install/moveit_me/share/moveit_me/config/pilz_cartesian_limits.yaml
-- Up-to-date: /home/asere/NASA-FSI-Arm/arm_ws/install/moveit_me/share/moveit_me/config/FINAL.srdf
-- Up-to-date: /home/asere/NASA-FSI-Arm/arm_ws/install/moveit_me/share/moveit_me/config/moveit.rviz
-- Up-to-date: /home/asere/NASA-FSI-Arm/arm_ws/install/moveit_me/share/moveit_me/config/kinematics.yaml
-- Up-to-date: /home/asere/NASA-FSI-Arm/arm_ws/install/moveit_me/share/moveit_me/config/joint_limits.yaml
-- Up-to-date: /home/asere/NASA-FSI-Arm/arm_ws/install/moveit_me/share/moveit_me/.setup_assistant
