[0.872s] Invoking command in '/home/asere/NASA-FSI-Arm/arm_ws/src/arm_control': PYTHONPATH=/home/asere/NASA-FSI-Arm/arm_ws/build/arm_control/prefix_override:/usr/lib/python3/dist-packages/colcon_core/task/python/colcon_distutils_commands:/home/asere/NASA-FSI-Arm/arm_ws/install/arm_control/lib/python3.10/site-packages:${PYTHONPATH} /usr/bin/python3 -W ignore:setup.py install is deprecated -W ignore:easy_install command is deprecated setup.py egg_info --egg-base ../../build/arm_control build --build-base /home/asere/NASA-FSI-Arm/arm_ws/build/arm_control/build install --record /home/asere/NASA-FSI-Arm/arm_ws/build/arm_control/install.log --single-version-externally-managed
[1.096s] running egg_info
[1.096s] writing ../../build/arm_control/arm_control.egg-info/PKG-INFO
[1.097s] writing dependency_links to ../../build/arm_control/arm_control.egg-info/dependency_links.txt
[1.097s] writing entry points to ../../build/arm_control/arm_control.egg-info/entry_points.txt
[1.097s] writing requirements to ../../build/arm_control/arm_control.egg-info/requires.txt
[1.097s] writing top-level names to ../../build/arm_control/arm_control.egg-info/top_level.txt
[1.099s] reading manifest file '../../build/arm_control/arm_control.egg-info/SOURCES.txt'
[1.100s] writing manifest file '../../build/arm_control/arm_control.egg-info/SOURCES.txt'
[1.101s] running build
[1.101s] running build_py
[1.101s] copying arm_control/keyboard_arm_control.py -> /home/asere/NASA-FSI-Arm/arm_ws/build/arm_control/build/lib/arm_control
[1.101s] running install
[1.101s] running install_lib
[1.102s] copying /home/asere/NASA-FSI-Arm/arm_ws/build/arm_control/build/lib/arm_control/keyboard_arm_control.py -> /home/asere/NASA-FSI-Arm/arm_ws/install/arm_control/lib/python3.10/site-packages/arm_control
[1.103s] byte-compiling /home/asere/NASA-FSI-Arm/arm_ws/install/arm_control/lib/python3.10/site-packages/arm_control/keyboard_arm_control.py to keyboard_arm_control.cpython-310.pyc
[1.103s] running install_egg_info
[1.105s] removing '/home/asere/NASA-FSI-Arm/arm_ws/install/arm_control/lib/python3.10/site-packages/arm_control-0.0.0-py3.10.egg-info' (and everything under it)
[1.105s] Copying ../../build/arm_control/arm_control.egg-info to /home/asere/NASA-FSI-Arm/arm_ws/install/arm_control/lib/python3.10/site-packages/arm_control-0.0.0-py3.10.egg-info
[1.106s] running install_scripts
[1.125s] Installing keyboard_arm_control script to /home/asere/NASA-FSI-Arm/arm_ws/install/arm_control/lib/arm_control
[1.126s] writing list of installed files to '/home/asere/NASA-FSI-Arm/arm_ws/build/arm_control/install.log'
[1.149s] Invoked command in '/home/asere/NASA-FSI-Arm/arm_ws/src/arm_control' returned '0': PYTHONPATH=/home/asere/NASA-FSI-Arm/arm_ws/build/arm_control/prefix_override:/usr/lib/python3/dist-packages/colcon_core/task/python/colcon_distutils_commands:/home/asere/NASA-FSI-Arm/arm_ws/install/arm_control/lib/python3.10/site-packages:${PYTHONPATH} /usr/bin/python3 -W ignore:setup.py install is deprecated -W ignore:easy_install command is deprecated setup.py egg_info --egg-base ../../build/arm_control build --build-base /home/asere/NASA-FSI-Arm/arm_ws/build/arm_control/build install --record /home/asere/NASA-FSI-Arm/arm_ws/build/arm_control/install.log --single-version-externally-managed
