running egg_info
creating ../../build/arm_control/arm_control.egg-info
writing ../../build/arm_control/arm_control.egg-info/PKG-INFO
writing dependency_links to ../../build/arm_control/arm_control.egg-info/dependency_links.txt
writing entry points to ../../build/arm_control/arm_control.egg-info/entry_points.txt
writing requirements to ../../build/arm_control/arm_control.egg-info/requires.txt
writing top-level names to ../../build/arm_control/arm_control.egg-info/top_level.txt
writing manifest file '../../build/arm_control/arm_control.egg-info/SOURCES.txt'
reading manifest file '../../build/arm_control/arm_control.egg-info/SOURCES.txt'
writing manifest file '../../build/arm_control/arm_control.egg-info/SOURCES.txt'
running build
running build_py
creating /home/asere/NASA-FSI-Arm/arm_ws/build/arm_control/build
creating /home/asere/NASA-FSI-Arm/arm_ws/build/arm_control/build/lib
creating /home/asere/NASA-FSI-Arm/arm_ws/build/arm_control/build/lib/arm_control
copying arm_control/__init__.py -> /home/asere/NASA-FSI-Arm/arm_ws/build/arm_control/build/lib/arm_control
copying arm_control/keyboard_arm_control.py -> /home/asere/NASA-FSI-Arm/arm_ws/build/arm_control/build/lib/arm_control
running install
running install_lib
creating /home/asere/NASA-FSI-Arm/arm_ws/install/arm_control/lib/python3.10/site-packages/arm_control
copying /home/asere/NASA-FSI-Arm/arm_ws/build/arm_control/build/lib/arm_control/__init__.py -> /home/asere/NASA-FSI-Arm/arm_ws/install/arm_control/lib/python3.10/site-packages/arm_control
copying /home/asere/NASA-FSI-Arm/arm_ws/build/arm_control/build/lib/arm_control/keyboard_arm_control.py -> /home/asere/NASA-FSI-Arm/arm_ws/install/arm_control/lib/python3.10/site-packages/arm_control
byte-compiling /home/asere/NASA-FSI-Arm/arm_ws/install/arm_control/lib/python3.10/site-packages/arm_control/__init__.py to __init__.cpython-310.pyc
byte-compiling /home/asere/NASA-FSI-Arm/arm_ws/install/arm_control/lib/python3.10/site-packages/arm_control/keyboard_arm_control.py to keyboard_arm_control.cpython-310.pyc
running install_egg_info
Copying ../../build/arm_control/arm_control.egg-info to /home/asere/NASA-FSI-Arm/arm_ws/install/arm_control/lib/python3.10/site-packages/arm_control-0.0.0-py3.10.egg-info
running install_scripts
Installing keyboard_arm_control script to /home/asere/NASA-FSI-Arm/arm_ws/install/arm_control/lib/arm_control
writing list of installed files to '/home/asere/NASA-FSI-Arm/arm_ws/build/arm_control/install.log'
