[1.251s] Invoking command in '/home/asere/NASA-FSI-Arm/arm_ws/src/arm_control': PYTHONPATH=/home/asere/NASA-FSI-Arm/arm_ws/build/arm_control/prefix_override:/usr/lib/python3/dist-packages/colcon_core/task/python/colcon_distutils_commands:/home/asere/NASA-FSI-Arm/arm_ws/install/arm_control/lib/python3.10/site-packages:${PYTHONPATH} /usr/bin/python3 -W ignore:setup.py install is deprecated -W ignore:easy_install command is deprecated setup.py egg_info --egg-base ../../build/arm_control build --build-base /home/asere/NASA-FSI-Arm/arm_ws/build/arm_control/build install --record /home/asere/NASA-FSI-Arm/arm_ws/build/arm_control/install.log --single-version-externally-managed
[1.545s] running egg_info
[1.545s] creating ../../build/arm_control/arm_control.egg-info
[1.546s] writing ../../build/arm_control/arm_control.egg-info/PKG-INFO
[1.546s] writing dependency_links to ../../build/arm_control/arm_control.egg-info/dependency_links.txt
[1.546s] writing entry points to ../../build/arm_control/arm_control.egg-info/entry_points.txt
[1.546s] writing requirements to ../../build/arm_control/arm_control.egg-info/requires.txt
[1.546s] writing top-level names to ../../build/arm_control/arm_control.egg-info/top_level.txt
[1.546s] writing manifest file '../../build/arm_control/arm_control.egg-info/SOURCES.txt'
[1.548s] reading manifest file '../../build/arm_control/arm_control.egg-info/SOURCES.txt'
[1.549s] writing manifest file '../../build/arm_control/arm_control.egg-info/SOURCES.txt'
[1.549s] running build
[1.550s] running build_py
[1.550s] creating /home/asere/NASA-FSI-Arm/arm_ws/build/arm_control/build
[1.550s] creating /home/asere/NASA-FSI-Arm/arm_ws/build/arm_control/build/lib
[1.550s] creating /home/asere/NASA-FSI-Arm/arm_ws/build/arm_control/build/lib/arm_control
[1.550s] copying arm_control/__init__.py -> /home/asere/NASA-FSI-Arm/arm_ws/build/arm_control/build/lib/arm_control
[1.550s] copying arm_control/keyboard_arm_control.py -> /home/asere/NASA-FSI-Arm/arm_ws/build/arm_control/build/lib/arm_control
[1.550s] running install
[1.550s] running install_lib
[1.551s] creating /home/asere/NASA-FSI-Arm/arm_ws/install/arm_control/lib/python3.10/site-packages/arm_control
[1.551s] copying /home/asere/NASA-FSI-Arm/arm_ws/build/arm_control/build/lib/arm_control/__init__.py -> /home/asere/NASA-FSI-Arm/arm_ws/install/arm_control/lib/python3.10/site-packages/arm_control
[1.551s] copying /home/asere/NASA-FSI-Arm/arm_ws/build/arm_control/build/lib/arm_control/keyboard_arm_control.py -> /home/asere/NASA-FSI-Arm/arm_ws/install/arm_control/lib/python3.10/site-packages/arm_control
[1.552s] byte-compiling /home/asere/NASA-FSI-Arm/arm_ws/install/arm_control/lib/python3.10/site-packages/arm_control/__init__.py to __init__.cpython-310.pyc
[1.552s] byte-compiling /home/asere/NASA-FSI-Arm/arm_ws/install/arm_control/lib/python3.10/site-packages/arm_control/keyboard_arm_control.py to keyboard_arm_control.cpython-310.pyc
[1.553s] running install_egg_info
[1.554s] Copying ../../build/arm_control/arm_control.egg-info to /home/asere/NASA-FSI-Arm/arm_ws/install/arm_control/lib/python3.10/site-packages/arm_control-0.0.0-py3.10.egg-info
[1.555s] running install_scripts
[1.582s] Installing keyboard_arm_control script to /home/asere/NASA-FSI-Arm/arm_ws/install/arm_control/lib/arm_control
[1.583s] writing list of installed files to '/home/asere/NASA-FSI-Arm/arm_ws/build/arm_control/install.log'
[1.656s] Invoked command in '/home/asere/NASA-FSI-Arm/arm_ws/src/arm_control' returned '0': PYTHONPATH=/home/asere/NASA-FSI-Arm/arm_ws/build/arm_control/prefix_override:/usr/lib/python3/dist-packages/colcon_core/task/python/colcon_distutils_commands:/home/asere/NASA-FSI-Arm/arm_ws/install/arm_control/lib/python3.10/site-packages:${PYTHONPATH} /usr/bin/python3 -W ignore:setup.py install is deprecated -W ignore:easy_install command is deprecated setup.py egg_info --egg-base ../../build/arm_control build --build-base /home/asere/NASA-FSI-Arm/arm_ws/build/arm_control/build install --record /home/asere/NASA-FSI-Arm/arm_ws/build/arm_control/install.log --single-version-externally-managed
