-- Install configuration: ""
-- Installing: /home/asere/NASA-FSI-Arm/arm_ws/install/FINAL_moveit/share/ament_index/resource_index/package_run_dependencies/FINAL_moveit
-- Installing: /home/asere/NASA-FSI-Arm/arm_ws/install/FINAL_moveit/share/ament_index/resource_index/parent_prefix_path/FINAL_moveit
-- Installing: /home/asere/NASA-FSI-Arm/arm_ws/install/FINAL_moveit/share/FINAL_moveit/environment/ament_prefix_path.sh
-- Installing: /home/asere/NASA-FSI-Arm/arm_ws/install/FINAL_moveit/share/FINAL_moveit/environment/ament_prefix_path.dsv
-- Installing: /home/asere/NASA-FSI-Arm/arm_ws/install/FINAL_moveit/share/FINAL_moveit/environment/path.sh
-- Installing: /home/asere/NASA-FSI-Arm/arm_ws/install/FINAL_moveit/share/FINAL_moveit/environment/path.dsv
-- Installing: /home/asere/NASA-FSI-Arm/arm_ws/install/FINAL_moveit/share/FINAL_moveit/local_setup.bash
-- Installing: /home/asere/NASA-FSI-Arm/arm_ws/install/FINAL_moveit/share/FINAL_moveit/local_setup.sh
-- Installing: /home/asere/NASA-FSI-Arm/arm_ws/install/FINAL_moveit/share/FINAL_moveit/local_setup.zsh
-- Installing: /home/asere/NASA-FSI-Arm/arm_ws/install/FINAL_moveit/share/FINAL_moveit/local_setup.dsv
-- Installing: /home/asere/NASA-FSI-Arm/arm_ws/install/FINAL_moveit/share/FINAL_moveit/package.dsv
-- Installing: /home/asere/NASA-FSI-Arm/arm_ws/install/FINAL_moveit/share/ament_index/resource_index/packages/FINAL_moveit
-- Installing: /home/asere/NASA-FSI-Arm/arm_ws/install/FINAL_moveit/share/FINAL_moveit/cmake/FINAL_moveitConfig.cmake
-- Installing: /home/asere/NASA-FSI-Arm/arm_ws/install/FINAL_moveit/share/FINAL_moveit/cmake/FINAL_moveitConfig-version.cmake
-- Installing: /home/asere/NASA-FSI-Arm/arm_ws/install/FINAL_moveit/share/FINAL_moveit/package.xml
-- Installing: /home/asere/NASA-FSI-Arm/arm_ws/install/FINAL_moveit/share/FINAL_moveit/launch
-- Installing: /home/asere/NASA-FSI-Arm/arm_ws/install/FINAL_moveit/share/FINAL_moveit/launch/spawn_controllers.launch.py
-- Installing: /home/asere/NASA-FSI-Arm/arm_ws/install/FINAL_moveit/share/FINAL_moveit/launch/static_virtual_joint_tfs.launch.py
-- Installing: /home/asere/NASA-FSI-Arm/arm_ws/install/FINAL_moveit/share/FINAL_moveit/launch/setup_assistant.launch.py
-- Installing: /home/asere/NASA-FSI-Arm/arm_ws/install/FINAL_moveit/share/FINAL_moveit/launch/move_group.launch.py
-- Installing: /home/asere/NASA-FSI-Arm/arm_ws/install/FINAL_moveit/share/FINAL_moveit/launch/moveit_rviz.launch.py
-- Installing: /home/asere/NASA-FSI-Arm/arm_ws/install/FINAL_moveit/share/FINAL_moveit/launch/warehouse_db.launch.py
-- Installing: /home/asere/NASA-FSI-Arm/arm_ws/install/FINAL_moveit/share/FINAL_moveit/launch/rsp.launch.py
-- Installing: /home/asere/NASA-FSI-Arm/arm_ws/install/FINAL_moveit/share/FINAL_moveit/launch/demo.launch.py
-- Installing: /home/asere/NASA-FSI-Arm/arm_ws/install/FINAL_moveit/share/FINAL_moveit/config
-- Installing: /home/asere/NASA-FSI-Arm/arm_ws/install/FINAL_moveit/share/FINAL_moveit/config/ros2_controllers.yaml
-- Installing: /home/asere/NASA-FSI-Arm/arm_ws/install/FINAL_moveit/share/FINAL_moveit/config/moveit_controllers.yaml
-- Installing: /home/asere/NASA-FSI-Arm/arm_ws/install/FINAL_moveit/share/FINAL_moveit/config/initial_positions.yaml
-- Installing: /home/asere/NASA-FSI-Arm/arm_ws/install/FINAL_moveit/share/FINAL_moveit/config/pilz_cartesian_limits.yaml
-- Installing: /home/asere/NASA-FSI-Arm/arm_ws/install/FINAL_moveit/share/FINAL_moveit/config/FINAL.ros2_control.xacro
-- Installing: /home/asere/NASA-FSI-Arm/arm_ws/install/FINAL_moveit/share/FINAL_moveit/config/FINAL.srdf
-- Installing: /home/asere/NASA-FSI-Arm/arm_ws/install/FINAL_moveit/share/FINAL_moveit/config/moveit.rviz
-- Installing: /home/asere/NASA-FSI-Arm/arm_ws/install/FINAL_moveit/share/FINAL_moveit/config/kinematics.yaml
-- Installing: /home/asere/NASA-FSI-Arm/arm_ws/install/FINAL_moveit/share/FINAL_moveit/config/joint_limits.yaml
-- Installing: /home/asere/NASA-FSI-Arm/arm_ws/install/FINAL_moveit/share/FINAL_moveit/config/FINAL.urdf.xacro
-- Installing: /home/asere/NASA-FSI-Arm/arm_ws/install/FINAL_moveit/share/FINAL_moveit/.setup_assistant
