[0.326s] DEBUG:colcon:Command line arguments: ['/usr/bin/colcon', 'build']
[0.326s] DEBUG:colcon:Parsed command line arguments: Namespace(log_base=None, log_level=None, verb_name='build', build_base='build', install_base='install', merge_install=False, symlink_install=False, test_result_base=None, continue_on_error=False, executor='parallel', parallel_workers=8, event_handlers=None, ignore_user_meta=False, metas=['./colcon.meta'], base_paths=['.'], packages_ignore=None, packages_ignore_regex=None, paths=None, packages_up_to=None, packages_up_to_regex=None, packages_above=None, packages_above_and_dependencies=None, packages_above_depth=None, packages_select_by_dep=None, packages_skip_by_dep=None, packages_skip_up_to=None, packages_select_build_failed=False, packages_skip_build_finished=False, packages_select_test_failures=False, packages_skip_test_passed=False, packages_select=None, packages_skip=None, packages_select_regex=None, packages_skip_regex=None, packages_start=None, packages_end=None, allow_overriding=[], cmake_args=None, cmake_target=None, cmake_target_skip_unavailable=False, cmake_clean_cache=False, cmake_clean_first=False, cmake_force_configure=False, ament_cmake_args=None, catkin_cmake_args=None, catkin_skip_building_tests=False, mixin_files=None, mixin=None, verb_parser=<colcon_mixin.mixin.mixin_argument.MixinArgumentDecorator object at 0x78f32eb33970>, verb_extension=<colcon_core.verb.build.BuildVerb object at 0x78f32ec78910>, main=<bound method BuildVerb.main of <colcon_core.verb.build.BuildVerb object at 0x78f32ec78910>>, mixin_verb=('build',))
[0.725s] Level 1:colcon.colcon_core.package_discovery:discover_packages(colcon_meta) check parameters
[0.725s] Level 1:colcon.colcon_core.package_discovery:discover_packages(recursive) check parameters
[0.725s] Level 1:colcon.colcon_core.package_discovery:discover_packages(ignore) check parameters
[0.725s] Level 1:colcon.colcon_core.package_discovery:discover_packages(path) check parameters
[0.725s] Level 1:colcon.colcon_core.package_discovery:discover_packages(colcon_meta) discover
[0.725s] Level 1:colcon.colcon_core.package_discovery:discover_packages(recursive) discover
[0.725s] INFO:colcon.colcon_core.package_discovery:Crawling recursively for packages in '/home/asere/NASA-FSI-Arm/arm_ws'
[0.726s] Level 1:colcon.colcon_core.package_identification:_identify(.) by extensions ['ignore', 'ignore_ament_install']
[0.726s] Level 1:colcon.colcon_core.package_identification:_identify(.) by extension 'ignore'
[0.726s] Level 1:colcon.colcon_core.package_identification:_identify(.) by extension 'ignore_ament_install'
[0.726s] Level 1:colcon.colcon_core.package_identification:_identify(.) by extensions ['colcon_pkg']
[0.726s] Level 1:colcon.colcon_core.package_identification:_identify(.) by extension 'colcon_pkg'
[0.726s] Level 1:colcon.colcon_core.package_identification:_identify(.) by extensions ['colcon_meta']
[0.726s] Level 1:colcon.colcon_core.package_identification:_identify(.) by extension 'colcon_meta'
[0.726s] Level 1:colcon.colcon_core.package_identification:_identify(.) by extensions ['ros']
[0.726s] Level 1:colcon.colcon_core.package_identification:_identify(.) by extension 'ros'
[0.743s] Level 1:colcon.colcon_core.package_identification:_identify(.) by extensions ['cmake', 'python']
[0.743s] Level 1:colcon.colcon_core.package_identification:_identify(.) by extension 'cmake'
[0.743s] Level 1:colcon.colcon_core.package_identification:_identify(.) by extension 'python'
[0.743s] Level 1:colcon.colcon_core.package_identification:_identify(.) by extensions ['python_setup_py']
[0.743s] Level 1:colcon.colcon_core.package_identification:_identify(.) by extension 'python_setup_py'
[0.743s] Level 1:colcon.colcon_core.package_identification:_identify(build) by extensions ['ignore', 'ignore_ament_install']
[0.743s] Level 1:colcon.colcon_core.package_identification:_identify(build) by extension 'ignore'
[0.743s] Level 1:colcon.colcon_core.package_identification:_identify(build) ignored
[0.744s] Level 1:colcon.colcon_core.package_identification:_identify(install) by extensions ['ignore', 'ignore_ament_install']
[0.744s] Level 1:colcon.colcon_core.package_identification:_identify(install) by extension 'ignore'
[0.744s] Level 1:colcon.colcon_core.package_identification:_identify(install) ignored
[0.744s] Level 1:colcon.colcon_core.package_identification:_identify(log) by extensions ['ignore', 'ignore_ament_install']
[0.744s] Level 1:colcon.colcon_core.package_identification:_identify(log) by extension 'ignore'
[0.744s] Level 1:colcon.colcon_core.package_identification:_identify(log) ignored
[0.745s] Level 1:colcon.colcon_core.package_identification:_identify(src) by extensions ['ignore', 'ignore_ament_install']
[0.745s] Level 1:colcon.colcon_core.package_identification:_identify(src) by extension 'ignore'
[0.745s] Level 1:colcon.colcon_core.package_identification:_identify(src) by extension 'ignore_ament_install'
[0.745s] Level 1:colcon.colcon_core.package_identification:_identify(src) by extensions ['colcon_pkg']
[0.745s] Level 1:colcon.colcon_core.package_identification:_identify(src) by extension 'colcon_pkg'
[0.745s] Level 1:colcon.colcon_core.package_identification:_identify(src) by extensions ['colcon_meta']
[0.745s] Level 1:colcon.colcon_core.package_identification:_identify(src) by extension 'colcon_meta'
[0.745s] Level 1:colcon.colcon_core.package_identification:_identify(src) by extensions ['ros']
[0.745s] Level 1:colcon.colcon_core.package_identification:_identify(src) by extension 'ros'
[0.745s] Level 1:colcon.colcon_core.package_identification:_identify(src) by extensions ['cmake', 'python']
[0.745s] Level 1:colcon.colcon_core.package_identification:_identify(src) by extension 'cmake'
[0.745s] Level 1:colcon.colcon_core.package_identification:_identify(src) by extension 'python'
[0.745s] Level 1:colcon.colcon_core.package_identification:_identify(src) by extensions ['python_setup_py']
[0.745s] Level 1:colcon.colcon_core.package_identification:_identify(src) by extension 'python_setup_py'
[0.746s] Level 1:colcon.colcon_core.package_identification:_identify(src/FINAL_description) by extensions ['ignore', 'ignore_ament_install']
[0.746s] Level 1:colcon.colcon_core.package_identification:_identify(src/FINAL_description) by extension 'ignore'
[0.746s] Level 1:colcon.colcon_core.package_identification:_identify(src/FINAL_description) by extension 'ignore_ament_install'
[0.746s] Level 1:colcon.colcon_core.package_identification:_identify(src/FINAL_description) by extensions ['colcon_pkg']
[0.746s] Level 1:colcon.colcon_core.package_identification:_identify(src/FINAL_description) by extension 'colcon_pkg'
[0.746s] Level 1:colcon.colcon_core.package_identification:_identify(src/FINAL_description) by extensions ['colcon_meta']
[0.746s] Level 1:colcon.colcon_core.package_identification:_identify(src/FINAL_description) by extension 'colcon_meta'
[0.746s] Level 1:colcon.colcon_core.package_identification:_identify(src/FINAL_description) by extensions ['ros']
[0.746s] Level 1:colcon.colcon_core.package_identification:_identify(src/FINAL_description) by extension 'ros'
[0.750s] DEBUG:colcon.colcon_core.package_identification:Package 'src/FINAL_description' with type 'ros.ament_python' and name 'FINAL_description'
[0.751s] Level 1:colcon.colcon_core.package_identification:_identify(src/FINAL_moveit) by extensions ['ignore', 'ignore_ament_install']
[0.751s] Level 1:colcon.colcon_core.package_identification:_identify(src/FINAL_moveit) by extension 'ignore'
[0.751s] Level 1:colcon.colcon_core.package_identification:_identify(src/FINAL_moveit) by extension 'ignore_ament_install'
[0.751s] Level 1:colcon.colcon_core.package_identification:_identify(src/FINAL_moveit) by extensions ['colcon_pkg']
[0.751s] Level 1:colcon.colcon_core.package_identification:_identify(src/FINAL_moveit) by extension 'colcon_pkg'
[0.751s] Level 1:colcon.colcon_core.package_identification:_identify(src/FINAL_moveit) by extensions ['colcon_meta']
[0.751s] Level 1:colcon.colcon_core.package_identification:_identify(src/FINAL_moveit) by extension 'colcon_meta'
[0.751s] Level 1:colcon.colcon_core.package_identification:_identify(src/FINAL_moveit) by extensions ['ros']
[0.751s] Level 1:colcon.colcon_core.package_identification:_identify(src/FINAL_moveit) by extension 'ros'
[0.752s] DEBUG:colcon.colcon_core.package_identification:Package 'src/FINAL_moveit' with type 'ros.ament_cmake' and name 'FINAL_moveit'
[0.753s] Level 1:colcon.colcon_core.package_identification:_identify(src/arm_control) by extensions ['ignore', 'ignore_ament_install']
[0.753s] Level 1:colcon.colcon_core.package_identification:_identify(src/arm_control) by extension 'ignore'
[0.753s] Level 1:colcon.colcon_core.package_identification:_identify(src/arm_control) by extension 'ignore_ament_install'
[0.753s] Level 1:colcon.colcon_core.package_identification:_identify(src/arm_control) by extensions ['colcon_pkg']
[0.753s] Level 1:colcon.colcon_core.package_identification:_identify(src/arm_control) by extension 'colcon_pkg'
[0.753s] Level 1:colcon.colcon_core.package_identification:_identify(src/arm_control) by extensions ['colcon_meta']
[0.753s] Level 1:colcon.colcon_core.package_identification:_identify(src/arm_control) by extension 'colcon_meta'
[0.753s] Level 1:colcon.colcon_core.package_identification:_identify(src/arm_control) by extensions ['ros']
[0.753s] Level 1:colcon.colcon_core.package_identification:_identify(src/arm_control) by extension 'ros'
[0.754s] DEBUG:colcon.colcon_core.package_identification:Package 'src/arm_control' with type 'ros.ament_python' and name 'arm_control'
[0.754s] Level 1:colcon.colcon_core.package_identification:_identify(src/moveit_me) by extensions ['ignore', 'ignore_ament_install']
[0.754s] Level 1:colcon.colcon_core.package_identification:_identify(src/moveit_me) by extension 'ignore'
[0.754s] Level 1:colcon.colcon_core.package_identification:_identify(src/moveit_me) by extension 'ignore_ament_install'
[0.754s] Level 1:colcon.colcon_core.package_identification:_identify(src/moveit_me) by extensions ['colcon_pkg']
[0.754s] Level 1:colcon.colcon_core.package_identification:_identify(src/moveit_me) by extension 'colcon_pkg'
[0.754s] Level 1:colcon.colcon_core.package_identification:_identify(src/moveit_me) by extensions ['colcon_meta']
[0.754s] Level 1:colcon.colcon_core.package_identification:_identify(src/moveit_me) by extension 'colcon_meta'
[0.754s] Level 1:colcon.colcon_core.package_identification:_identify(src/moveit_me) by extensions ['ros']
[0.754s] Level 1:colcon.colcon_core.package_identification:_identify(src/moveit_me) by extension 'ros'
[0.755s] DEBUG:colcon.colcon_core.package_identification:Package 'src/moveit_me' with type 'ros.ament_cmake' and name 'moveit_me'
[0.755s] Level 1:colcon.colcon_core.package_discovery:discover_packages(recursive) using defaults
[0.755s] Level 1:colcon.colcon_core.package_discovery:discover_packages(ignore) discover
[0.755s] Level 1:colcon.colcon_core.package_discovery:discover_packages(ignore) using defaults
[0.755s] Level 1:colcon.colcon_core.package_discovery:discover_packages(path) discover
[0.755s] Level 1:colcon.colcon_core.package_discovery:discover_packages(path) using defaults
[0.833s] Level 1:colcon.colcon_core.package_discovery:discover_packages(prefix_path) check parameters
[0.833s] Level 1:colcon.colcon_core.package_discovery:discover_packages(prefix_path) discover
[0.843s] DEBUG:colcon.colcon_installed_package_information.package_discovery:Found 3 installed packages in /home/asere/NASA-FSI-Arm/arm_ws/install
[0.844s] DEBUG:colcon.colcon_installed_package_information.package_discovery:Found 7 installed packages in /home/asere/ros2_ws/install
[0.847s] DEBUG:colcon.colcon_installed_package_information.package_discovery:Found 336 installed packages in /opt/ros/humble
[0.849s] Level 1:colcon.colcon_core.package_discovery:discover_packages(prefix_path) using defaults
[0.994s] Level 5:colcon.colcon_core.verb:set package 'FINAL_description' build argument 'cmake_args' from command line to 'None'
[0.995s] Level 5:colcon.colcon_core.verb:set package 'FINAL_description' build argument 'cmake_target' from command line to 'None'
[0.995s] Level 5:colcon.colcon_core.verb:set package 'FINAL_description' build argument 'cmake_target_skip_unavailable' from command line to 'False'
[0.995s] Level 5:colcon.colcon_core.verb:set package 'FINAL_description' build argument 'cmake_clean_cache' from command line to 'False'
[0.995s] Level 5:colcon.colcon_core.verb:set package 'FINAL_description' build argument 'cmake_clean_first' from command line to 'False'
[0.995s] Level 5:colcon.colcon_core.verb:set package 'FINAL_description' build argument 'cmake_force_configure' from command line to 'False'
[0.995s] Level 5:colcon.colcon_core.verb:set package 'FINAL_description' build argument 'ament_cmake_args' from command line to 'None'
[0.995s] Level 5:colcon.colcon_core.verb:set package 'FINAL_description' build argument 'catkin_cmake_args' from command line to 'None'
[0.995s] Level 5:colcon.colcon_core.verb:set package 'FINAL_description' build argument 'catkin_skip_building_tests' from command line to 'False'
[0.995s] DEBUG:colcon.colcon_core.verb:Building package 'FINAL_description' with the following arguments: {'ament_cmake_args': None, 'build_base': '/home/asere/NASA-FSI-Arm/arm_ws/build/FINAL_description', 'catkin_cmake_args': None, 'catkin_skip_building_tests': False, 'cmake_args': None, 'cmake_clean_cache': False, 'cmake_clean_first': False, 'cmake_force_configure': False, 'cmake_target': None, 'cmake_target_skip_unavailable': False, 'install_base': '/home/asere/NASA-FSI-Arm/arm_ws/install/FINAL_description', 'merge_install': False, 'path': '/home/asere/NASA-FSI-Arm/arm_ws/src/FINAL_description', 'symlink_install': False, 'test_result_base': None}
[0.995s] Level 5:colcon.colcon_core.verb:set package 'arm_control' build argument 'cmake_args' from command line to 'None'
[0.995s] Level 5:colcon.colcon_core.verb:set package 'arm_control' build argument 'cmake_target' from command line to 'None'
[0.995s] Level 5:colcon.colcon_core.verb:set package 'arm_control' build argument 'cmake_target_skip_unavailable' from command line to 'False'
[0.995s] Level 5:colcon.colcon_core.verb:set package 'arm_control' build argument 'cmake_clean_cache' from command line to 'False'
[0.995s] Level 5:colcon.colcon_core.verb:set package 'arm_control' build argument 'cmake_clean_first' from command line to 'False'
[0.995s] Level 5:colcon.colcon_core.verb:set package 'arm_control' build argument 'cmake_force_configure' from command line to 'False'
[0.995s] Level 5:colcon.colcon_core.verb:set package 'arm_control' build argument 'ament_cmake_args' from command line to 'None'
[0.995s] Level 5:colcon.colcon_core.verb:set package 'arm_control' build argument 'catkin_cmake_args' from command line to 'None'
[0.995s] Level 5:colcon.colcon_core.verb:set package 'arm_control' build argument 'catkin_skip_building_tests' from command line to 'False'
[0.995s] DEBUG:colcon.colcon_core.verb:Building package 'arm_control' with the following arguments: {'ament_cmake_args': None, 'build_base': '/home/asere/NASA-FSI-Arm/arm_ws/build/arm_control', 'catkin_cmake_args': None, 'catkin_skip_building_tests': False, 'cmake_args': None, 'cmake_clean_cache': False, 'cmake_clean_first': False, 'cmake_force_configure': False, 'cmake_target': None, 'cmake_target_skip_unavailable': False, 'install_base': '/home/asere/NASA-FSI-Arm/arm_ws/install/arm_control', 'merge_install': False, 'path': '/home/asere/NASA-FSI-Arm/arm_ws/src/arm_control', 'symlink_install': False, 'test_result_base': None}
[0.996s] Level 5:colcon.colcon_core.verb:set package 'FINAL_moveit' build argument 'cmake_args' from command line to 'None'
[0.996s] Level 5:colcon.colcon_core.verb:set package 'FINAL_moveit' build argument 'cmake_target' from command line to 'None'
[0.996s] Level 5:colcon.colcon_core.verb:set package 'FINAL_moveit' build argument 'cmake_target_skip_unavailable' from command line to 'False'
[0.996s] Level 5:colcon.colcon_core.verb:set package 'FINAL_moveit' build argument 'cmake_clean_cache' from command line to 'False'
[0.996s] Level 5:colcon.colcon_core.verb:set package 'FINAL_moveit' build argument 'cmake_clean_first' from command line to 'False'
[0.996s] Level 5:colcon.colcon_core.verb:set package 'FINAL_moveit' build argument 'cmake_force_configure' from command line to 'False'
[0.996s] Level 5:colcon.colcon_core.verb:set package 'FINAL_moveit' build argument 'ament_cmake_args' from command line to 'None'
[0.996s] Level 5:colcon.colcon_core.verb:set package 'FINAL_moveit' build argument 'catkin_cmake_args' from command line to 'None'
[0.996s] Level 5:colcon.colcon_core.verb:set package 'FINAL_moveit' build argument 'catkin_skip_building_tests' from command line to 'False'
[0.996s] DEBUG:colcon.colcon_core.verb:Building package 'FINAL_moveit' with the following arguments: {'ament_cmake_args': None, 'build_base': '/home/asere/NASA-FSI-Arm/arm_ws/build/FINAL_moveit', 'catkin_cmake_args': None, 'catkin_skip_building_tests': False, 'cmake_args': None, 'cmake_clean_cache': False, 'cmake_clean_first': False, 'cmake_force_configure': False, 'cmake_target': None, 'cmake_target_skip_unavailable': False, 'install_base': '/home/asere/NASA-FSI-Arm/arm_ws/install/FINAL_moveit', 'merge_install': False, 'path': '/home/asere/NASA-FSI-Arm/arm_ws/src/FINAL_moveit', 'symlink_install': False, 'test_result_base': None}
[0.996s] Level 5:colcon.colcon_core.verb:set package 'moveit_me' build argument 'cmake_args' from command line to 'None'
[0.996s] Level 5:colcon.colcon_core.verb:set package 'moveit_me' build argument 'cmake_target' from command line to 'None'
[0.996s] Level 5:colcon.colcon_core.verb:set package 'moveit_me' build argument 'cmake_target_skip_unavailable' from command line to 'False'
[0.996s] Level 5:colcon.colcon_core.verb:set package 'moveit_me' build argument 'cmake_clean_cache' from command line to 'False'
[0.996s] Level 5:colcon.colcon_core.verb:set package 'moveit_me' build argument 'cmake_clean_first' from command line to 'False'
[0.996s] Level 5:colcon.colcon_core.verb:set package 'moveit_me' build argument 'cmake_force_configure' from command line to 'False'
[0.996s] Level 5:colcon.colcon_core.verb:set package 'moveit_me' build argument 'ament_cmake_args' from command line to 'None'
[0.996s] Level 5:colcon.colcon_core.verb:set package 'moveit_me' build argument 'catkin_cmake_args' from command line to 'None'
[0.996s] Level 5:colcon.colcon_core.verb:set package 'moveit_me' build argument 'catkin_skip_building_tests' from command line to 'False'
[0.997s] DEBUG:colcon.colcon_core.verb:Building package 'moveit_me' with the following arguments: {'ament_cmake_args': None, 'build_base': '/home/asere/NASA-FSI-Arm/arm_ws/build/moveit_me', 'catkin_cmake_args': None, 'catkin_skip_building_tests': False, 'cmake_args': None, 'cmake_clean_cache': False, 'cmake_clean_first': False, 'cmake_force_configure': False, 'cmake_target': None, 'cmake_target_skip_unavailable': False, 'install_base': '/home/asere/NASA-FSI-Arm/arm_ws/install/moveit_me', 'merge_install': False, 'path': '/home/asere/NASA-FSI-Arm/arm_ws/src/moveit_me', 'symlink_install': False, 'test_result_base': None}
[0.997s] INFO:colcon.colcon_core.executor:Executing jobs using 'parallel' executor
[0.998s] DEBUG:colcon.colcon_parallel_executor.executor.parallel:run_until_complete
[0.998s] INFO:colcon.colcon_ros.task.ament_python.build:Building ROS package in '/home/asere/NASA-FSI-Arm/arm_ws/src/FINAL_description' with build type 'ament_python'
[0.998s] Level 1:colcon.colcon_core.shell:create_environment_hook('FINAL_description', 'ament_prefix_path')
[1.005s] INFO:colcon.colcon_core.plugin_system:Skipping extension 'colcon_core.shell.bat': Not used on non-Windows systems
[1.005s] INFO:colcon.colcon_core.shell:Creating environment hook '/home/asere/NASA-FSI-Arm/arm_ws/install/FINAL_description/share/FINAL_description/hook/ament_prefix_path.ps1'
[1.007s] INFO:colcon.colcon_core.shell:Creating environment descriptor '/home/asere/NASA-FSI-Arm/arm_ws/install/FINAL_description/share/FINAL_description/hook/ament_prefix_path.dsv'
[1.008s] INFO:colcon.colcon_core.shell:Creating environment hook '/home/asere/NASA-FSI-Arm/arm_ws/install/FINAL_description/share/FINAL_description/hook/ament_prefix_path.sh'
[1.009s] INFO:colcon.colcon_core.shell:Skip shell extension 'powershell' for command environment: Not usable outside of PowerShell
[1.009s] DEBUG:colcon.colcon_core.shell:Skip shell extension 'dsv' for command environment
[1.014s] INFO:colcon.colcon_ros.task.ament_python.build:Building ROS package in '/home/asere/NASA-FSI-Arm/arm_ws/src/arm_control' with build type 'ament_python'
[1.014s] Level 1:colcon.colcon_core.shell:create_environment_hook('arm_control', 'ament_prefix_path')
[1.014s] INFO:colcon.colcon_core.shell:Creating environment hook '/home/asere/NASA-FSI-Arm/arm_ws/install/arm_control/share/arm_control/hook/ament_prefix_path.ps1'
[1.015s] INFO:colcon.colcon_core.shell:Creating environment descriptor '/home/asere/NASA-FSI-Arm/arm_ws/install/arm_control/share/arm_control/hook/ament_prefix_path.dsv'
[1.015s] INFO:colcon.colcon_core.shell:Creating environment hook '/home/asere/NASA-FSI-Arm/arm_ws/install/arm_control/share/arm_control/hook/ament_prefix_path.sh'
[1.016s] INFO:colcon.colcon_core.shell:Skip shell extension 'powershell' for command environment: Not usable outside of PowerShell
[1.016s] DEBUG:colcon.colcon_core.shell:Skip shell extension 'dsv' for command environment
[1.277s] INFO:colcon.colcon_core.task.python.build:Building Python package in '/home/asere/NASA-FSI-Arm/arm_ws/src/FINAL_description'
[1.278s] INFO:colcon.colcon_core.shell:Skip shell extension 'powershell' for command environment: Not usable outside of PowerShell
[1.278s] DEBUG:colcon.colcon_core.shell:Skip shell extension 'dsv' for command environment
[1.523s] WARNING:colcon.colcon_ros.task.ament_python.build:Package 'arm_control' doesn't explicitly install a marker in the package index (colcon-ros currently does it implicitly but that fallback will be removed in the future)
[1.524s] WARNING:colcon.colcon_ros.task.ament_python.build:Package 'arm_control' doesn't explicitly install the 'package.xml' file (colcon-ros currently does it implicitly but that fallback will be removed in the future)
[1.524s] INFO:colcon.colcon_core.task.python.build:Building Python package in '/home/asere/NASA-FSI-Arm/arm_ws/src/arm_control'
[1.525s] INFO:colcon.colcon_core.shell:Skip shell extension 'powershell' for command environment: Not usable outside of PowerShell
[1.525s] DEBUG:colcon.colcon_core.shell:Skip shell extension 'dsv' for command environment
[2.257s] DEBUG:colcon.colcon_core.event_handler.log_command:Invoking command in '/home/asere/NASA-FSI-Arm/arm_ws/src/FINAL_description': PYTHONPATH=/home/asere/NASA-FSI-Arm/arm_ws/build/FINAL_description/prefix_override:/usr/lib/python3/dist-packages/colcon_core/task/python/colcon_distutils_commands:/home/asere/NASA-FSI-Arm/arm_ws/install/FINAL_description/lib/python3.10/site-packages:${PYTHONPATH} /usr/bin/python3 -W ignore:setup.py install is deprecated -W ignore:easy_install command is deprecated setup.py egg_info --egg-base ../../build/FINAL_description build --build-base /home/asere/NASA-FSI-Arm/arm_ws/build/FINAL_description/build install --record /home/asere/NASA-FSI-Arm/arm_ws/build/FINAL_description/install.log --install-scripts $base/lib/FINAL_description --single-version-externally-managed install_data
[2.265s] DEBUG:colcon.colcon_core.event_handler.log_command:Invoking command in '/home/asere/NASA-FSI-Arm/arm_ws/src/arm_control': PYTHONPATH=/home/asere/NASA-FSI-Arm/arm_ws/build/arm_control/prefix_override:/usr/lib/python3/dist-packages/colcon_core/task/python/colcon_distutils_commands:/home/asere/NASA-FSI-Arm/arm_ws/install/arm_control/lib/python3.10/site-packages:${PYTHONPATH} /usr/bin/python3 -W ignore:setup.py install is deprecated -W ignore:easy_install command is deprecated setup.py egg_info --egg-base ../../build/arm_control build --build-base /home/asere/NASA-FSI-Arm/arm_ws/build/arm_control/build install --record /home/asere/NASA-FSI-Arm/arm_ws/build/arm_control/install.log --single-version-externally-managed
[2.626s] DEBUG:colcon.colcon_core.event_handler.log_command:Invoked command in '/home/asere/NASA-FSI-Arm/arm_ws/src/FINAL_description' returned '0': PYTHONPATH=/home/asere/NASA-FSI-Arm/arm_ws/build/FINAL_description/prefix_override:/usr/lib/python3/dist-packages/colcon_core/task/python/colcon_distutils_commands:/home/asere/NASA-FSI-Arm/arm_ws/install/FINAL_description/lib/python3.10/site-packages:${PYTHONPATH} /usr/bin/python3 -W ignore:setup.py install is deprecated -W ignore:easy_install command is deprecated setup.py egg_info --egg-base ../../build/FINAL_description build --build-base /home/asere/NASA-FSI-Arm/arm_ws/build/FINAL_description/build install --record /home/asere/NASA-FSI-Arm/arm_ws/build/FINAL_description/install.log --install-scripts $base/lib/FINAL_description --single-version-externally-managed install_data
[2.634s] Level 1:colcon.colcon_core.environment:checking '/home/asere/NASA-FSI-Arm/arm_ws/install/FINAL_description' for CMake module files
[2.635s] Level 1:colcon.colcon_core.environment:checking '/home/asere/NASA-FSI-Arm/arm_ws/install/FINAL_description' for CMake config files
[2.641s] Level 1:colcon.colcon_core.environment:checking '/home/asere/NASA-FSI-Arm/arm_ws/install/FINAL_description/lib'
[2.641s] Level 1:colcon.colcon_core.environment:checking '/home/asere/NASA-FSI-Arm/arm_ws/install/FINAL_description/bin'
[2.641s] Level 1:colcon.colcon_core.environment:checking '/home/asere/NASA-FSI-Arm/arm_ws/install/FINAL_description/lib/pkgconfig/FINAL_description.pc'
[2.642s] Level 1:colcon.colcon_core.environment:checking '/home/asere/NASA-FSI-Arm/arm_ws/install/FINAL_description/lib/python3.10/site-packages'
[2.642s] Level 1:colcon.colcon_core.shell:create_environment_hook('FINAL_description', 'pythonpath')
[2.642s] INFO:colcon.colcon_core.shell:Creating environment hook '/home/asere/NASA-FSI-Arm/arm_ws/install/FINAL_description/share/FINAL_description/hook/pythonpath.ps1'
[2.642s] INFO:colcon.colcon_core.shell:Creating environment descriptor '/home/asere/NASA-FSI-Arm/arm_ws/install/FINAL_description/share/FINAL_description/hook/pythonpath.dsv'
[2.643s] INFO:colcon.colcon_core.shell:Creating environment hook '/home/asere/NASA-FSI-Arm/arm_ws/install/FINAL_description/share/FINAL_description/hook/pythonpath.sh'
[2.643s] Level 1:colcon.colcon_core.environment:checking '/home/asere/NASA-FSI-Arm/arm_ws/install/FINAL_description/bin'
[2.643s] Level 1:colcon.colcon_core.environment:create_environment_scripts_only(FINAL_description)
[2.644s] INFO:colcon.colcon_core.shell:Creating package script '/home/asere/NASA-FSI-Arm/arm_ws/install/FINAL_description/share/FINAL_description/package.ps1'
[2.645s] INFO:colcon.colcon_core.shell:Creating package descriptor '/home/asere/NASA-FSI-Arm/arm_ws/install/FINAL_description/share/FINAL_description/package.dsv'
[2.646s] INFO:colcon.colcon_core.shell:Creating package script '/home/asere/NASA-FSI-Arm/arm_ws/install/FINAL_description/share/FINAL_description/package.sh'
[2.647s] INFO:colcon.colcon_core.shell:Creating package script '/home/asere/NASA-FSI-Arm/arm_ws/install/FINAL_description/share/FINAL_description/package.bash'
[2.648s] INFO:colcon.colcon_core.shell:Creating package script '/home/asere/NASA-FSI-Arm/arm_ws/install/FINAL_description/share/FINAL_description/package.zsh'
[2.649s] Level 1:colcon.colcon_core.environment:create_file_with_runtime_dependencies(/home/asere/NASA-FSI-Arm/arm_ws/install/FINAL_description/share/colcon-core/packages/FINAL_description)
[2.649s] INFO:colcon.colcon_ros.task.ament_cmake.build:Building ROS package in '/home/asere/NASA-FSI-Arm/arm_ws/src/FINAL_moveit' with build type 'ament_cmake'
[2.649s] INFO:colcon.colcon_cmake.task.cmake.build:Building CMake package in '/home/asere/NASA-FSI-Arm/arm_ws/src/FINAL_moveit'
[2.650s] INFO:colcon.colcon_core.shell:Skip shell extension 'powershell' for command environment: Not usable outside of PowerShell
[2.650s] DEBUG:colcon.colcon_core.shell:Skip shell extension 'dsv' for command environment
[2.655s] INFO:colcon.colcon_ros.task.ament_cmake.build:Building ROS package in '/home/asere/NASA-FSI-Arm/arm_ws/src/moveit_me' with build type 'ament_cmake'
[2.655s] INFO:colcon.colcon_cmake.task.cmake.build:Building CMake package in '/home/asere/NASA-FSI-Arm/arm_ws/src/moveit_me'
[2.656s] INFO:colcon.colcon_core.shell:Skip shell extension 'powershell' for command environment: Not usable outside of PowerShell
[2.656s] DEBUG:colcon.colcon_core.shell:Skip shell extension 'dsv' for command environment
[2.668s] Level 1:colcon.colcon_core.environment:checking '/home/asere/NASA-FSI-Arm/arm_ws/install/arm_control' for CMake module files
[2.670s] Level 1:colcon.colcon_core.environment:checking '/home/asere/NASA-FSI-Arm/arm_ws/install/arm_control' for CMake config files
[2.670s] DEBUG:colcon.colcon_core.event_handler.log_command:Invoking command in '/home/asere/NASA-FSI-Arm/arm_ws/build/FINAL_moveit': AMENT_PREFIX_PATH=/home/asere/NASA-FSI-Arm/arm_ws/install/FINAL_description:/home/asere/NASA-FSI-Arm/arm_ws/install/moveit_me:/home/asere/NASA-FSI-Arm/arm_ws/install/FINAL_moveit:/home/asere/ros2_ws/install/my_robot_bringup:/home/asere/ros2_ws/install/my_py_pkg:/home/asere/ros2_ws/install/actions_py:/home/asere/ros2_ws/install/my_robot_interfaces:/home/asere/ros2_ws/install/my_robot_description:/home/asere/ros2_ws/install/my_cpp_pkg:/home/asere/ros2_ws/install/lifecycle_py:/opt/ros/humble CMAKE_PREFIX_PATH=${CMAKE_PREFIX_PATH}:/home/asere/NASA-FSI-Arm/arm_ws/install/FINAL_description:/home/asere/ros2_ws/install/my_py_pkg:/home/asere/ros2_ws/install/actions_py:/home/asere/ros2_ws/install/lifecycle_py:/opt/ros/humble /usr/bin/cmake --build /home/asere/NASA-FSI-Arm/arm_ws/build/FINAL_moveit -- -j8 -l8
[2.671s] DEBUG:colcon.colcon_core.event_handler.log_command:Invoked command in '/home/asere/NASA-FSI-Arm/arm_ws/src/arm_control' returned '0': PYTHONPATH=/home/asere/NASA-FSI-Arm/arm_ws/build/arm_control/prefix_override:/usr/lib/python3/dist-packages/colcon_core/task/python/colcon_distutils_commands:/home/asere/NASA-FSI-Arm/arm_ws/install/arm_control/lib/python3.10/site-packages:${PYTHONPATH} /usr/bin/python3 -W ignore:setup.py install is deprecated -W ignore:easy_install command is deprecated setup.py egg_info --egg-base ../../build/arm_control build --build-base /home/asere/NASA-FSI-Arm/arm_ws/build/arm_control/build install --record /home/asere/NASA-FSI-Arm/arm_ws/build/arm_control/install.log --single-version-externally-managed
[2.671s] Level 1:colcon.colcon_core.environment:checking '/home/asere/NASA-FSI-Arm/arm_ws/install/arm_control/lib'
[2.671s] Level 1:colcon.colcon_core.environment:checking '/home/asere/NASA-FSI-Arm/arm_ws/install/arm_control/bin'
[2.671s] Level 1:colcon.colcon_core.environment:checking '/home/asere/NASA-FSI-Arm/arm_ws/install/arm_control/lib/pkgconfig/arm_control.pc'
[2.671s] Level 1:colcon.colcon_core.environment:checking '/home/asere/NASA-FSI-Arm/arm_ws/install/arm_control/lib/python3.10/site-packages'
[2.671s] Level 1:colcon.colcon_core.shell:create_environment_hook('arm_control', 'pythonpath')
[2.672s] INFO:colcon.colcon_core.shell:Creating environment hook '/home/asere/NASA-FSI-Arm/arm_ws/install/arm_control/share/arm_control/hook/pythonpath.ps1'
[2.672s] INFO:colcon.colcon_core.shell:Creating environment descriptor '/home/asere/NASA-FSI-Arm/arm_ws/install/arm_control/share/arm_control/hook/pythonpath.dsv'
[2.672s] INFO:colcon.colcon_core.shell:Creating environment hook '/home/asere/NASA-FSI-Arm/arm_ws/install/arm_control/share/arm_control/hook/pythonpath.sh'
[2.673s] Level 1:colcon.colcon_core.environment:checking '/home/asere/NASA-FSI-Arm/arm_ws/install/arm_control/bin'
[2.673s] Level 1:colcon.colcon_core.environment:create_environment_scripts_only(arm_control)
[2.673s] INFO:colcon.colcon_core.shell:Creating package script '/home/asere/NASA-FSI-Arm/arm_ws/install/arm_control/share/arm_control/package.ps1'
[2.674s] INFO:colcon.colcon_core.shell:Creating package descriptor '/home/asere/NASA-FSI-Arm/arm_ws/install/arm_control/share/arm_control/package.dsv'
[2.674s] INFO:colcon.colcon_core.shell:Creating package script '/home/asere/NASA-FSI-Arm/arm_ws/install/arm_control/share/arm_control/package.sh'
[2.675s] INFO:colcon.colcon_core.shell:Creating package script '/home/asere/NASA-FSI-Arm/arm_ws/install/arm_control/share/arm_control/package.bash'
[2.675s] INFO:colcon.colcon_core.shell:Creating package script '/home/asere/NASA-FSI-Arm/arm_ws/install/arm_control/share/arm_control/package.zsh'
[2.675s] Level 1:colcon.colcon_core.environment:create_file_with_runtime_dependencies(/home/asere/NASA-FSI-Arm/arm_ws/install/arm_control/share/colcon-core/packages/arm_control)
[2.682s] DEBUG:colcon.colcon_core.event_handler.log_command:Invoking command in '/home/asere/NASA-FSI-Arm/arm_ws/build/moveit_me': AMENT_PREFIX_PATH=/home/asere/NASA-FSI-Arm/arm_ws/install/FINAL_description:/home/asere/NASA-FSI-Arm/arm_ws/install/moveit_me:/home/asere/NASA-FSI-Arm/arm_ws/install/FINAL_moveit:/home/asere/ros2_ws/install/my_robot_bringup:/home/asere/ros2_ws/install/my_py_pkg:/home/asere/ros2_ws/install/actions_py:/home/asere/ros2_ws/install/my_robot_interfaces:/home/asere/ros2_ws/install/my_robot_description:/home/asere/ros2_ws/install/my_cpp_pkg:/home/asere/ros2_ws/install/lifecycle_py:/opt/ros/humble CMAKE_PREFIX_PATH=${CMAKE_PREFIX_PATH}:/home/asere/NASA-FSI-Arm/arm_ws/install/FINAL_description:/home/asere/ros2_ws/install/my_py_pkg:/home/asere/ros2_ws/install/actions_py:/home/asere/ros2_ws/install/lifecycle_py:/opt/ros/humble /usr/bin/cmake --build /home/asere/NASA-FSI-Arm/arm_ws/build/moveit_me -- -j8 -l8
[2.723s] DEBUG:colcon.colcon_core.event_handler.log_command:Invoked command in '/home/asere/NASA-FSI-Arm/arm_ws/build/FINAL_moveit' returned '0': AMENT_PREFIX_PATH=/home/asere/NASA-FSI-Arm/arm_ws/install/FINAL_description:/home/asere/NASA-FSI-Arm/arm_ws/install/moveit_me:/home/asere/NASA-FSI-Arm/arm_ws/install/FINAL_moveit:/home/asere/ros2_ws/install/my_robot_bringup:/home/asere/ros2_ws/install/my_py_pkg:/home/asere/ros2_ws/install/actions_py:/home/asere/ros2_ws/install/my_robot_interfaces:/home/asere/ros2_ws/install/my_robot_description:/home/asere/ros2_ws/install/my_cpp_pkg:/home/asere/ros2_ws/install/lifecycle_py:/opt/ros/humble CMAKE_PREFIX_PATH=${CMAKE_PREFIX_PATH}:/home/asere/NASA-FSI-Arm/arm_ws/install/FINAL_description:/home/asere/ros2_ws/install/my_py_pkg:/home/asere/ros2_ws/install/actions_py:/home/asere/ros2_ws/install/lifecycle_py:/opt/ros/humble /usr/bin/cmake --build /home/asere/NASA-FSI-Arm/arm_ws/build/FINAL_moveit -- -j8 -l8
[2.737s] DEBUG:colcon.colcon_core.event_handler.log_command:Invoking command in '/home/asere/NASA-FSI-Arm/arm_ws/build/FINAL_moveit': AMENT_PREFIX_PATH=/home/asere/NASA-FSI-Arm/arm_ws/install/FINAL_description:/home/asere/NASA-FSI-Arm/arm_ws/install/moveit_me:/home/asere/NASA-FSI-Arm/arm_ws/install/FINAL_moveit:/home/asere/ros2_ws/install/my_robot_bringup:/home/asere/ros2_ws/install/my_py_pkg:/home/asere/ros2_ws/install/actions_py:/home/asere/ros2_ws/install/my_robot_interfaces:/home/asere/ros2_ws/install/my_robot_description:/home/asere/ros2_ws/install/my_cpp_pkg:/home/asere/ros2_ws/install/lifecycle_py:/opt/ros/humble CMAKE_PREFIX_PATH=${CMAKE_PREFIX_PATH}:/home/asere/NASA-FSI-Arm/arm_ws/install/FINAL_description:/home/asere/ros2_ws/install/my_py_pkg:/home/asere/ros2_ws/install/actions_py:/home/asere/ros2_ws/install/lifecycle_py:/opt/ros/humble /usr/bin/cmake --install /home/asere/NASA-FSI-Arm/arm_ws/build/FINAL_moveit
[2.738s] DEBUG:colcon.colcon_core.event_handler.log_command:Invoked command in '/home/asere/NASA-FSI-Arm/arm_ws/build/moveit_me' returned '0': AMENT_PREFIX_PATH=/home/asere/NASA-FSI-Arm/arm_ws/install/FINAL_description:/home/asere/NASA-FSI-Arm/arm_ws/install/moveit_me:/home/asere/NASA-FSI-Arm/arm_ws/install/FINAL_moveit:/home/asere/ros2_ws/install/my_robot_bringup:/home/asere/ros2_ws/install/my_py_pkg:/home/asere/ros2_ws/install/actions_py:/home/asere/ros2_ws/install/my_robot_interfaces:/home/asere/ros2_ws/install/my_robot_description:/home/asere/ros2_ws/install/my_cpp_pkg:/home/asere/ros2_ws/install/lifecycle_py:/opt/ros/humble CMAKE_PREFIX_PATH=${CMAKE_PREFIX_PATH}:/home/asere/NASA-FSI-Arm/arm_ws/install/FINAL_description:/home/asere/ros2_ws/install/my_py_pkg:/home/asere/ros2_ws/install/actions_py:/home/asere/ros2_ws/install/lifecycle_py:/opt/ros/humble /usr/bin/cmake --build /home/asere/NASA-FSI-Arm/arm_ws/build/moveit_me -- -j8 -l8
[2.742s] DEBUG:colcon.colcon_core.event_handler.log_command:Invoking command in '/home/asere/NASA-FSI-Arm/arm_ws/build/moveit_me': AMENT_PREFIX_PATH=/home/asere/NASA-FSI-Arm/arm_ws/install/FINAL_description:/home/asere/NASA-FSI-Arm/arm_ws/install/moveit_me:/home/asere/NASA-FSI-Arm/arm_ws/install/FINAL_moveit:/home/asere/ros2_ws/install/my_robot_bringup:/home/asere/ros2_ws/install/my_py_pkg:/home/asere/ros2_ws/install/actions_py:/home/asere/ros2_ws/install/my_robot_interfaces:/home/asere/ros2_ws/install/my_robot_description:/home/asere/ros2_ws/install/my_cpp_pkg:/home/asere/ros2_ws/install/lifecycle_py:/opt/ros/humble CMAKE_PREFIX_PATH=${CMAKE_PREFIX_PATH}:/home/asere/NASA-FSI-Arm/arm_ws/install/FINAL_description:/home/asere/ros2_ws/install/my_py_pkg:/home/asere/ros2_ws/install/actions_py:/home/asere/ros2_ws/install/lifecycle_py:/opt/ros/humble /usr/bin/cmake --install /home/asere/NASA-FSI-Arm/arm_ws/build/moveit_me
[2.754s] Level 1:colcon.colcon_core.environment:create_environment_scripts_only(FINAL_moveit)
[2.755s] Level 1:colcon.colcon_core.environment:checking '/home/asere/NASA-FSI-Arm/arm_ws/install/FINAL_moveit' for CMake module files
[2.758s] DEBUG:colcon.colcon_core.event_handler.log_command:Invoked command in '/home/asere/NASA-FSI-Arm/arm_ws/build/FINAL_moveit' returned '0': AMENT_PREFIX_PATH=/home/asere/NASA-FSI-Arm/arm_ws/install/FINAL_description:/home/asere/NASA-FSI-Arm/arm_ws/install/moveit_me:/home/asere/NASA-FSI-Arm/arm_ws/install/FINAL_moveit:/home/asere/ros2_ws/install/my_robot_bringup:/home/asere/ros2_ws/install/my_py_pkg:/home/asere/ros2_ws/install/actions_py:/home/asere/ros2_ws/install/my_robot_interfaces:/home/asere/ros2_ws/install/my_robot_description:/home/asere/ros2_ws/install/my_cpp_pkg:/home/asere/ros2_ws/install/lifecycle_py:/opt/ros/humble CMAKE_PREFIX_PATH=${CMAKE_PREFIX_PATH}:/home/asere/NASA-FSI-Arm/arm_ws/install/FINAL_description:/home/asere/ros2_ws/install/my_py_pkg:/home/asere/ros2_ws/install/actions_py:/home/asere/ros2_ws/install/lifecycle_py:/opt/ros/humble /usr/bin/cmake --install /home/asere/NASA-FSI-Arm/arm_ws/build/FINAL_moveit
[2.759s] Level 1:colcon.colcon_core.environment:checking '/home/asere/NASA-FSI-Arm/arm_ws/install/FINAL_moveit' for CMake config files
[2.762s] Level 1:colcon.colcon_core.shell:create_environment_hook('FINAL_moveit', 'cmake_prefix_path')
[2.762s] INFO:colcon.colcon_core.shell:Creating environment hook '/home/asere/NASA-FSI-Arm/arm_ws/install/FINAL_moveit/share/FINAL_moveit/hook/cmake_prefix_path.ps1'
[2.763s] INFO:colcon.colcon_core.shell:Creating environment descriptor '/home/asere/NASA-FSI-Arm/arm_ws/install/FINAL_moveit/share/FINAL_moveit/hook/cmake_prefix_path.dsv'
[2.763s] INFO:colcon.colcon_core.shell:Creating environment hook '/home/asere/NASA-FSI-Arm/arm_ws/install/FINAL_moveit/share/FINAL_moveit/hook/cmake_prefix_path.sh'
[2.764s] Level 1:colcon.colcon_core.environment:checking '/home/asere/NASA-FSI-Arm/arm_ws/install/FINAL_moveit/bin'
[2.764s] Level 1:colcon.colcon_core.environment:checking '/home/asere/NASA-FSI-Arm/arm_ws/install/FINAL_moveit/lib/pkgconfig/FINAL_moveit.pc'
[2.764s] Level 1:colcon.colcon_core.environment:checking '/home/asere/NASA-FSI-Arm/arm_ws/install/FINAL_moveit/lib/python3.10/site-packages'
[2.764s] Level 1:colcon.colcon_core.environment:checking '/home/asere/NASA-FSI-Arm/arm_ws/install/FINAL_moveit/bin'
[2.765s] INFO:colcon.colcon_core.shell:Creating package script '/home/asere/NASA-FSI-Arm/arm_ws/install/FINAL_moveit/share/FINAL_moveit/package.ps1'
[2.765s] INFO:colcon.colcon_core.shell:Creating package descriptor '/home/asere/NASA-FSI-Arm/arm_ws/install/FINAL_moveit/share/FINAL_moveit/package.dsv'
[2.765s] INFO:colcon.colcon_core.shell:Creating package script '/home/asere/NASA-FSI-Arm/arm_ws/install/FINAL_moveit/share/FINAL_moveit/package.sh'
[2.766s] INFO:colcon.colcon_core.shell:Creating package script '/home/asere/NASA-FSI-Arm/arm_ws/install/FINAL_moveit/share/FINAL_moveit/package.bash'
[2.766s] INFO:colcon.colcon_core.shell:Creating package script '/home/asere/NASA-FSI-Arm/arm_ws/install/FINAL_moveit/share/FINAL_moveit/package.zsh'
[2.767s] Level 1:colcon.colcon_core.environment:create_file_with_runtime_dependencies(/home/asere/NASA-FSI-Arm/arm_ws/install/FINAL_moveit/share/colcon-core/packages/FINAL_moveit)
[2.767s] Level 1:colcon.colcon_core.environment:create_environment_scripts_only(FINAL_moveit)
[2.768s] Level 1:colcon.colcon_core.environment:checking '/home/asere/NASA-FSI-Arm/arm_ws/install/FINAL_moveit' for CMake module files
[2.768s] Level 1:colcon.colcon_core.environment:checking '/home/asere/NASA-FSI-Arm/arm_ws/install/FINAL_moveit' for CMake config files
[2.768s] Level 1:colcon.colcon_core.shell:create_environment_hook('FINAL_moveit', 'cmake_prefix_path')
[2.768s] INFO:colcon.colcon_core.shell:Creating environment hook '/home/asere/NASA-FSI-Arm/arm_ws/install/FINAL_moveit/share/FINAL_moveit/hook/cmake_prefix_path.ps1'
[2.769s] INFO:colcon.colcon_core.shell:Creating environment descriptor '/home/asere/NASA-FSI-Arm/arm_ws/install/FINAL_moveit/share/FINAL_moveit/hook/cmake_prefix_path.dsv'
[2.769s] INFO:colcon.colcon_core.shell:Creating environment hook '/home/asere/NASA-FSI-Arm/arm_ws/install/FINAL_moveit/share/FINAL_moveit/hook/cmake_prefix_path.sh'
[2.770s] Level 1:colcon.colcon_core.environment:checking '/home/asere/NASA-FSI-Arm/arm_ws/install/FINAL_moveit/bin'
[2.770s] Level 1:colcon.colcon_core.environment:checking '/home/asere/NASA-FSI-Arm/arm_ws/install/FINAL_moveit/lib/pkgconfig/FINAL_moveit.pc'
[2.770s] Level 1:colcon.colcon_core.environment:checking '/home/asere/NASA-FSI-Arm/arm_ws/install/FINAL_moveit/lib/python3.10/site-packages'
[2.770s] Level 1:colcon.colcon_core.environment:checking '/home/asere/NASA-FSI-Arm/arm_ws/install/FINAL_moveit/bin'
[2.770s] INFO:colcon.colcon_core.shell:Creating package script '/home/asere/NASA-FSI-Arm/arm_ws/install/FINAL_moveit/share/FINAL_moveit/package.ps1'
[2.771s] INFO:colcon.colcon_core.shell:Creating package descriptor '/home/asere/NASA-FSI-Arm/arm_ws/install/FINAL_moveit/share/FINAL_moveit/package.dsv'
[2.771s] INFO:colcon.colcon_core.shell:Creating package script '/home/asere/NASA-FSI-Arm/arm_ws/install/FINAL_moveit/share/FINAL_moveit/package.sh'
[2.772s] INFO:colcon.colcon_core.shell:Creating package script '/home/asere/NASA-FSI-Arm/arm_ws/install/FINAL_moveit/share/FINAL_moveit/package.bash'
[2.772s] INFO:colcon.colcon_core.shell:Creating package script '/home/asere/NASA-FSI-Arm/arm_ws/install/FINAL_moveit/share/FINAL_moveit/package.zsh'
[2.773s] Level 1:colcon.colcon_core.environment:create_file_with_runtime_dependencies(/home/asere/NASA-FSI-Arm/arm_ws/install/FINAL_moveit/share/colcon-core/packages/FINAL_moveit)
[2.774s] Level 1:colcon.colcon_core.environment:create_environment_scripts_only(moveit_me)
[2.774s] Level 1:colcon.colcon_core.environment:checking '/home/asere/NASA-FSI-Arm/arm_ws/install/moveit_me' for CMake module files
[2.775s] DEBUG:colcon.colcon_core.event_handler.log_command:Invoked command in '/home/asere/NASA-FSI-Arm/arm_ws/build/moveit_me' returned '0': AMENT_PREFIX_PATH=/home/asere/NASA-FSI-Arm/arm_ws/install/FINAL_description:/home/asere/NASA-FSI-Arm/arm_ws/install/moveit_me:/home/asere/NASA-FSI-Arm/arm_ws/install/FINAL_moveit:/home/asere/ros2_ws/install/my_robot_bringup:/home/asere/ros2_ws/install/my_py_pkg:/home/asere/ros2_ws/install/actions_py:/home/asere/ros2_ws/install/my_robot_interfaces:/home/asere/ros2_ws/install/my_robot_description:/home/asere/ros2_ws/install/my_cpp_pkg:/home/asere/ros2_ws/install/lifecycle_py:/opt/ros/humble CMAKE_PREFIX_PATH=${CMAKE_PREFIX_PATH}:/home/asere/NASA-FSI-Arm/arm_ws/install/FINAL_description:/home/asere/ros2_ws/install/my_py_pkg:/home/asere/ros2_ws/install/actions_py:/home/asere/ros2_ws/install/lifecycle_py:/opt/ros/humble /usr/bin/cmake --install /home/asere/NASA-FSI-Arm/arm_ws/build/moveit_me
[2.776s] Level 1:colcon.colcon_core.environment:checking '/home/asere/NASA-FSI-Arm/arm_ws/install/moveit_me' for CMake config files
[2.780s] Level 1:colcon.colcon_core.shell:create_environment_hook('moveit_me', 'cmake_prefix_path')
[2.780s] INFO:colcon.colcon_core.shell:Creating environment hook '/home/asere/NASA-FSI-Arm/arm_ws/install/moveit_me/share/moveit_me/hook/cmake_prefix_path.ps1'
[2.780s] INFO:colcon.colcon_core.shell:Creating environment descriptor '/home/asere/NASA-FSI-Arm/arm_ws/install/moveit_me/share/moveit_me/hook/cmake_prefix_path.dsv'
[2.781s] INFO:colcon.colcon_core.shell:Creating environment hook '/home/asere/NASA-FSI-Arm/arm_ws/install/moveit_me/share/moveit_me/hook/cmake_prefix_path.sh'
[2.782s] Level 1:colcon.colcon_core.environment:checking '/home/asere/NASA-FSI-Arm/arm_ws/install/moveit_me/bin'
[2.782s] Level 1:colcon.colcon_core.environment:checking '/home/asere/NASA-FSI-Arm/arm_ws/install/moveit_me/lib/pkgconfig/moveit_me.pc'
[2.782s] Level 1:colcon.colcon_core.environment:checking '/home/asere/NASA-FSI-Arm/arm_ws/install/moveit_me/lib/python3.10/site-packages'
[2.782s] Level 1:colcon.colcon_core.environment:checking '/home/asere/NASA-FSI-Arm/arm_ws/install/moveit_me/bin'
[2.782s] INFO:colcon.colcon_core.shell:Creating package script '/home/asere/NASA-FSI-Arm/arm_ws/install/moveit_me/share/moveit_me/package.ps1'
[2.783s] INFO:colcon.colcon_core.shell:Creating package descriptor '/home/asere/NASA-FSI-Arm/arm_ws/install/moveit_me/share/moveit_me/package.dsv'
[2.783s] INFO:colcon.colcon_core.shell:Creating package script '/home/asere/NASA-FSI-Arm/arm_ws/install/moveit_me/share/moveit_me/package.sh'
[2.783s] INFO:colcon.colcon_core.shell:Creating package script '/home/asere/NASA-FSI-Arm/arm_ws/install/moveit_me/share/moveit_me/package.bash'
[2.784s] INFO:colcon.colcon_core.shell:Creating package script '/home/asere/NASA-FSI-Arm/arm_ws/install/moveit_me/share/moveit_me/package.zsh'
[2.784s] Level 1:colcon.colcon_core.environment:create_file_with_runtime_dependencies(/home/asere/NASA-FSI-Arm/arm_ws/install/moveit_me/share/colcon-core/packages/moveit_me)
[2.785s] Level 1:colcon.colcon_core.environment:create_environment_scripts_only(moveit_me)
[2.785s] Level 1:colcon.colcon_core.environment:checking '/home/asere/NASA-FSI-Arm/arm_ws/install/moveit_me' for CMake module files
[2.785s] Level 1:colcon.colcon_core.environment:checking '/home/asere/NASA-FSI-Arm/arm_ws/install/moveit_me' for CMake config files
[2.786s] Level 1:colcon.colcon_core.shell:create_environment_hook('moveit_me', 'cmake_prefix_path')
[2.786s] INFO:colcon.colcon_core.shell:Creating environment hook '/home/asere/NASA-FSI-Arm/arm_ws/install/moveit_me/share/moveit_me/hook/cmake_prefix_path.ps1'
[2.787s] INFO:colcon.colcon_core.shell:Creating environment descriptor '/home/asere/NASA-FSI-Arm/arm_ws/install/moveit_me/share/moveit_me/hook/cmake_prefix_path.dsv'
[2.787s] INFO:colcon.colcon_core.shell:Creating environment hook '/home/asere/NASA-FSI-Arm/arm_ws/install/moveit_me/share/moveit_me/hook/cmake_prefix_path.sh'
[2.788s] Level 1:colcon.colcon_core.environment:checking '/home/asere/NASA-FSI-Arm/arm_ws/install/moveit_me/bin'
[2.788s] Level 1:colcon.colcon_core.environment:checking '/home/asere/NASA-FSI-Arm/arm_ws/install/moveit_me/lib/pkgconfig/moveit_me.pc'
[2.788s] Level 1:colcon.colcon_core.environment:checking '/home/asere/NASA-FSI-Arm/arm_ws/install/moveit_me/lib/python3.10/site-packages'
[2.788s] Level 1:colcon.colcon_core.environment:checking '/home/asere/NASA-FSI-Arm/arm_ws/install/moveit_me/bin'
[2.789s] INFO:colcon.colcon_core.shell:Creating package script '/home/asere/NASA-FSI-Arm/arm_ws/install/moveit_me/share/moveit_me/package.ps1'
[2.789s] INFO:colcon.colcon_core.shell:Creating package descriptor '/home/asere/NASA-FSI-Arm/arm_ws/install/moveit_me/share/moveit_me/package.dsv'
[2.790s] INFO:colcon.colcon_core.shell:Creating package script '/home/asere/NASA-FSI-Arm/arm_ws/install/moveit_me/share/moveit_me/package.sh'
[2.790s] INFO:colcon.colcon_core.shell:Creating package script '/home/asere/NASA-FSI-Arm/arm_ws/install/moveit_me/share/moveit_me/package.bash'
[2.791s] INFO:colcon.colcon_core.shell:Creating package script '/home/asere/NASA-FSI-Arm/arm_ws/install/moveit_me/share/moveit_me/package.zsh'
[2.791s] Level 1:colcon.colcon_core.environment:create_file_with_runtime_dependencies(/home/asere/NASA-FSI-Arm/arm_ws/install/moveit_me/share/colcon-core/packages/moveit_me)
[2.792s] DEBUG:colcon.colcon_parallel_executor.executor.parallel:closing loop
[2.792s] DEBUG:colcon.colcon_parallel_executor.executor.parallel:loop closed
[2.792s] DEBUG:colcon.colcon_parallel_executor.executor.parallel:run_until_complete finished with '0'
[2.792s] DEBUG:colcon.colcon_core.event_reactor:joining thread
[2.801s] INFO:colcon.colcon_core.plugin_system:Skipping extension 'colcon_notification.desktop_notification.terminal_notifier': Not used on non-Darwin systems
[2.801s] INFO:colcon.colcon_core.plugin_system:Skipping extension 'colcon_notification.desktop_notification.win32': Not used on non-Windows systems
[2.801s] INFO:colcon.colcon_notification.desktop_notification:Sending desktop notification using 'notify2'
[2.815s] DEBUG:colcon.colcon_core.event_reactor:joined thread
[2.815s] INFO:colcon.colcon_core.shell:Creating prefix script '/home/asere/NASA-FSI-Arm/arm_ws/install/local_setup.ps1'
[2.817s] INFO:colcon.colcon_core.shell:Creating prefix util module '/home/asere/NASA-FSI-Arm/arm_ws/install/_local_setup_util_ps1.py'
[2.819s] INFO:colcon.colcon_core.shell:Creating prefix chain script '/home/asere/NASA-FSI-Arm/arm_ws/install/setup.ps1'
[2.821s] INFO:colcon.colcon_core.shell:Creating prefix script '/home/asere/NASA-FSI-Arm/arm_ws/install/local_setup.sh'
[2.821s] INFO:colcon.colcon_core.shell:Creating prefix util module '/home/asere/NASA-FSI-Arm/arm_ws/install/_local_setup_util_sh.py'
[2.822s] INFO:colcon.colcon_core.shell:Creating prefix chain script '/home/asere/NASA-FSI-Arm/arm_ws/install/setup.sh'
[2.824s] INFO:colcon.colcon_core.shell:Creating prefix script '/home/asere/NASA-FSI-Arm/arm_ws/install/local_setup.bash'
[2.825s] INFO:colcon.colcon_core.shell:Creating prefix chain script '/home/asere/NASA-FSI-Arm/arm_ws/install/setup.bash'
[2.827s] INFO:colcon.colcon_core.shell:Creating prefix script '/home/asere/NASA-FSI-Arm/arm_ws/install/local_setup.zsh'
[2.828s] INFO:colcon.colcon_core.shell:Creating prefix chain script '/home/asere/NASA-FSI-Arm/arm_ws/install/setup.zsh'
