[1.186s] Invoking command in '/home/asere/NASA-FSI-Arm/arm_ws/src/FINAL_description': PYTHONPATH=/home/asere/NASA-FSI-Arm/arm_ws/build/FINAL_description/prefix_override:/usr/lib/python3/dist-packages/colcon_core/task/python/colcon_distutils_commands:/home/asere/NASA-FSI-Arm/arm_ws/install/FINAL_description/lib/python3.10/site-packages:${PYTHONPATH} /usr/bin/python3 -W ignore:setup.py install is deprecated setup.py egg_info --egg-base ../../build/FINAL_description build --build-base /home/asere/NASA-FSI-Arm/arm_ws/build/FINAL_description/build install --record /home/asere/NASA-FSI-Arm/arm_ws/build/FINAL_description/install.log --install-scripts $base/lib/FINAL_description --single-version-externally-managed install_data
[1.621s] running egg_info
[1.622s] writing ../../build/FINAL_description/FINAL_description.egg-info/PKG-INFO
[1.622s] writing dependency_links to ../../build/FINAL_description/FINAL_description.egg-info/dependency_links.txt
[1.622s] writing entry points to ../../build/FINAL_description/FINAL_description.egg-info/entry_points.txt
[1.624s] writing requirements to ../../build/FINAL_description/FINAL_description.egg-info/requires.txt
[1.624s] writing top-level names to ../../build/FINAL_description/FINAL_description.egg-info/top_level.txt
[1.627s] reading manifest file '../../build/FINAL_description/FINAL_description.egg-info/SOURCES.txt'
[1.629s] writing manifest file '../../build/FINAL_description/FINAL_description.egg-info/SOURCES.txt'
[1.630s] running build
[1.630s] running build_py
[1.630s] running install
[1.631s] running install_lib
[1.634s] running install_data
[1.636s] running install_egg_info
[1.638s] removing '/home/asere/NASA-FSI-Arm/arm_ws/install/FINAL_description/lib/python3.10/site-packages/FINAL_description-0.0.0-py3.10.egg-info' (and everything under it)
[1.639s] Copying ../../build/FINAL_description/FINAL_description.egg-info to /home/asere/NASA-FSI-Arm/arm_ws/install/FINAL_description/lib/python3.10/site-packages/FINAL_description-0.0.0-py3.10.egg-info
[1.641s] running install_scripts
[1.677s] writing list of installed files to '/home/asere/NASA-FSI-Arm/arm_ws/build/FINAL_description/install.log'
[1.713s] Invoked command in '/home/asere/NASA-FSI-Arm/arm_ws/src/FINAL_description' returned '0': PYTHONPATH=/home/asere/NASA-FSI-Arm/arm_ws/build/FINAL_description/prefix_override:/usr/lib/python3/dist-packages/colcon_core/task/python/colcon_distutils_commands:/home/asere/NASA-FSI-Arm/arm_ws/install/FINAL_description/lib/python3.10/site-packages:${PYTHONPATH} /usr/bin/python3 -W ignore:setup.py install is deprecated setup.py egg_info --egg-base ../../build/FINAL_description build --build-base /home/asere/NASA-FSI-Arm/arm_ws/build/FINAL_description/build install --record /home/asere/NASA-FSI-Arm/arm_ws/build/FINAL_description/install.log --install-scripts $base/lib/FINAL_description --single-version-externally-managed install_data
