/home/drippydel/ros2_ws/install/FINAL_description/lib/python3.10/site-packages/FINAL_description/__init__.py
/home/drippydel/ros2_ws/install/FINAL_description/lib/python3.10/site-packages/FINAL_description/__pycache__/__init__.cpython-310.pyc
/home/drippydel/ros2_ws/install/FINAL_description/share/ament_index/resource_index/packages/FINAL_description
/home/drippydel/ros2_ws/install/FINAL_description/share/FINAL_description/package.xml
/home/drippydel/ros2_ws/install/FINAL_description/share/FINAL_description/launch/gazebo.launch.py
/home/drippydel/ros2_ws/install/FINAL_description/share/FINAL_description/launch/display.launch.py
/home/drippydel/ros2_ws/install/FINAL_description/share/FINAL_description/urdf/FINAL.trans
/home/drippydel/ros2_ws/install/FINAL_description/share/FINAL_description/urdf/materials.xacro
/home/drippydel/ros2_ws/install/FINAL_description/share/FINAL_description/urdf/FINAL.xacro
/home/drippydel/ros2_ws/install/FINAL_description/share/FINAL_description/urdf/FINAL.urdf
/home/drippydel/ros2_ws/install/FINAL_description/share/FINAL_description/urdf/FINAL.gazebo
/home/drippydel/ros2_ws/install/FINAL_description/share/FINAL_description/meshes/base_link.stl
/home/drippydel/ros2_ws/install/FINAL_description/share/FINAL_description/meshes/Gear_3,_UPDATED_1.stl
/home/drippydel/ros2_ws/install/FINAL_description/share/FINAL_description/meshes/Motor_end_effector_2.stl
/home/drippydel/ros2_ws/install/FINAL_description/share/FINAL_description/meshes/End_cap_pin_links_2.stl
/home/drippydel/ros2_ws/install/FINAL_description/share/FINAL_description/meshes/End_cap_Pin_Base_1.stl
/home/drippydel/ros2_ws/install/FINAL_description/share/FINAL_description/meshes/End_cap_pin_links_1.stl
/home/drippydel/ros2_ws/install/FINAL_description/share/FINAL_description/meshes/Motor_end_effector_1.stl
/home/drippydel/ros2_ws/install/FINAL_description/share/FINAL_description/meshes/Sun_Connector_Shaft,_0.2497''_1.stl
/home/drippydel/ros2_ws/install/FINAL_description/share/FINAL_description/meshes/Gear_1_1.stl
/home/drippydel/ros2_ws/install/FINAL_description/share/FINAL_description/meshes/Pin_end_effector_1.stl
/home/drippydel/ros2_ws/install/FINAL_description/share/FINAL_description/meshes/Arm_1_1.stl
/home/drippydel/ros2_ws/install/FINAL_description/share/FINAL_description/meshes/Pin_Base_1.stl
/home/drippydel/ros2_ws/install/FINAL_description/share/FINAL_description/meshes/Base_1_Top_1.stl
/home/drippydel/ros2_ws/install/FINAL_description/share/FINAL_description/meshes/worm_1_1.stl
/home/drippydel/ros2_ws/install/FINAL_description/share/FINAL_description/meshes/Worm_3_1.stl
/home/drippydel/ros2_ws/install/FINAL_description/share/FINAL_description/meshes/Manipulator3__2__1.stl
/home/drippydel/ros2_ws/install/FINAL_description/share/FINAL_description/meshes/Pin_Links_1.stl
/home/drippydel/ros2_ws/install/FINAL_description/share/FINAL_description/meshes/End_cap_Pin_Base_2.stl
/home/drippydel/ros2_ws/install/FINAL_description/share/FINAL_description/meshes/Planetary_Gear_Arm_Connector,1_1.stl
/home/drippydel/ros2_ws/install/FINAL_description/share/FINAL_description/meshes/Motor_3_1.stl
/home/drippydel/ros2_ws/install/FINAL_description/share/FINAL_description/config/display.rviz
/home/drippydel/ros2_ws/install/FINAL_description/lib/python3.10/site-packages/FINAL_description-0.0.0-py3.10.egg-info/entry_points.txt
/home/drippydel/ros2_ws/install/FINAL_description/lib/python3.10/site-packages/FINAL_description-0.0.0-py3.10.egg-info/dependency_links.txt
/home/drippydel/ros2_ws/install/FINAL_description/lib/python3.10/site-packages/FINAL_description-0.0.0-py3.10.egg-info/requires.txt
/home/drippydel/ros2_ws/install/FINAL_description/lib/python3.10/site-packages/FINAL_description-0.0.0-py3.10.egg-info/zip-safe
/home/drippydel/ros2_ws/install/FINAL_description/lib/python3.10/site-packages/FINAL_description-0.0.0-py3.10.egg-info/PKG-INFO
/home/drippydel/ros2_ws/install/FINAL_description/lib/python3.10/site-packages/FINAL_description-0.0.0-py3.10.egg-info/top_level.txt
/home/drippydel/ros2_ws/install/FINAL_description/lib/python3.10/site-packages/FINAL_description-0.0.0-py3.10.egg-info/SOURCES.txt
