[1.844s] Invoking command in '/home/asere/NASA-FSI-Arm/arm_ws/src/FINAL_description': PYTHONPATH=/home/asere/NASA-FSI-Arm/arm_ws/build/FINAL_description/prefix_override:/usr/lib/python3/dist-packages/colcon_core/task/python/colcon_distutils_commands:/home/asere/NASA-FSI-Arm/arm_ws/install/FINAL_description/lib/python3.10/site-packages:${PYTHONPATH} /usr/bin/python3 -W ignore:setup.py install is deprecated setup.py egg_info --egg-base ../../build/FINAL_description build --build-base /home/asere/NASA-FSI-Arm/arm_ws/build/FINAL_description/build install --record /home/asere/NASA-FSI-Arm/arm_ws/build/FINAL_description/install.log --install-scripts $base/lib/FINAL_description --single-version-externally-managed install_data
[2.349s] running egg_info
[2.351s] writing ../../build/FINAL_description/FINAL_description.egg-info/PKG-INFO
[2.352s] writing dependency_links to ../../build/FINAL_description/FINAL_description.egg-info/dependency_links.txt
[2.352s] writing entry points to ../../build/FINAL_description/FINAL_description.egg-info/entry_points.txt
[2.353s] writing requirements to ../../build/FINAL_description/FINAL_description.egg-info/requires.txt
[2.353s] writing top-level names to ../../build/FINAL_description/FINAL_description.egg-info/top_level.txt
[2.366s] reading manifest file '../../build/FINAL_description/FINAL_description.egg-info/SOURCES.txt'
[2.369s] writing manifest file '../../build/FINAL_description/FINAL_description.egg-info/SOURCES.txt'
[2.369s] running build
[2.369s] running build_py
[2.369s] running install
[2.370s] running install_lib
[2.374s] running install_data
[2.375s] copying urdf/FINAL.urdf -> /home/asere/NASA-FSI-Arm/arm_ws/install/FINAL_description/share/FINAL_description/urdf
[2.375s] copying urdf/FINAL.xacro -> /home/asere/NASA-FSI-Arm/arm_ws/install/FINAL_description/share/FINAL_description/urdf
[2.377s] running install_egg_info
[2.381s] removing '/home/asere/NASA-FSI-Arm/arm_ws/install/FINAL_description/lib/python3.10/site-packages/FINAL_description-0.0.0-py3.10.egg-info' (and everything under it)
[2.381s] Copying ../../build/FINAL_description/FINAL_description.egg-info to /home/asere/NASA-FSI-Arm/arm_ws/install/FINAL_description/lib/python3.10/site-packages/FINAL_description-0.0.0-py3.10.egg-info
[2.384s] running install_scripts
[2.430s] writing list of installed files to '/home/asere/NASA-FSI-Arm/arm_ws/build/FINAL_description/install.log'
[2.472s] Invoked command in '/home/asere/NASA-FSI-Arm/arm_ws/src/FINAL_description' returned '0': PYTHONPATH=/home/asere/NASA-FSI-Arm/arm_ws/build/FINAL_description/prefix_override:/usr/lib/python3/dist-packages/colcon_core/task/python/colcon_distutils_commands:/home/asere/NASA-FSI-Arm/arm_ws/install/FINAL_description/lib/python3.10/site-packages:${PYTHONPATH} /usr/bin/python3 -W ignore:setup.py install is deprecated setup.py egg_info --egg-base ../../build/FINAL_description build --build-base /home/asere/NASA-FSI-Arm/arm_ws/build/FINAL_description/build install --record /home/asere/NASA-FSI-Arm/arm_ws/build/FINAL_description/install.log --install-scripts $base/lib/FINAL_description --single-version-externally-managed install_data
