[0.015s] Invoking command in '/home/asere/NASA-FSI-Arm/arm_ws/build/FINAL_moveit': AMENT_PREFIX_PATH=/home/asere/NASA-FSI-Arm/arm_ws/install/FINAL_description:/home/asere/NASA-FSI-Arm/arm_ws/install/moveit_me:/home/asere/NASA-FSI-Arm/arm_ws/install/arm_control:/home/asere/NASA-FSI-Arm/arm_ws/install/FINAL_moveit:/home/asere/ros2_ws/install/my_robot_bringup:/home/asere/ros2_ws/install/my_py_pkg:/home/asere/ros2_ws/install/actions_py:/home/asere/ros2_ws/install/my_robot_interfaces:/home/asere/ros2_ws/install/my_robot_description:/home/asere/ros2_ws/install/my_cpp_pkg:/home/asere/ros2_ws/install/lifecycle_py:/opt/ros/humble CMAKE_PREFIX_PATH=${CMAKE_PREFIX_PATH}:/home/asere/NASA-FSI-Arm/arm_ws/install/arm_control:/home/asere/NASA-FSI-Arm/arm_ws/install/FINAL_description:/home/asere/ros2_ws/install/my_py_pkg:/home/asere/ros2_ws/install/actions_py:/home/asere/ros2_ws/install/lifecycle_py:/opt/ros/humble PYTHONPATH=/home/asere/NASA-FSI-Arm/arm_ws/install/FINAL_description/lib/python3.10/site-packages:/home/asere/NASA-FSI-Arm/arm_ws/install/arm_control/lib/python3.10/site-packages:/home/asere/ros2_ws/build/my_py_pkg:/home/asere/ros2_ws/install/my_py_pkg/lib/python3.10/site-packages:/home/asere/ros2_ws/build/actions_py:/home/asere/ros2_ws/install/actions_py/lib/python3.10/site-packages:/home/asere/ros2_ws/install/my_robot_interfaces/local/lib/python3.10/dist-packages:/home/asere/ros2_ws/build/lifecycle_py:/home/asere/ros2_ws/install/lifecycle_py/lib/python3.10/site-packages:/opt/ros/humble/lib/python3.10/site-packages:/opt/ros/humble/local/lib/python3.10/dist-packages /usr/bin/cmake --build /home/asere/NASA-FSI-Arm/arm_ws/build/FINAL_moveit -- -j8 -l8
[0.059s] Invoked command in '/home/asere/NASA-FSI-Arm/arm_ws/build/FINAL_moveit' returned '0': AMENT_PREFIX_PATH=/home/asere/NASA-FSI-Arm/arm_ws/install/FINAL_description:/home/asere/NASA-FSI-Arm/arm_ws/install/moveit_me:/home/asere/NASA-FSI-Arm/arm_ws/install/arm_control:/home/asere/NASA-FSI-Arm/arm_ws/install/FINAL_moveit:/home/asere/ros2_ws/install/my_robot_bringup:/home/asere/ros2_ws/install/my_py_pkg:/home/asere/ros2_ws/install/actions_py:/home/asere/ros2_ws/install/my_robot_interfaces:/home/asere/ros2_ws/install/my_robot_description:/home/asere/ros2_ws/install/my_cpp_pkg:/home/asere/ros2_ws/install/lifecycle_py:/opt/ros/humble CMAKE_PREFIX_PATH=${CMAKE_PREFIX_PATH}:/home/asere/NASA-FSI-Arm/arm_ws/install/arm_control:/home/asere/NASA-FSI-Arm/arm_ws/install/FINAL_description:/home/asere/ros2_ws/install/my_py_pkg:/home/asere/ros2_ws/install/actions_py:/home/asere/ros2_ws/install/lifecycle_py:/opt/ros/humble PYTHONPATH=/home/asere/NASA-FSI-Arm/arm_ws/install/FINAL_description/lib/python3.10/site-packages:/home/asere/NASA-FSI-Arm/arm_ws/install/arm_control/lib/python3.10/site-packages:/home/asere/ros2_ws/build/my_py_pkg:/home/asere/ros2_ws/install/my_py_pkg/lib/python3.10/site-packages:/home/asere/ros2_ws/build/actions_py:/home/asere/ros2_ws/install/actions_py/lib/python3.10/site-packages:/home/asere/ros2_ws/install/my_robot_interfaces/local/lib/python3.10/dist-packages:/home/asere/ros2_ws/build/lifecycle_py:/home/asere/ros2_ws/install/lifecycle_py/lib/python3.10/site-packages:/opt/ros/humble/lib/python3.10/site-packages:/opt/ros/humble/local/lib/python3.10/dist-packages /usr/bin/cmake --build /home/asere/NASA-FSI-Arm/arm_ws/build/FINAL_moveit -- -j8 -l8
[0.072s] Invoking command in '/home/asere/NASA-FSI-Arm/arm_ws/build/FINAL_moveit': AMENT_PREFIX_PATH=/home/asere/NASA-FSI-Arm/arm_ws/install/FINAL_description:/home/asere/NASA-FSI-Arm/arm_ws/install/moveit_me:/home/asere/NASA-FSI-Arm/arm_ws/install/arm_control:/home/asere/NASA-FSI-Arm/arm_ws/install/FINAL_moveit:/home/asere/ros2_ws/install/my_robot_bringup:/home/asere/ros2_ws/install/my_py_pkg:/home/asere/ros2_ws/install/actions_py:/home/asere/ros2_ws/install/my_robot_interfaces:/home/asere/ros2_ws/install/my_robot_description:/home/asere/ros2_ws/install/my_cpp_pkg:/home/asere/ros2_ws/install/lifecycle_py:/opt/ros/humble CMAKE_PREFIX_PATH=${CMAKE_PREFIX_PATH}:/home/asere/NASA-FSI-Arm/arm_ws/install/arm_control:/home/asere/NASA-FSI-Arm/arm_ws/install/FINAL_description:/home/asere/ros2_ws/install/my_py_pkg:/home/asere/ros2_ws/install/actions_py:/home/asere/ros2_ws/install/lifecycle_py:/opt/ros/humble PYTHONPATH=/home/asere/NASA-FSI-Arm/arm_ws/install/FINAL_description/lib/python3.10/site-packages:/home/asere/NASA-FSI-Arm/arm_ws/install/arm_control/lib/python3.10/site-packages:/home/asere/ros2_ws/build/my_py_pkg:/home/asere/ros2_ws/install/my_py_pkg/lib/python3.10/site-packages:/home/asere/ros2_ws/build/actions_py:/home/asere/ros2_ws/install/actions_py/lib/python3.10/site-packages:/home/asere/ros2_ws/install/my_robot_interfaces/local/lib/python3.10/dist-packages:/home/asere/ros2_ws/build/lifecycle_py:/home/asere/ros2_ws/install/lifecycle_py/lib/python3.10/site-packages:/opt/ros/humble/lib/python3.10/site-packages:/opt/ros/humble/local/lib/python3.10/dist-packages /usr/bin/cmake --install /home/asere/NASA-FSI-Arm/arm_ws/build/FINAL_moveit
[0.079s] -- Install configuration: ""
[0.079s] -- Up-to-date: /home/asere/NASA-FSI-Arm/arm_ws/install/FINAL_moveit/share/ament_index/resource_index/package_run_dependencies/FINAL_moveit
[0.080s] -- Up-to-date: /home/asere/NASA-FSI-Arm/arm_ws/install/FINAL_moveit/share/ament_index/resource_index/parent_prefix_path/FINAL_moveit
[0.080s] -- Up-to-date: /home/asere/NASA-FSI-Arm/arm_ws/install/FINAL_moveit/share/FINAL_moveit/environment/ament_prefix_path.sh
[0.080s] -- Up-to-date: /home/asere/NASA-FSI-Arm/arm_ws/install/FINAL_moveit/share/FINAL_moveit/environment/ament_prefix_path.dsv
[0.080s] -- Up-to-date: /home/asere/NASA-FSI-Arm/arm_ws/install/FINAL_moveit/share/FINAL_moveit/environment/path.sh
[0.080s] -- Up-to-date: /home/asere/NASA-FSI-Arm/arm_ws/install/FINAL_moveit/share/FINAL_moveit/environment/path.dsv
[0.081s] -- Up-to-date: /home/asere/NASA-FSI-Arm/arm_ws/install/FINAL_moveit/share/FINAL_moveit/local_setup.bash
[0.081s] -- Up-to-date: /home/asere/NASA-FSI-Arm/arm_ws/install/FINAL_moveit/share/FINAL_moveit/local_setup.sh
[0.081s] -- Up-to-date: /home/asere/NASA-FSI-Arm/arm_ws/install/FINAL_moveit/share/FINAL_moveit/local_setup.zsh
[0.081s] -- Up-to-date: /home/asere/NASA-FSI-Arm/arm_ws/install/FINAL_moveit/share/FINAL_moveit/local_setup.dsv
[0.081s] -- Installing: /home/asere/NASA-FSI-Arm/arm_ws/install/FINAL_moveit/share/FINAL_moveit/package.dsv
[0.081s] -- Up-to-date: /home/asere/NASA-FSI-Arm/arm_ws/install/FINAL_moveit/share/ament_index/resource_index/packages/FINAL_moveit
[0.081s] -- Up-to-date: /home/asere/NASA-FSI-Arm/arm_ws/install/FINAL_moveit/share/FINAL_moveit/cmake/FINAL_moveitConfig.cmake
[0.081s] -- Up-to-date: /home/asere/NASA-FSI-Arm/arm_ws/install/FINAL_moveit/share/FINAL_moveit/cmake/FINAL_moveitConfig-version.cmake
[0.081s] -- Up-to-date: /home/asere/NASA-FSI-Arm/arm_ws/install/FINAL_moveit/share/FINAL_moveit/package.xml
[0.082s] -- Up-to-date: /home/asere/NASA-FSI-Arm/arm_ws/install/FINAL_moveit/share/FINAL_moveit/launch
[0.082s] -- Up-to-date: /home/asere/NASA-FSI-Arm/arm_ws/install/FINAL_moveit/share/FINAL_moveit/launch/spawn_controllers.launch.py
[0.082s] -- Up-to-date: /home/asere/NASA-FSI-Arm/arm_ws/install/FINAL_moveit/share/FINAL_moveit/launch/static_virtual_joint_tfs.launch.py
[0.082s] -- Up-to-date: /home/asere/NASA-FSI-Arm/arm_ws/install/FINAL_moveit/share/FINAL_moveit/launch/setup_assistant.launch.py
[0.082s] -- Up-to-date: /home/asere/NASA-FSI-Arm/arm_ws/install/FINAL_moveit/share/FINAL_moveit/launch/move_group.launch.py
[0.082s] -- Up-to-date: /home/asere/NASA-FSI-Arm/arm_ws/install/FINAL_moveit/share/FINAL_moveit/launch/moveit_rviz.launch.py
[0.082s] -- Up-to-date: /home/asere/NASA-FSI-Arm/arm_ws/install/FINAL_moveit/share/FINAL_moveit/launch/warehouse_db.launch.py
[0.082s] -- Up-to-date: /home/asere/NASA-FSI-Arm/arm_ws/install/FINAL_moveit/share/FINAL_moveit/launch/rsp.launch.py
[0.083s] -- Up-to-date: /home/asere/NASA-FSI-Arm/arm_ws/install/FINAL_moveit/share/FINAL_moveit/launch/demo.launch.py
[0.083s] -- Up-to-date: /home/asere/NASA-FSI-Arm/arm_ws/install/FINAL_moveit/share/FINAL_moveit/config
[0.083s] -- Up-to-date: /home/asere/NASA-FSI-Arm/arm_ws/install/FINAL_moveit/share/FINAL_moveit/config/ros2_controllers.yaml
[0.083s] -- Up-to-date: /home/asere/NASA-FSI-Arm/arm_ws/install/FINAL_moveit/share/FINAL_moveit/config/moveit_controllers.yaml
[0.083s] -- Up-to-date: /home/asere/NASA-FSI-Arm/arm_ws/install/FINAL_moveit/share/FINAL_moveit/config/initial_positions.yaml
[0.084s] -- Up-to-date: /home/asere/NASA-FSI-Arm/arm_ws/install/FINAL_moveit/share/FINAL_moveit/config/pilz_cartesian_limits.yaml
[0.084s] -- Up-to-date: /home/asere/NASA-FSI-Arm/arm_ws/install/FINAL_moveit/share/FINAL_moveit/config/FINAL.ros2_control.xacro
[0.084s] -- Up-to-date: /home/asere/NASA-FSI-Arm/arm_ws/install/FINAL_moveit/share/FINAL_moveit/config/FINAL.srdf
[0.085s] -- Up-to-date: /home/asere/NASA-FSI-Arm/arm_ws/install/FINAL_moveit/share/FINAL_moveit/config/moveit.rviz
[0.086s] -- Up-to-date: /home/asere/NASA-FSI-Arm/arm_ws/install/FINAL_moveit/share/FINAL_moveit/config/kinematics.yaml
[0.086s] -- Up-to-date: /home/asere/NASA-FSI-Arm/arm_ws/install/FINAL_moveit/share/FINAL_moveit/config/joint_limits.yaml
[0.086s] -- Up-to-date: /home/asere/NASA-FSI-Arm/arm_ws/install/FINAL_moveit/share/FINAL_moveit/config/FINAL.urdf.xacro
[0.086s] -- Up-to-date: /home/asere/NASA-FSI-Arm/arm_ws/install/FINAL_moveit/share/FINAL_moveit/.setup_assistant
[0.092s] Invoked command in '/home/asere/NASA-FSI-Arm/arm_ws/build/FINAL_moveit' returned '0': AMENT_PREFIX_PATH=/home/asere/NASA-FSI-Arm/arm_ws/install/FINAL_description:/home/asere/NASA-FSI-Arm/arm_ws/install/moveit_me:/home/asere/NASA-FSI-Arm/arm_ws/install/arm_control:/home/asere/NASA-FSI-Arm/arm_ws/install/FINAL_moveit:/home/asere/ros2_ws/install/my_robot_bringup:/home/asere/ros2_ws/install/my_py_pkg:/home/asere/ros2_ws/install/actions_py:/home/asere/ros2_ws/install/my_robot_interfaces:/home/asere/ros2_ws/install/my_robot_description:/home/asere/ros2_ws/install/my_cpp_pkg:/home/asere/ros2_ws/install/lifecycle_py:/opt/ros/humble CMAKE_PREFIX_PATH=${CMAKE_PREFIX_PATH}:/home/asere/NASA-FSI-Arm/arm_ws/install/arm_control:/home/asere/NASA-FSI-Arm/arm_ws/install/FINAL_description:/home/asere/ros2_ws/install/my_py_pkg:/home/asere/ros2_ws/install/actions_py:/home/asere/ros2_ws/install/lifecycle_py:/opt/ros/humble PYTHONPATH=/home/asere/NASA-FSI-Arm/arm_ws/install/FINAL_description/lib/python3.10/site-packages:/home/asere/NASA-FSI-Arm/arm_ws/install/arm_control/lib/python3.10/site-packages:/home/asere/ros2_ws/build/my_py_pkg:/home/asere/ros2_ws/install/my_py_pkg/lib/python3.10/site-packages:/home/asere/ros2_ws/build/actions_py:/home/asere/ros2_ws/install/actions_py/lib/python3.10/site-packages:/home/asere/ros2_ws/install/my_robot_interfaces/local/lib/python3.10/dist-packages:/home/asere/ros2_ws/build/lifecycle_py:/home/asere/ros2_ws/install/lifecycle_py/lib/python3.10/site-packages:/opt/ros/humble/lib/python3.10/site-packages:/opt/ros/humble/local/lib/python3.10/dist-packages /usr/bin/cmake --install /home/asere/NASA-FSI-Arm/arm_ws/build/FINAL_moveit
